#
# There is insufficient memory for the Java Runtime Environment to continue.
# Native memory allocation (malloc) failed to allocate 271936 bytes for Chunk::new
# Possible reasons:
#   The system is out of physical RAM or swap space
#   The process is running with CompressedOops enabled, and the Java Heap may be blocking the growth of the native heap
# Possible solutions:
#   Reduce memory load on the system
#   Increase physical memory or swap space
#   Check if swap backing store is full
#   Decrease Java heap size (-Xmx/-Xms)
#   Decrease number of Java threads
#   Decrease Java thread stack sizes (-Xss)
#   Set larger code cache with -XX:ReservedCodeCacheSize=
#   JVM is running with Unscaled Compressed Oops mode in which the Java heap is
#     placed in the first 4GB address space. The Java Heap base address is the
#     maximum limit for the native heap growth. Please use -XX:HeapBaseMinAddress
#     to set the Java Heap base and to place the Java Heap above 4GB virtual address.
# This output file may be truncated or incomplete.
#
#  Out of Memory Error (allocation.cpp:389), pid=27628, tid=0x00000000000032bc
#
# JRE version: Java(TM) SE Runtime Environment (8.0_231-b11) (build 1.8.0_231-b11)
# Java VM: Java HotSpot(TM) 64-Bit Server VM (25.231-b11 mixed mode windows-amd64 compressed oops)
# Failed to write core dump. Minidumps are not enabled by default on client versions of Windows
#

---------------  T H R E A D  ---------------

Current thread (0x0000000019348800):  JavaThread "C2 CompilerThread0" daemon [_thread_in_native, id=12988, stack(0x0000000019b10000,0x0000000019c10000)]

Stack: [0x0000000019b10000,0x0000000019c10000]
[error occurred during error reporting (printing stack bounds), id 0xc0000005]

Native frames: (J=compiled Java code, j=interpreted, Vv=VM code, C=native code)


Current CompileTask:
C2: 296183 18406 %     4       com.sun.tools.javac.file.ZipFileIndex$ZipDirectory::readEntry @ 102 (587 bytes)


---------------  P R O C E S S  ---------------

Java Threads: ( => current thread )
  0x000000001c5c1000 JavaThread "Cache worker for Java compile cache (E:\Android\ExpandView\.gradle\5.6.4\javaCompile)" [_thread_blocked, id=20200, stack(0x00000000291a0000,0x00000000292a0000)]
  0x000000001c5bc800 JavaThread "Cache worker for Java compile cache (C:\Users\Perry Lance\.gradle\caches\5.6.4\javaCompile)" [_thread_blocked, id=27292, stack(0x0000000028ea0000,0x0000000028fa0000)]
  0x000000001c5bd800 JavaThread "WorkerExecutor Queue Thread 9" [_thread_blocked, id=26692, stack(0x0000000028da0000,0x0000000028ea0000)]
  0x000000001c5c2000 JavaThread "RMI TCP Connection(2)-127.0.0.1" daemon [_thread_in_native, id=31812, stack(0x0000000028ca0000,0x0000000028da0000)]
  0x000000001c5c3800 JavaThread "ForkJoinPool.commonPool-worker-7" daemon [_thread_blocked, id=24288, stack(0x00000000300a0000,0x00000000301a0000)]
  0x000000001c5c0800 JavaThread "ForkJoinPool.commonPool-worker-6" daemon [_thread_blocked, id=27908, stack(0x000000002ffa0000,0x00000000300a0000)]
  0x000000001c5bf000 JavaThread "ForkJoinPool.commonPool-worker-2" daemon [_thread_blocked, id=24156, stack(0x000000002a790000,0x000000002a890000)]
  0x000000001c5be000 JavaThread "ForkJoinPool-2-worker-7" daemon [_thread_blocked, id=35292, stack(0x000000002fea0000,0x000000002ffa0000)]
  0x00000000206b7000 JavaThread "ForkJoinPool-2-worker-5" daemon [_thread_blocked, id=34352, stack(0x000000002fca0000,0x000000002fda0000)]
  0x00000000193b2800 JavaThread "ForkJoinPool-2-worker-4" daemon [_thread_blocked, id=30624, stack(0x000000002fba0000,0x000000002fca0000)]
  0x0000000024d32800 JavaThread "stdout" [_thread_in_native, id=8708, stack(0x000000002b090000,0x000000002b190000)]
  0x0000000024d30800 JavaThread "stderr" [_thread_in_native, id=25344, stack(0x000000002ad90000,0x000000002ae90000)]
  0x0000000024d2f800 JavaThread "stdout" [_thread_in_native, id=35192, stack(0x000000002ab90000,0x000000002ac90000)]
  0x0000000024d32000 JavaThread "stderr" [_thread_in_native, id=28300, stack(0x000000002aa90000,0x000000002ab90000)]
  0x0000000024d31000 JavaThread "stdout" [_thread_in_native, id=36684, stack(0x000000002a690000,0x000000002a790000)]
  0x0000000024d2f000 JavaThread "stderr" [_thread_in_native, id=25852, stack(0x000000002a590000,0x000000002a690000)]
  0x0000000024d26800 JavaThread "stdout" [_thread_in_native, id=20908, stack(0x000000002a490000,0x000000002a590000)]
  0x0000000024d2d800 JavaThread "stderr" [_thread_in_native, id=37156, stack(0x000000002a390000,0x000000002a490000)]
  0x0000000024d2c800 JavaThread "stdout" [_thread_in_native, id=5960, stack(0x000000002a290000,0x000000002a390000)]
  0x0000000024d25000 JavaThread "stderr" [_thread_in_native, id=24988, stack(0x00000000299a0000,0x0000000029aa0000)]
  0x0000000024d2b000 JavaThread "stdout" [_thread_in_native, id=34064, stack(0x00000000298a0000,0x00000000299a0000)]
  0x00000000206b4000 JavaThread "stderr" [_thread_in_native, id=12124, stack(0x0000000029620000,0x0000000029720000)]
  0x00000000206b2000 JavaThread "stdout" [_thread_in_native, id=13340, stack(0x0000000029520000,0x0000000029620000)]
  0x00000000206aa000 JavaThread "stderr" [_thread_in_native, id=28692, stack(0x0000000029420000,0x0000000029520000)]
  0x00000000206b1000 JavaThread "pool-14-thread-1" [_thread_blocked, id=21404, stack(0x0000000029320000,0x0000000029420000)]
  0x00000000206a9800 JavaThread "WorkerExecutor Queue Thread 8" [_thread_blocked, id=22216, stack(0x00000000290a0000,0x00000000291a0000)]
  0x00000000206ab800 JavaThread "WorkerExecutor Queue Thread 7" [_thread_blocked, id=28136, stack(0x0000000028fa0000,0x00000000290a0000)]
  0x00000000206a8800 JavaThread "WorkerExecutor Queue Thread 3" [_thread_blocked, id=1048, stack(0x0000000028ba0000,0x0000000028ca0000)]
  0x00000000206ad000 JavaThread "WorkerExecutor Queue" [_thread_blocked, id=17576, stack(0x00000000289a0000,0x0000000028aa0000)]
  0x00000000206ac800 JavaThread "Cache worker for execution history cache (E:\Android\ExpandView\.gradle\5.6.4\executionHistory)" [_thread_blocked, id=33900, stack(0x00000000288a0000,0x00000000289a0000)]
  0x00000000230ab000 JavaThread "Execution worker for ':' Thread 7" [_thread_in_Java, id=20064, stack(0x00000000285a0000,0x00000000286a0000)]
  0x00000000230a2000 JavaThread "Execution worker for ':' Thread 6" [_thread_blocked, id=29056, stack(0x00000000284a0000,0x00000000285a0000)]
  0x00000000230a4800 JavaThread "Execution worker for ':' Thread 5" [_thread_blocked, id=35288, stack(0x00000000283a0000,0x00000000284a0000)]
  0x00000000230a9000 JavaThread "Execution worker for ':' Thread 4" [_thread_blocked, id=36248, stack(0x00000000282a0000,0x00000000283a0000)]
  0x00000000230a8000 JavaThread "Execution worker for ':' Thread 3" [_thread_blocked, id=31236, stack(0x00000000281a0000,0x00000000282a0000)]
  0x00000000230a3800 JavaThread "Execution worker for ':' Thread 2" [_thread_blocked, id=25324, stack(0x00000000280a0000,0x00000000281a0000)]
  0x00000000230a7800 JavaThread "Execution worker for ':'" [_thread_blocked, id=22312, stack(0x0000000027fa0000,0x00000000280a0000)]
  0x00000000230a5000 JavaThread "Cache worker for file content cache (E:\Android\ExpandView\.gradle\5.6.4\fileContent)" [_thread_blocked, id=34796, stack(0x0000000024090000,0x0000000024190000)]
  0x00000000230a0800 JavaThread "Cache worker for Build Output Cleanup Cache (E:\Android\ExpandView\.gradle\buildOutputCleanup)" [_thread_blocked, id=33764, stack(0x0000000023920000,0x0000000023a20000)]
  0x00000000230a6800 JavaThread "pool-13-thread-1" [_thread_blocked, id=5268, stack(0x0000000023820000,0x0000000023920000)]
  0x00000000230a0000 JavaThread "Build operations Thread 8" [_thread_blocked, id=35612, stack(0x0000000023720000,0x0000000023820000)]
  0x00000000230a1800 JavaThread "Build operations Thread 7" [_thread_blocked, id=11528, stack(0x0000000023620000,0x0000000023720000)]
  0x000000002309f000 JavaThread "Build operations Thread 6" [_thread_blocked, id=9884, stack(0x0000000023520000,0x0000000023620000)]
  0x00000000230a3000 JavaThread "Build operations Thread 5" [_thread_blocked, id=9192, stack(0x0000000023420000,0x0000000023520000)]
  0x0000000022a1c000 JavaThread "Build operations Thread 4" [_thread_blocked, id=5776, stack(0x0000000021f30000,0x0000000022030000)]
  0x0000000022a18000 JavaThread "Build operations Thread 3" [_thread_blocked, id=27620, stack(0x0000000021be0000,0x0000000021ce0000)]
  0x0000000022a19000 JavaThread "Build operations Thread 2" [_thread_blocked, id=24148, stack(0x00000000219a0000,0x0000000021aa0000)]
  0x0000000022a1b800 JavaThread "Build operations" [_thread_blocked, id=34260, stack(0x00000000218a0000,0x00000000219a0000)]
  0x0000000022a10800 JavaThread "Cache worker for cache directory md-rule (C:\Users\Perry Lance\.gradle\caches\5.6.4\md-rule)" [_thread_blocked, id=25920, stack(0x00000000217a0000,0x00000000218a0000)]
  0x0000000022a16000 JavaThread "Cache worker for cache directory md-supplier (C:\Users\Perry Lance\.gradle\caches\5.6.4\md-supplier)" [_thread_blocked, id=25996, stack(0x0000000020250000,0x0000000020350000)]
  0x0000000022a11800 JavaThread "Cache worker for file hash cache (E:\Android\ExpandView\.gradle\5.6.4\fileHashes)" [_thread_blocked, id=32660, stack(0x000000001d3b0000,0x000000001d4b0000)]
  0x0000000022a17800 JavaThread "Thread-67" [_thread_blocked, id=30076, stack(0x000000001d2b0000,0x000000001d3b0000)]
  0x0000000022a0f000 JavaThread "Stdin handler" [_thread_blocked, id=27324, stack(0x000000001d1b0000,0x000000001d2b0000)]
  0x0000000022a14800 JavaThread "Asynchronous log dispatcher for DefaultDaemonConnection: socket connection from /127.0.0.1:53373 to /127.0.0.1:53558" [_thread_blocked, id=5452, stack(0x000000001ceb0000,0x000000001cfb0000)]
  0x0000000022a0d800 JavaThread "Daemon worker Thread 2" [_thread_blocked, id=35788, stack(0x000000001cdb0000,0x000000001ceb0000)]
  0x0000000022a12000 JavaThread "Cancel handler" [_thread_blocked, id=36128, stack(0x0000000001740000,0x0000000001840000)]
  0x0000000022a0d000 JavaThread "Handler for socket connection from /127.0.0.1:53373 to /127.0.0.1:53558" [_thread_in_native, id=13604, stack(0x0000000001640000,0x0000000001740000)]
  0x0000000022a0e800 JavaThread "Daemon Thread 2" [_thread_blocked, id=29100, stack(0x0000000001540000,0x0000000001640000)]
  0x0000000022a16800 JavaThread "RMI Reaper" [_thread_blocked, id=8020, stack(0x000000002f8a0000,0x000000002f9a0000)]
  0x0000000022a13800 JavaThread "RMI TCP Accept-0" daemon [_thread_in_native, id=30576, stack(0x000000002f7a0000,0x000000002f8a0000)]
  0x0000000022a1a800 JavaThread "GC Daemon" daemon [_thread_blocked, id=6232, stack(0x000000002ac90000,0x000000002ad90000)]
  0x00000000230ae000 JavaThread "RMI RenewClean-[127.0.0.1:17292,org.jetbrains.kotlin.daemon.common.LoopbackNetworkInterface$ClientLoopbackSocketFactory@7dcdfb6b]" daemon [_thread_blocked, id=25176, stack(0x000000002a990000,0x000000002aa90000)]
  0x00000000230ad800 JavaThread "RMI Scheduler(0)" daemon [_thread_blocked, id=25032, stack(0x00000000297a0000,0x00000000298a0000)]
  0x0000000022a19800 JavaThread "Java2D Disposer" daemon [_thread_blocked, id=24780, stack(0x0000000029f90000,0x000000002a090000)]
  0x0000000024d26000 JavaThread "Cache worker for file content cache (C:\Users\Perry Lance\.gradle\caches\5.6.4\fileContent)" [_thread_blocked, id=28532, stack(0x0000000026a60000,0x0000000026b60000)]
  0x0000000024d27800 JavaThread "Memory manager" [_thread_blocked, id=18296, stack(0x0000000025c90000,0x0000000025d90000)]
  0x00000000206a8000 JavaThread "Cache worker for execution history cache (C:\Users\Perry Lance\.gradle\caches\5.6.4\executionHistory)" [_thread_blocked, id=26784, stack(0x0000000021ae0000,0x0000000021be0000)]
  0x00000000193b3800 JavaThread "Cache worker for journal cache (C:\Users\Perry Lance\.gradle\caches\journal-1)" [_thread_blocked, id=29656, stack(0x000000001d9b0000,0x000000001dab0000)]
  0x00000000193b1000 JavaThread "File lock request listener" [_thread_in_native, id=11180, stack(0x000000001d8b0000,0x000000001d9b0000)]
  0x00000000193b5000 JavaThread "Cache worker for file hash cache (C:\Users\Perry Lance\.gradle\caches\5.6.4\fileHashes)" [_thread_blocked, id=29424, stack(0x000000001d7b0000,0x000000001d8b0000)]
  0x000000001bc6b800 JavaThread "Daemon periodic checks" [_thread_blocked, id=27664, stack(0x000000001ccb0000,0x000000001cdb0000)]
  0x000000001bc66800 JavaThread "Incoming local TCP Connector on port 53373" [_thread_in_native, id=30780, stack(0x000000001cbb0000,0x000000001ccb0000)]
  0x000000001b9d2800 JavaThread "Daemon health stats" [_thread_blocked, id=35904, stack(0x000000001c8b0000,0x000000001c9b0000)]
  0x0000000019446000 JavaThread "Service Thread" daemon [_thread_blocked, id=26928, stack(0x0000000019f10000,0x000000001a010000)]
  0x00000000193b0800 JavaThread "C1 CompilerThread3" daemon [_thread_in_vm, id=1480, stack(0x0000000019e10000,0x0000000019f10000)]
  0x00000000193aa800 JavaThread "C2 CompilerThread2" daemon [_thread_in_native, id=31944, stack(0x0000000019d10000,0x0000000019e10000)]
  0x000000001934a800 JavaThread "C2 CompilerThread1" daemon [_thread_in_native, id=21608, stack(0x0000000019c10000,0x0000000019d10000)]
=>0x0000000019348800 JavaThread "C2 CompilerThread0" daemon [_thread_in_native, id=12988, stack(0x0000000019b10000,0x0000000019c10000)]
  0x0000000019345800 JavaThread "Attach Listener" daemon [_thread_blocked, id=35936, stack(0x0000000019a10000,0x0000000019b10000)]
  0x0000000019344800 JavaThread "Signal Dispatcher" daemon [_thread_blocked, id=35056, stack(0x0000000019910000,0x0000000019a10000)]
  0x000000000376c800 JavaThread "Finalizer" daemon [_thread_blocked, id=31436, stack(0x0000000019810000,0x0000000019910000)]
  0x0000000019330800 JavaThread "Reference Handler" daemon [_thread_blocked, id=22416, stack(0x0000000019710000,0x0000000019810000)]
  0x000000000356e800 JavaThread "main" [_thread_blocked, id=34136, stack(0x0000000003570000,0x0000000003670000)]

Other Threads:
  0x000000001752a000 VMThread [stack: 0x0000000019210000,0x0000000019310000] [id=25140]
  0x0000000019458000 WatcherThread [stack: 0x000000001a010000,0x000000001a110000] [id=30852]

VM state:not at safepoint (normal execution)

VM Mutex/Monitor currently owned by a thread:  ([mutex/lock_event])
[0x000000000356cf40] CodeCache_lock - owner thread: 0x00000000193b0800
[0x000000000356d140] Patching_lock - owner thread: 0x0000000000000000

heap address: 0x00000000a0000000, size: 1536 MB, Compressed Oops mode: 32-bit
Narrow klass base: 0x0000000000000000, Narrow klass shift: 3
Compressed class space size: 1073741824 Address: 0x0000000100000000

Heap:
 PSYoungGen      total 417280K, used 14574K [0x00000000e0000000, 0x0000000100000000, 0x0000000100000000)
  eden space 303616K, 4% used [0x00000000e0000000,0x00000000e0e3b8f8,0x00000000f2880000)
  from space 113664K, 0% used [0x00000000f9100000,0x00000000f9100000,0x0000000100000000)
  to   space 107008K, 0% used [0x00000000f2880000,0x00000000f2880000,0x00000000f9100000)
 ParOldGen       total 498176K, used 85829K [0x00000000a0000000, 0x00000000be680000, 0x00000000e0000000)
  object space 498176K, 17% used [0x00000000a0000000,0x00000000a53d16a8,0x00000000be680000)
 Metaspace       used 96156K, capacity 100020K, committed 101544K, reserved 1136640K
  class space    used 12922K, capacity 13706K, committed 13992K, reserved 1048576K

Card table byte_map: [0x0000000012b30000,0x0000000012e40000] byte_map_base: 0x0000000012630000

Marking Bits: (ParMarkBitMap*) 0x0000000063086d90
 Begin Bits: [0x0000000013840000, 0x0000000015040000)
 End Bits:   [0x0000000015040000, 0x0000000016840000)

Polling page: 0x0000000001410000

CodeCache: size=245760Kb used=48051Kb max_used=49420Kb free=197708Kb
 bounds [0x0000000003770000, 0x0000000006850000, 0x0000000012770000]
 total_blobs=15821 nmethods=14812 adapters=919
 compilation: enabled

Compilation events (10 events):
Event: 296.176 Thread 0x000000001934a800 nmethod 18420 0x0000000003929990 code [0x0000000003929ae0, 0x0000000003929e18]
Event: 296.176 Thread 0x000000001934a800 18421       4       com.sun.tools.javac.file.ZipFileIndex$Entry::compareTo (9 bytes)
Event: 296.177 Thread 0x00000000193b0800 18405       2       com.sun.tools.javac.file.ZipFileIndex$Entry::setNativeTime (6 bytes)
Event: 296.177 Thread 0x00000000193b0800 nmethod 18405 0x000000000576c650 code [0x000000000576c7a0, 0x000000000576c8f0]
Event: 296.178 Thread 0x000000001934a800 nmethod 18421 0x0000000004f7ced0 code [0x0000000004f7d020, 0x0000000004f7d398]
Event: 296.178 Thread 0x000000001934a800 18422 %     4       java.util.ComparableTimSort::mergeLo @ 147 (656 bytes)
Event: 296.178 Thread 0x00000000193b0800 18418       3       com.sun.tools.javac.file.RelativePath::compareTo (12 bytes)
Event: 296.179 Thread 0x00000000193b0800 nmethod 18418 0x00000000053dfb90 code [0x00000000053dfd00, 0x00000000053dff28]
Event: 296.180 Thread 0x00000000193b0800 18414       3       com.sun.tools.javac.file.ZipFileIndex::access$700 (6 bytes)
Event: 296.180 Thread 0x00000000193b0800 nmethod 18414 0x0000000005998ad0 code [0x0000000005998c40, 0x0000000005998da8]

GC Heap History (10 events):
Event: 272.206 GC heap before
{Heap before GC invocations=22 (full 3):
 PSYoungGen      total 350720K, used 334217K [0x00000000e0000000, 0x00000000f9e00000, 0x0000000100000000)
  eden space 291840K, 100% used [0x00000000e0000000,0x00000000f1d00000,0x00000000f1d00000)
  from space 58880K, 71% used [0x00000000f5980000,0x00000000f82e27a0,0x00000000f9300000)
  to   space 61952K, 0% used [0x00000000f1d00000,0x00000000f1d00000,0x00000000f5980000)
 ParOldGen       total 328192K, used 95200K [0x00000000a0000000, 0x00000000b4080000, 0x00000000e0000000)
  object space 328192K, 29% used [0x00000000a0000000,0x00000000a5cf80a0,0x00000000b4080000)
 Metaspace       used 86709K, capacity 90680K, committed 90752K, reserved 1128448K
  class space    used 11656K, capacity 12396K, committed 12416K, reserved 1048576K
Event: 272.247 GC heap after
Heap after GC invocations=22 (full 3):
 PSYoungGen      total 353792K, used 61925K [0x00000000e0000000, 0x00000000fce80000, 0x0000000100000000)
  eden space 291840K, 0% used [0x00000000e0000000,0x00000000e0000000,0x00000000f1d00000)
  from space 61952K, 99% used [0x00000000f1d00000,0x00000000f59794b8,0x00000000f5980000)
  to   space 73216K, 0% used [0x00000000f8700000,0x00000000f8700000,0x00000000fce80000)
 ParOldGen       total 328192K, used 100679K [0x00000000a0000000, 0x00000000b4080000, 0x00000000e0000000)
  object space 328192K, 30% used [0x00000000a0000000,0x00000000a6251e90,0x00000000b4080000)
 Metaspace       used 86709K, capacity 90680K, committed 90752K, reserved 1128448K
  class space    used 11656K, capacity 12396K, committed 12416K, reserved 1048576K
}
Event: 275.192 GC heap before
{Heap before GC invocations=23 (full 3):
 PSYoungGen      total 353792K, used 353765K [0x00000000e0000000, 0x00000000fce80000, 0x0000000100000000)
  eden space 291840K, 100% used [0x00000000e0000000,0x00000000f1d00000,0x00000000f1d00000)
  from space 61952K, 99% used [0x00000000f1d00000,0x00000000f59794b8,0x00000000f5980000)
  to   space 73216K, 0% used [0x00000000f8700000,0x00000000f8700000,0x00000000fce80000)
 ParOldGen       total 328192K, used 100679K [0x00000000a0000000, 0x00000000b4080000, 0x00000000e0000000)
  object space 328192K, 30% used [0x00000000a0000000,0x00000000a6251e90,0x00000000b4080000)
 Metaspace       used 89002K, capacity 93120K, committed 93440K, reserved 1130496K
  class space    used 11980K, capacity 12746K, committed 12800K, reserved 1048576K
Event: 275.267 GC heap after
Heap after GC invocations=23 (full 3):
 PSYoungGen      total 390656K, used 70329K [0x00000000e0000000, 0x00000000fe700000, 0x0000000100000000)
  eden space 317440K, 0% used [0x00000000e0000000,0x00000000e0000000,0x00000000f3600000)
  from space 73216K, 96% used [0x00000000f8700000,0x00000000fcbae600,0x00000000fce80000)
  to   space 82944K, 0% used [0x00000000f3600000,0x00000000f3600000,0x00000000f8700000)
 ParOldGen       total 328192K, used 117165K [0x00000000a0000000, 0x00000000b4080000, 0x00000000e0000000)
  object space 328192K, 35% used [0x00000000a0000000,0x00000000a726b6c8,0x00000000b4080000)
 Metaspace       used 89002K, capacity 93120K, committed 93440K, reserved 1130496K
  class space    used 11980K, capacity 12746K, committed 12800K, reserved 1048576K
}
Event: 277.334 GC heap before
{Heap before GC invocations=24 (full 3):
 PSYoungGen      total 390656K, used 386944K [0x00000000e0000000, 0x00000000fe700000, 0x0000000100000000)
  eden space 317440K, 99% used [0x00000000e0000000,0x00000000f3531a60,0x00000000f3600000)
  from space 73216K, 96% used [0x00000000f8700000,0x00000000fcbae600,0x00000000fce80000)
  to   space 82944K, 0% used [0x00000000f3600000,0x00000000f3600000,0x00000000f8700000)
 ParOldGen       total 328192K, used 117165K [0x00000000a0000000, 0x00000000b4080000, 0x00000000e0000000)
  object space 328192K, 35% used [0x00000000a0000000,0x00000000a726b6c8,0x00000000b4080000)
 Metaspace       used 92418K, capacity 96836K, committed 97024K, reserved 1132544K
  class space    used 12498K, capacity 13304K, committed 13312K, reserved 1048576K
Event: 277.434 GC heap after
Heap after GC invocations=24 (full 3):
 PSYoungGen      total 400384K, used 82932K [0x00000000e0000000, 0x0000000100000000, 0x0000000100000000)
  eden space 317440K, 0% used [0x00000000e0000000,0x00000000e0000000,0x00000000f3600000)
  from space 82944K, 99% used [0x00000000f3600000,0x00000000f86fd0b0,0x00000000f8700000)
  to   space 113664K, 0% used [0x00000000f9100000,0x00000000f9100000,0x0000000100000000)
 ParOldGen       total 328192K, used 165336K [0x00000000a0000000, 0x00000000b4080000, 0x00000000e0000000)
  object space 328192K, 50% used [0x00000000a0000000,0x00000000aa1763d0,0x00000000b4080000)
 Metaspace       used 92418K, capacity 96836K, committed 97024K, reserved 1132544K
  class space    used 12498K, capacity 13304K, committed 13312K, reserved 1048576K
}
Event: 295.668 GC heap before
{Heap before GC invocations=25 (full 3):
 PSYoungGen      total 400384K, used 142625K [0x00000000e0000000, 0x0000000100000000, 0x0000000100000000)
  eden space 317440K, 18% used [0x00000000e0000000,0x00000000e3a4b598,0x00000000f3600000)
  from space 82944K, 99% used [0x00000000f3600000,0x00000000f86fd0b0,0x00000000f8700000)
  to   space 113664K, 0% used [0x00000000f9100000,0x00000000f9100000,0x0000000100000000)
 ParOldGen       total 328192K, used 165336K [0x00000000a0000000, 0x00000000b4080000, 0x00000000e0000000)
  object space 328192K, 50% used [0x00000000a0000000,0x00000000aa1763d0,0x00000000b4080000)
 Metaspace       used 93891K, capacity 98520K, committed 98600K, reserved 1134592K
  class space    used 12705K, capacity 13574K, committed 13608K, reserved 1048576K
Event: 295.712 GC heap after
Heap after GC invocations=25 (full 3):
 PSYoungGen      total 417280K, used 45230K [0x00000000e0000000, 0x0000000100000000, 0x0000000100000000)
  eden space 303616K, 0% used [0x00000000e0000000,0x00000000e0000000,0x00000000f2880000)
  from space 113664K, 39% used [0x00000000f9100000,0x00000000fbd2b8a0,0x0000000100000000)
  to   space 107008K, 0% used [0x00000000f2880000,0x00000000f2880000,0x00000000f9100000)
 ParOldGen       total 328192K, used 187357K [0x00000000a0000000, 0x00000000b4080000, 0x00000000e0000000)
  object space 328192K, 57% used [0x00000000a0000000,0x00000000ab6f7680,0x00000000b4080000)
 Metaspace       used 93891K, capacity 98520K, committed 98600K, reserved 1134592K
  class space    used 12705K, capacity 13574K, committed 13608K, reserved 1048576K
}
Event: 295.712 GC heap before
{Heap before GC invocations=26 (full 4):
 PSYoungGen      total 417280K, used 45230K [0x00000000e0000000, 0x0000000100000000, 0x0000000100000000)
  eden space 303616K, 0% used [0x00000000e0000000,0x00000000e0000000,0x00000000f2880000)
  from space 113664K, 39% used [0x00000000f9100000,0x00000000fbd2b8a0,0x0000000100000000)
  to   space 107008K, 0% used [0x00000000f2880000,0x00000000f2880000,0x00000000f9100000)
 ParOldGen       total 328192K, used 187357K [0x00000000a0000000, 0x00000000b4080000, 0x00000000e0000000)
  object space 328192K, 57% used [0x00000000a0000000,0x00000000ab6f7680,0x00000000b4080000)
 Metaspace       used 93891K, capacity 98520K, committed 98600K, reserved 1134592K
  class space    used 12705K, capacity 13574K, committed 13608K, reserved 1048576K
Event: 295.949 GC heap after
Heap after GC invocations=26 (full 4):
 PSYoungGen      total 417280K, used 0K [0x00000000e0000000, 0x0000000100000000, 0x0000000100000000)
  eden space 303616K, 0% used [0x00000000e0000000,0x00000000e0000000,0x00000000f2880000)
  from space 113664K, 0% used [0x00000000f9100000,0x00000000f9100000,0x0000000100000000)
  to   space 107008K, 0% used [0x00000000f2880000,0x00000000f2880000,0x00000000f9100000)
 ParOldGen       total 498176K, used 85829K [0x00000000a0000000, 0x00000000be680000, 0x00000000e0000000)
  object space 498176K, 17% used [0x00000000a0000000,0x00000000a53d16a8,0x00000000be680000)
 Metaspace       used 93427K, capacity 97266K, committed 98600K, reserved 1134592K
  class space    used 12559K, capacity 13321K, committed 13608K, reserved 1048576K
}

Deoptimization events (10 events):
Event: 277.867 Thread 0x000000001c5ca000 Uncommon trap: reason=unstable_if action=reinterpret pc=0x000000000629714c method=java.nio.Bits.copyFromArray(Ljava/lang/Object;JJJJ)V @ 18
Event: 289.821 Thread 0x000000001c5c2000 Uncommon trap: reason=class_check action=maybe_recompile pc=0x000000000455d960 method=java.lang.ThreadLocal.set(Ljava/lang/Object;)V @ 26
Event: 295.562 Thread 0x00000000230ab000 Uncommon trap: reason=class_check action=maybe_recompile pc=0x0000000004fb65b4 method=org.gradle.internal.fingerprint.classpath.impl.ClasspathFingerprintingStrategy$ClasspathContentFingerprintingVisitor.fingerprintTreeFile(Lorg/gradle/internal/snapshot/Re
Event: 295.562 Thread 0x00000000230ab000 Uncommon trap: reason=class_check action=maybe_recompile pc=0x0000000004fb65b4 method=org.gradle.internal.fingerprint.classpath.impl.ClasspathFingerprintingStrategy$ClasspathContentFingerprintingVisitor.fingerprintTreeFile(Lorg/gradle/internal/snapshot/Re
Event: 295.562 Thread 0x00000000230ab000 Uncommon trap: reason=class_check action=maybe_recompile pc=0x0000000004fb65b4 method=org.gradle.internal.fingerprint.classpath.impl.ClasspathFingerprintingStrategy$ClasspathContentFingerprintingVisitor.fingerprintTreeFile(Lorg/gradle/internal/snapshot/Re
Event: 295.563 Thread 0x00000000230ab000 Uncommon trap: reason=class_check action=maybe_recompile pc=0x0000000004fb65b4 method=org.gradle.internal.fingerprint.classpath.impl.ClasspathFingerprintingStrategy$ClasspathContentFingerprintingVisitor.fingerprintTreeFile(Lorg/gradle/internal/snapshot/Re
Event: 296.135 Thread 0x00000000230ab000 Uncommon trap: reason=unstable_if action=reinterpret pc=0x00000000058f4070 method=java.util.EnumMap.isValidKey(Ljava/lang/Object;)Z @ 16
Event: 296.156 Thread 0x00000000230ab000 Uncommon trap: reason=unstable_if action=reinterpret pc=0x00000000043a9d90 method=java.lang.StringCoding$StringDecoder.decode([BII)[C @ 20
Event: 296.180 Thread 0x00000000230ab000 Uncommon trap: reason=unstable_if action=reinterpret pc=0x0000000004f7d1b8 method=com.sun.tools.javac.file.ZipFileIndex$Entry.compareTo(Lcom/sun/tools/javac/file/ZipFileIndex$Entry;)I @ 23
Event: 296.180 Thread 0x00000000230ab000 Uncommon trap: reason=unstable_if action=reinterpret pc=0x0000000003929c64 method=com.sun.tools.javac.file.ZipFileIndex$Entry.compareTo(Lcom/sun/tools/javac/file/ZipFileIndex$Entry;)I @ 23

Classes redefined (0 events):
No events

Internal exceptions (10 events):
Event: 289.752 Thread 0x00000000230ab000 Exception <a 'java/net/ConnectException': Connection refused: connect> (0x00000000e2551360) thrown at [C:\re\workspace\8-2-build-windows-amd64-cygwin\jdk8u231\13620\hotspot\src\share\vm\prims\jni.cpp, line 736]
Event: 289.782 Thread 0x000000001c5c2800 Exception <a 'java/lang/InterruptedException'> (0x00000000e25c6518) thrown at [C:\re\workspace\8-2-build-windows-amd64-cygwin\jdk8u231\13620\hotspot\src\share\vm\runtime\objectMonitor.cpp, line 1684]
Event: 295.466 Thread 0x00000000230ab000 Exception <a 'java/lang/NoSuchMethodError': <clinit>> (0x00000000e2b5d938) thrown at [C:\re\workspace\8-2-build-windows-amd64-cygwin\jdk8u231\13620\hotspot\src\share\vm\prims\jni.cpp, line 1614]
Event: 295.466 Thread 0x00000000230ab000 Exception <a 'java/lang/NoSuchMethodError': <clinit>> (0x00000000e2b70320) thrown at [C:\re\workspace\8-2-build-windows-amd64-cygwin\jdk8u231\13620\hotspot\src\share\vm\prims\jni.cpp, line 1614]
Event: 295.477 Thread 0x00000000230a2000 Exception <a 'java/lang/NoSuchMethodError': <clinit>> (0x00000000e2d03610) thrown at [C:\re\workspace\8-2-build-windows-amd64-cygwin\jdk8u231\13620\hotspot\src\share\vm\prims\jni.cpp, line 1614]
Event: 295.483 Thread 0x00000000206a9800 Exception <a 'sun/nio/fs/WindowsException'> (0x00000000e2bc1800) thrown at [C:\re\workspace\8-2-build-windows-amd64-cygwin\jdk8u231\13620\hotspot\src\share\vm\prims\jni.cpp, line 710]
Event: 295.484 Thread 0x00000000206a9800 Exception <a 'sun/nio/fs/WindowsException'> (0x00000000e2bcdbb8) thrown at [C:\re\workspace\8-2-build-windows-amd64-cygwin\jdk8u231\13620\hotspot\src\share\vm\prims\jni.cpp, line 710]
Event: 295.484 Thread 0x00000000206a9800 Exception <a 'sun/nio/fs/WindowsException'> (0x00000000e2bce2f0) thrown at [C:\re\workspace\8-2-build-windows-amd64-cygwin\jdk8u231\13620\hotspot\src\share\vm\prims\jni.cpp, line 710]
Event: 295.484 Thread 0x00000000206a9800 Exception <a 'sun/nio/fs/WindowsException'> (0x00000000e2bceb40) thrown at [C:\re\workspace\8-2-build-windows-amd64-cygwin\jdk8u231\13620\hotspot\src\share\vm\prims\jni.cpp, line 710]
Event: 295.493 Thread 0x00000000206a8800 Exception <a 'sun/nio/fs/WindowsException'> (0x00000000e2da4d78) thrown at [C:\re\workspace\8-2-build-windows-amd64-cygwin\jdk8u231\13620\hotspot\src\share\vm\prims\jni.cpp, line 710]

Events (10 events):
Event: 296.182 Thread 0x00000000193b0800 flushing nmethod 0x00000000063b5210
Event: 296.182 Thread 0x00000000193b0800 flushing nmethod 0x00000000063b87d0
Event: 296.182 Thread 0x00000000193b0800 flushing nmethod 0x00000000063bea10
Event: 296.182 Thread 0x00000000193b0800 flushing nmethod 0x00000000063c2a90
Event: 296.182 Thread 0x00000000193b0800 flushing nmethod 0x00000000063c3790
Event: 296.182 Thread 0x00000000193b0800 flushing nmethod 0x00000000063c3ad0
Event: 296.182 Thread 0x00000000193b0800 flushing nmethod 0x00000000063c4a50
Event: 296.182 Thread 0x00000000193b0800 flushing nmethod 0x00000000063c7310
Event: 296.182 Thread 0x00000000193b0800 flushing nmethod 0x00000000063cfc10
Event: 296.182 Thread 0x00000000193b0800 flushing nmethod 0x00000000063d23d0


Dynamic libraries:
0x00007ff6186b0000 - 0x00007ff6186e7000 	C:\Program Files\Java\jdk1.8.0_231\bin\java.exe
0x00007ffc04c00000 - 0x00007ffc04df0000 	C:\Windows\SYSTEM32\ntdll.dll
0x00007ffc03d30000 - 0x00007ffc03de2000 	C:\Windows\System32\KERNEL32.DLL
0x00007ffc02680000 - 0x00007ffc02925000 	C:\Windows\System32\KERNELBASE.dll
0x00007ffc03f60000 - 0x00007ffc04003000 	C:\Windows\System32\ADVAPI32.dll
0x00007ffc03770000 - 0x00007ffc0380e000 	C:\Windows\System32\msvcrt.dll
0x00007ffc04010000 - 0x00007ffc040a7000 	C:\Windows\System32\sechost.dll
0x00007ffc02e40000 - 0x00007ffc02f60000 	C:\Windows\System32\RPCRT4.dll
0x00007ffc03880000 - 0x00007ffc03a14000 	C:\Windows\System32\USER32.dll
0x00007ffc01ed0000 - 0x00007ffc01ef1000 	C:\Windows\System32\win32u.dll
0x00007ffc02db0000 - 0x00007ffc02dd6000 	C:\Windows\System32\GDI32.dll
0x00007ffc01c30000 - 0x00007ffc01dc6000 	C:\Windows\System32\gdi32full.dll
0x00007ffc01b90000 - 0x00007ffc01c2e000 	C:\Windows\System32\msvcp_win.dll
0x00007ffc02a80000 - 0x00007ffc02b7a000 	C:\Windows\System32\ucrtbase.dll
0x00007ffbf5250000 - 0x00007ffbf54d4000 	C:\Windows\WinSxS\amd64_microsoft.windows.common-controls_6595b64144ccf1df_6.0.18362.1139_none_9e7bf2d3e4605ac6\COMCTL32.dll
0x00007ffc04880000 - 0x00007ffc04bb5000 	C:\Windows\System32\combase.dll
0x00007ffc02c30000 - 0x00007ffc02cb0000 	C:\Windows\System32\bcryptPrimitives.dll
0x00007ffc02d80000 - 0x00007ffc02dae000 	C:\Windows\System32\IMM32.DLL
0x0000000068b40000 - 0x0000000068c12000 	C:\Program Files\Java\jdk1.8.0_231\jre\bin\msvcr100.dll
0x0000000062860000 - 0x0000000063106000 	C:\Program Files\Java\jdk1.8.0_231\jre\bin\server\jvm.dll
0x00007ffc03df0000 - 0x00007ffc03df8000 	C:\Windows\System32\PSAPI.DLL
0x00007ffbe18a0000 - 0x00007ffbe18a9000 	C:\Windows\SYSTEM32\WSOCK32.dll
0x00007ffc03810000 - 0x00007ffc0387f000 	C:\Windows\System32\WS2_32.dll
0x00007ffbfe750000 - 0x00007ffbfe774000 	C:\Windows\SYSTEM32\WINMM.dll
0x00007ffbf9220000 - 0x00007ffbf922a000 	C:\Windows\SYSTEM32\VERSION.dll
0x00007ffbfe720000 - 0x00007ffbfe74d000 	C:\Windows\SYSTEM32\WINMMBASE.dll
0x00007ffc01dd0000 - 0x00007ffc01e1a000 	C:\Windows\System32\cfgmgr32.dll
0x00007ffbf0630000 - 0x00007ffbf063f000 	C:\Program Files\Java\jdk1.8.0_231\jre\bin\verify.dll
0x00007ffbe9a10000 - 0x00007ffbe9a39000 	C:\Program Files\Java\jdk1.8.0_231\jre\bin\java.dll
0x00007ffbef4f0000 - 0x00007ffbef506000 	C:\Program Files\Java\jdk1.8.0_231\jre\bin\zip.dll
0x00007ffc02f60000 - 0x00007ffc03647000 	C:\Windows\System32\SHELL32.dll
0x00007ffc036c0000 - 0x00007ffc03769000 	C:\Windows\System32\shcore.dll
0x00007ffc01f00000 - 0x00007ffc02680000 	C:\Windows\System32\windows.storage.dll
0x00007ffc01b40000 - 0x00007ffc01b63000 	C:\Windows\System32\profapi.dll
0x00007ffc01af0000 - 0x00007ffc01b3a000 	C:\Windows\System32\powrprof.dll
0x00007ffc01ac0000 - 0x00007ffc01ad0000 	C:\Windows\System32\UMPDC.dll
0x00007ffc042e0000 - 0x00007ffc04332000 	C:\Windows\System32\shlwapi.dll
0x00007ffc01ad0000 - 0x00007ffc01ae1000 	C:\Windows\System32\kernel.appcore.dll
0x00007ffc02be0000 - 0x00007ffc02bf7000 	C:\Windows\System32\cryptsp.dll
0x00007ffbee600000 - 0x00007ffbee61a000 	C:\Program Files\Java\jdk1.8.0_231\jre\bin\net.dll
0x00007ffc01310000 - 0x00007ffc01377000 	C:\Windows\system32\mswsock.dll
0x00007ffbee330000 - 0x00007ffbee342000 	C:\Program Files\Java\jdk1.8.0_231\jre\bin\nio.dll
0x00007ffbf6350000 - 0x00007ffbf6376000 	C:\Users\Perry Lance\.gradle\native\30\windows-amd64\native-platform.dll
0x00007ffbef870000 - 0x00007ffbef87d000 	C:\Program Files\Java\jdk1.8.0_231\jre\bin\management.dll
0x00007ffc00e80000 - 0x00007ffc00eb3000 	C:\Windows\system32\rsaenh.dll
0x00007ffc02c00000 - 0x00007ffc02c26000 	C:\Windows\System32\bcrypt.dll
0x00007ffc019e0000 - 0x00007ffc01a05000 	C:\Windows\SYSTEM32\USERENV.dll
0x00007ffc014e0000 - 0x00007ffc014ec000 	C:\Windows\SYSTEM32\CRYPTBASE.dll
0x00007ffc01020000 - 0x00007ffc0105a000 	C:\Windows\SYSTEM32\IPHLPAPI.DLL
0x00007ffc03bb0000 - 0x00007ffc03bb8000 	C:\Windows\System32\NSI.dll
0x00007ffbfa260000 - 0x00007ffbfa276000 	C:\Windows\SYSTEM32\dhcpcsvc6.DLL
0x00007ffbfa3e0000 - 0x00007ffbfa3fc000 	C:\Windows\SYSTEM32\dhcpcsvc.DLL
0x00007ffc01060000 - 0x00007ffc0112b000 	C:\Windows\SYSTEM32\DNSAPI.dll
0x00007ffc00b00000 - 0x00007ffc00b31000 	C:\Windows\SYSTEM32\ntmarta.dll
0x00007ffbbab40000 - 0x00007ffbbacda000 	C:\Program Files\Java\jdk1.8.0_231\jre\bin\awt.dll
0x00007ffc047b0000 - 0x00007ffc04875000 	C:\Windows\System32\OLEAUT32.dll
0x00007ffbffc30000 - 0x00007ffbffcbf000 	C:\Windows\SYSTEM32\apphelp.dll
0x00007ffc00240000 - 0x00007ffc0026d000 	C:\Windows\system32\DWMAPI.DLL
0x00007ffbffe10000 - 0x00007ffbffea9000 	C:\Windows\system32\uxtheme.dll
0x00007ffbdf1c0000 - 0x00007ffbdf1ea000 	C:\Program Files\Java\jdk1.8.0_231\jre\bin\dcpr.dll
0x00007ffbee060000 - 0x00007ffbee07e000 	C:\Users\Perry Lance\AppData\Local\Temp\native-platform6825128931271675911dir\native-platform.dll

VM Arguments:
jvm_args: -Xmx1536m -Dfile.encoding=GBK -Duser.country=CN -Duser.language=zh -Duser.variant 
java_command: org.gradle.launcher.daemon.bootstrap.GradleDaemon 5.6.4
java_class_path (initial): C:\Users\Perry Lance\.gradle\wrapper\dists\gradle-5.6.4-all\ankdp27end7byghfw1q2sw75f\gradle-5.6.4\lib\gradle-launcher-5.6.4.jar
Launcher Type: SUN_STANDARD

Environment Variables:
JAVA_HOME=C:\Program Files\Java\jdk1.8.0_231
CLASSPATH=E:\Android\ExpandView\\gradle\wrapper\gradle-wrapper.jar
PATH=C:\Program Files (x86)\Common Files\Oracle\Java\javapath;C:\Program Files (x86)\Common Files\Intel\Shared Libraries\redist\intel64\compiler;C:\Windows\system32;C:\Windows;C:\Windows\System32\Wbem;C:\Windows\System32\WindowsPowerShell\v1.0\;C:\Windows\System32\OpenSSH\;C:\Program Files\Java\jdk1.8.0_231\bin;D:\Tomcat\apache-tomcat-9.0.34\lib;D:\Tomcat\apache-tomcat-9.0.34\bin;D:\Git\cmd;D:\TortoiseSVN\bin;C:\Users\Perry Lance\AppData\Local\Microsoft\WindowsApps;D:\Microsoft VS Code\bin;C:\Users\Perry Lance\AppData\Local\GitHubDesktop\bin
USERNAME=Perry Lance
OS=Windows_NT
PROCESSOR_IDENTIFIER=Intel64 Family 6 Model 60 Stepping 3, GenuineIntel



---------------  S Y S T E M  ---------------

OS: Windows 10.0 , 64 bit Build 18362 (10.0.18362.1110)

CPU:total 8 (initial active 8) (4 cores per cpu, 2 threads per core) family 6 model 60 stepping 3, cmov, cx8, fxsr, mmx, sse, sse2, sse3, ssse3, sse4.1, sse4.2, popcnt, avx, avx2, aes, clmul, erms, lzcnt, ht, tsc, tscinvbit, bmi1, bmi2

Memory: 4k page, physical 20851672k(1989624k free), swap 57012672k(5136k free)

vm_info: Java HotSpot(TM) 64-Bit Server VM (25.231-b11) for windows-amd64 JRE (1.8.0_231-b11), built on Oct  5 2019 03:11:30 by "java_re" with MS VC++ 10.0 (VS2010)

time: Fri Oct 23 16:32:05 2020
timezone: 中国标准时间
elapsed time: 296 seconds (0d 0h 4m 56s)

