#
# There is insufficient memory for the Java Runtime Environment to continue.
# Native memory allocation (malloc) failed to allocate 1883856 bytes for Chunk::new
# Possible reasons:
#   The system is out of physical RAM or swap space
#   The process is running with CompressedOops enabled, and the Java Heap may be blocking the growth of the native heap
# Possible solutions:
#   Reduce memory load on the system
#   Increase physical memory or swap space
#   Check if swap backing store is full
#   Decrease Java heap size (-Xmx/-Xms)
#   Decrease number of Java threads
#   Decrease Java thread stack sizes (-Xss)
#   Set larger code cache with -XX:ReservedCodeCacheSize=
#   JVM is running with Unscaled Compressed Oops mode in which the Java heap is
#     placed in the first 4GB address space. The Java Heap base address is the
#     maximum limit for the native heap growth. Please use -XX:HeapBaseMinAddress
#     to set the Java Heap base and to place the Java Heap above 4GB virtual address.
# This output file may be truncated or incomplete.
#
#  Out of Memory Error (allocation.cpp:389), pid=25488, tid=0x00000000000023d8
#
# JRE version: OpenJDK Runtime Environment (8.0_242-b01) (build 1.8.0_242-release-1644-b01)
# Java VM: OpenJDK 64-Bit Server VM (25.242-b01 mixed mode windows-amd64 compressed oops)
# Failed to write core dump. Minidumps are not enabled by default on client versions of Windows
#

---------------  T H R E A D  ---------------

Current thread (0x0000000019b2d800):  JavaThread "C2 CompilerThread2" daemon [_thread_in_native, id=9176, stack(0x000000001a490000,0x000000001a590000)]

Stack: [0x000000001a490000,0x000000001a590000]
[error occurred during error reporting (printing stack bounds), id 0xc0000005]

Native frames: (J=compiled Java code, j=interpreted, Vv=VM code, C=native code)


Current CompileTask:
C2:   2335 1554       4       java.net.URLClassLoader$1::run (5 bytes)


---------------  P R O C E S S  ---------------

Java Threads: ( => current thread )
  0x000000001c6e8800 JavaThread "Cache worker for file hash cache (E:\Android\ExpandView\.gradle\6.5\fileHashes)" [_thread_blocked, id=34024, stack(0x00000000220b0000,0x00000000221b0000)]
  0x000000001c6e9800 JavaThread "Cache worker for file hash cache (C:\Users\Perry Lance\.gradle\caches\6.5\fileHashes)" [_thread_blocked, id=34124, stack(0x000000001e4e0000,0x000000001e5e0000)]
  0x000000001c6eb000 JavaThread "File lock request listener" [_thread_in_native, id=19852, stack(0x000000001e3e0000,0x000000001e4e0000)]
  0x000000001c855800 JavaThread "Cache worker for journal cache (C:\Users\Perry Lance\.gradle\caches\journal-1)" [_thread_blocked, id=14508, stack(0x000000001e2e0000,0x000000001e3e0000)]
  0x000000001c560800 JavaThread "Thread-9" [_thread_blocked, id=27536, stack(0x000000001dfe0000,0x000000001e0e0000)]
  0x000000001c565800 JavaThread "Stdin handler" [_thread_blocked, id=32444, stack(0x000000001dee0000,0x000000001dfe0000)]
  0x000000001c564800 JavaThread "Asynchronous log dispatcher for DefaultDaemonConnection: socket connection from /127.0.0.1:54608 to /127.0.0.1:54609" [_thread_blocked, id=23416, stack(0x000000001dde0000,0x000000001dee0000)]
  0x000000001c5c5000 JavaThread "Daemon worker" [_thread_in_Java, id=33780, stack(0x000000001dce0000,0x000000001dde0000)]
  0x000000001c5c4800 JavaThread "Cancel handler" [_thread_blocked, id=37484, stack(0x000000001dbe0000,0x000000001dce0000)]
  0x000000001c3ec800 JavaThread "Handler for socket connection from /127.0.0.1:54608 to /127.0.0.1:54609" [_thread_in_native, id=24600, stack(0x000000001dae0000,0x000000001dbe0000)]
  0x000000001b8b8800 JavaThread "Daemon" [_thread_blocked, id=37784, stack(0x000000001d9e0000,0x000000001dae0000)]
  0x000000001c620000 JavaThread "Daemon periodic checks" [_thread_blocked, id=3612, stack(0x000000001d6e0000,0x000000001d7e0000)]
  0x000000001b761000 JavaThread "Incoming local TCP Connector on port 54608" [_thread_in_native, id=11200, stack(0x000000001d530000,0x000000001d630000)]
  0x000000001c196800 JavaThread "Daemon health stats" [_thread_blocked, id=30148, stack(0x000000001d230000,0x000000001d330000)]
  0x0000000019bc0000 JavaThread "Service Thread" daemon [_thread_blocked, id=6708, stack(0x000000001a690000,0x000000001a790000)]
  0x0000000019b30000 JavaThread "C1 CompilerThread3" daemon [_thread_blocked, id=35792, stack(0x000000001a590000,0x000000001a690000)]
=>0x0000000019b2d800 JavaThread "C2 CompilerThread2" daemon [_thread_in_native, id=9176, stack(0x000000001a490000,0x000000001a590000)]
  0x0000000017cde800 JavaThread "C2 CompilerThread1" daemon [_thread_in_native, id=15096, stack(0x000000001a390000,0x000000001a490000)]
  0x0000000017cdc800 JavaThread "C2 CompilerThread0" daemon [_thread_in_native, id=30652, stack(0x000000001a290000,0x000000001a390000)]
  0x0000000019b10000 JavaThread "Attach Listener" daemon [_thread_blocked, id=23048, stack(0x000000001a190000,0x000000001a290000)]
  0x0000000019b0f800 JavaThread "Signal Dispatcher" daemon [_thread_blocked, id=30404, stack(0x000000001a090000,0x000000001a190000)]
  0x0000000019ab1000 JavaThread "Finalizer" daemon [_thread_blocked, id=36372, stack(0x0000000019f90000,0x000000001a090000)]
  0x0000000019ab0800 JavaThread "Reference Handler" daemon [_thread_blocked, id=37156, stack(0x0000000019e90000,0x0000000019f90000)]
  0x00000000009be000 JavaThread "main" [_thread_blocked, id=29744, stack(0x0000000002a60000,0x0000000002b60000)]

Other Threads:
  0x0000000017cc8000 VMThread [stack: 0x0000000019990000,0x0000000019a90000] [id=36856]
  0x0000000019b6b800 WatcherThread [stack: 0x000000001a790000,0x000000001a890000] [id=37028]

VM state:not at safepoint (normal execution)

VM Mutex/Monitor currently owned by a thread: None

heap address: 0x0000000080000000, size: 2048 MB, Compressed Oops mode: 32-bit
Narrow klass base: 0x0000000000000000, Narrow klass shift: 3
Compressed class space size: 1073741824 Address: 0x0000000100000000

Heap:
 PSYoungGen      total 95744K, used 46066K [0x00000000d5580000, 0x00000000dc000000, 0x0000000100000000)
  eden space 82432K, 41% used [0x00000000d5580000,0x00000000d7736908,0x00000000da600000)
  from space 13312K, 86% used [0x00000000db300000,0x00000000dbe461a0,0x00000000dc000000)
  to   space 13312K, 0% used [0x00000000da600000,0x00000000da600000,0x00000000db300000)
 ParOldGen       total 218624K, used 24K [0x0000000080000000, 0x000000008d580000, 0x00000000d5580000)
  object space 218624K, 0% used [0x0000000080000000,0x0000000080006000,0x000000008d580000)
 Metaspace       used 19758K, capacity 20476K, committed 20608K, reserved 1067008K
  class space    used 2740K, capacity 2924K, committed 2944K, reserved 1048576K

Card table byte_map: [0x0000000012020000,0x0000000012430000] byte_map_base: 0x0000000011c20000

Marking Bits: (ParMarkBitMap*) 0x00000000689ef030
 Begin Bits: [0x0000000012ee0000, 0x0000000014ee0000)
 End Bits:   [0x0000000014ee0000, 0x0000000016ee0000)

Polling page: 0x0000000000900000

CodeCache: size=245760Kb used=6296Kb max_used=6296Kb free=239463Kb
 bounds [0x0000000002c60000, 0x0000000003290000, 0x0000000011c60000]
 total_blobs=2218 nmethods=1802 adapters=329
 compilation: enabled

Compilation events (10 events):
Event: 2.295 Thread 0x0000000017cde800 nmethod 1786 0x0000000003282b10 code [0x0000000003282d20, 0x0000000003283d68]
Event: 2.295 Thread 0x0000000017cde800 1800   !   4       java.lang.ClassLoader::getPackage (118 bytes)
Event: 2.307 Thread 0x0000000019b30000 1803       3       java.lang.Enum::compareTo (44 bytes)
Event: 2.308 Thread 0x0000000019b30000 nmethod 1803 0x0000000003281e10 code [0x0000000003281fc0, 0x00000000032828c8]
Event: 2.312 Thread 0x0000000019b30000 1806       3       java.util.concurrent.locks.ReentrantLock::<init> (16 bytes)
Event: 2.312 Thread 0x0000000019b30000 nmethod 1806 0x0000000003281690 code [0x0000000003281820, 0x0000000003281c10]
Event: 2.318 Thread 0x0000000019b30000 1807       1       java.io.ExpiringCache$Entry::val (5 bytes)
Event: 2.319 Thread 0x0000000019b30000 nmethod 1807 0x00000000032813d0 code [0x0000000003281520, 0x0000000003281630]
Event: 2.321 Thread 0x0000000019b30000 1808       3       sun.nio.fs.WindowsPathParser::normalize (233 bytes)
Event: 2.325 Thread 0x0000000019b30000 nmethod 1808 0x0000000003284c50 code [0x0000000003285200, 0x0000000003289008]

GC Heap History (4 events):
Event: 1.104 GC heap before
{Heap before GC invocations=1 (full 0):
 PSYoungGen      total 95744K, used 82432K [0x00000000d5580000, 0x00000000dc000000, 0x0000000100000000)
  eden space 82432K, 100% used [0x00000000d5580000,0x00000000da600000,0x00000000da600000)
  from space 13312K, 0% used [0x00000000db300000,0x00000000db300000,0x00000000dc000000)
  to   space 13312K, 0% used [0x00000000da600000,0x00000000da600000,0x00000000db300000)
 ParOldGen       total 218624K, used 0K [0x0000000080000000, 0x000000008d580000, 0x00000000d5580000)
  object space 218624K, 0% used [0x0000000080000000,0x0000000080000000,0x000000008d580000)
 Metaspace       used 8146K, capacity 8480K, committed 8576K, reserved 1056768K
  class space    used 1033K, capacity 1143K, committed 1152K, reserved 1048576K
Event: 1.110 GC heap after
Heap after GC invocations=1 (full 0):
 PSYoungGen      total 95744K, used 6865K [0x00000000d5580000, 0x00000000dc000000, 0x0000000100000000)
  eden space 82432K, 0% used [0x00000000d5580000,0x00000000d5580000,0x00000000da600000)
  from space 13312K, 51% used [0x00000000da600000,0x00000000dacb4508,0x00000000db300000)
  to   space 13312K, 0% used [0x00000000db300000,0x00000000db300000,0x00000000dc000000)
 ParOldGen       total 218624K, used 16K [0x0000000080000000, 0x000000008d580000, 0x00000000d5580000)
  object space 218624K, 0% used [0x0000000080000000,0x0000000080004000,0x000000008d580000)
 Metaspace       used 8146K, capacity 8480K, committed 8576K, reserved 1056768K
  class space    used 1033K, capacity 1143K, committed 1152K, reserved 1048576K
}
Event: 1.970 GC heap before
{Heap before GC invocations=2 (full 0):
 PSYoungGen      total 95744K, used 89297K [0x00000000d5580000, 0x00000000dc000000, 0x0000000100000000)
  eden space 82432K, 100% used [0x00000000d5580000,0x00000000da600000,0x00000000da600000)
  from space 13312K, 51% used [0x00000000da600000,0x00000000dacb4508,0x00000000db300000)
  to   space 13312K, 0% used [0x00000000db300000,0x00000000db300000,0x00000000dc000000)
 ParOldGen       total 218624K, used 16K [0x0000000080000000, 0x000000008d580000, 0x00000000d5580000)
  object space 218624K, 0% used [0x0000000080000000,0x0000000080004000,0x000000008d580000)
 Metaspace       used 16931K, capacity 17646K, committed 17920K, reserved 1064960K
  class space    used 2283K, capacity 2481K, committed 2560K, reserved 1048576K
Event: 1.979 GC heap after
Heap after GC invocations=2 (full 0):
 PSYoungGen      total 95744K, used 11544K [0x00000000d5580000, 0x00000000dc000000, 0x0000000100000000)
  eden space 82432K, 0% used [0x00000000d5580000,0x00000000d5580000,0x00000000da600000)
  from space 13312K, 86% used [0x00000000db300000,0x00000000dbe461a0,0x00000000dc000000)
  to   space 13312K, 0% used [0x00000000da600000,0x00000000da600000,0x00000000db300000)
 ParOldGen       total 218624K, used 24K [0x0000000080000000, 0x000000008d580000, 0x00000000d5580000)
  object space 218624K, 0% used [0x0000000080000000,0x0000000080006000,0x000000008d580000)
 Metaspace       used 16931K, capacity 17646K, committed 17920K, reserved 1064960K
  class space    used 2283K, capacity 2481K, committed 2560K, reserved 1048576K
}

Deoptimization events (10 events):
Event: 1.756 Thread 0x000000001c5c5000 Uncommon trap: reason=class_check action=maybe_recompile pc=0x0000000002fa8f98 method=java.util.regex.Matcher.match(II)Z @ 86
Event: 1.756 Thread 0x000000001c5c5000 Uncommon trap: reason=class_check action=maybe_recompile pc=0x0000000002e1adcc method=java.util.regex.Matcher.match(II)Z @ 86
Event: 1.836 Thread 0x000000001c5c5000 Uncommon trap: reason=unstable_if action=reinterpret pc=0x0000000002fa7f8c method=java.io.File.getName()Ljava/lang/String; @ 16
Event: 2.000 Thread 0x000000001c5c5000 Uncommon trap: reason=unstable_if action=reinterpret pc=0x0000000002fa0670 method=java.util.LinkedHashMap.afterNodeInsertion(Z)V @ 1
Event: 2.000 Thread 0x000000001c5c5000 Uncommon trap: reason=unstable_if action=reinterpret pc=0x0000000002eec684 method=java.util.HashMap.getNode(ILjava/lang/Object;)Ljava/util/HashMap$Node; @ 129
Event: 2.000 Thread 0x000000001c5c5000 Uncommon trap: reason=bimorphic action=maybe_recompile pc=0x000000000313f4bc method=java.util.HashMap.putVal(ILjava/lang/Object;Ljava/lang/Object;ZZ)Ljava/lang/Object; @ 203
Event: 2.003 Thread 0x000000001c5c5000 Uncommon trap: reason=unstable_if action=reinterpret pc=0x0000000002ede410 method=java.util.HashMap.getNode(ILjava/lang/Object;)Ljava/util/HashMap$Node; @ 129
Event: 2.003 Thread 0x000000001c5c5000 Uncommon trap: reason=bimorphic action=maybe_recompile pc=0x000000000313f4bc method=java.util.HashMap.putVal(ILjava/lang/Object;Ljava/lang/Object;ZZ)Ljava/lang/Object; @ 203
Event: 2.044 Thread 0x000000001c5c5000 Uncommon trap: reason=unstable_if action=reinterpret pc=0x0000000003044380 method=sun.nio.cs.UTF_8$Decoder.decodeArrayLoop(Ljava/nio/ByteBuffer;Ljava/nio/CharBuffer;)Ljava/nio/charset/CoderResult; @ 110
Event: 2.103 Thread 0x000000001c5c5000 Uncommon trap: reason=unstable_if action=reinterpret pc=0x00000000031b4d0c method=java.util.jar.Attributes$Name.isDigit(C)Z @ 3

Classes redefined (0 events):
No events

Internal exceptions (10 events):
Event: 1.536 Thread 0x000000001c3ec800 Exception <a 'java/lang/NoSuchMethodError': <clinit>> (0x00000000d6c62320) thrown at [C:\src\AOSP-openjdk-git\hotspot\src\share\vm\prims\jni.cpp, line 1615]
Event: 1.545 Thread 0x000000001c3ec800 Exception <a 'java/lang/NoSuchMethodError': <clinit>> (0x00000000d6cde208) thrown at [C:\src\AOSP-openjdk-git\hotspot\src\share\vm\prims\jni.cpp, line 1615]
Event: 1.548 Thread 0x000000001c3ec800 Exception <a 'java/lang/NoSuchMethodError': <clinit>> (0x00000000d6d0d8a8) thrown at [C:\src\AOSP-openjdk-git\hotspot\src\share\vm\prims\jni.cpp, line 1615]
Event: 1.551 Thread 0x000000001c3ec800 Exception <a 'java/lang/NoSuchMethodError': <clinit>> (0x00000000d6d3bfb0) thrown at [C:\src\AOSP-openjdk-git\hotspot\src\share\vm\prims\jni.cpp, line 1615]
Event: 1.552 Thread 0x000000001c3ec800 Exception <a 'java/lang/NoSuchMethodError': <clinit>> (0x00000000d6d48428) thrown at [C:\src\AOSP-openjdk-git\hotspot\src\share\vm\prims\jni.cpp, line 1615]
Event: 1.871 Thread 0x000000001c5c5000 Exception <a 'java/lang/NoSuchMethodError': java.lang.Object.lambda$and$0(Ljava/util/function/Predicate;Ljava/lang/Object;)Z> (0x00000000d93e51e0) thrown at [C:\src\AOSP-openjdk-git\hotspot\src\share\vm\interpreter\linkResolver.cpp, line 620]
Event: 1.874 Thread 0x000000001c5c5000 Exception <a 'java/lang/IncompatibleClassChangeError': Found class java.lang.Object, but interface was expected> (0x00000000d93f54d8) thrown at [C:\src\AOSP-openjdk-git\hotspot\src\share\vm\interpreter\linkResolver.cpp, line 653]
Event: 1.876 Thread 0x000000001c5c5000 Exception <a 'java/lang/NoSuchMethodError': java.lang.Object.lambda$or$2(Ljava/util/function/Predicate;Ljava/lang/Object;)Z> (0x00000000d93fa028) thrown at [C:\src\AOSP-openjdk-git\hotspot\src\share\vm\interpreter\linkResolver.cpp, line 620]
Event: 2.033 Thread 0x000000001c5c5000 Exception <a 'java/lang/NoSuchMethodError': java.lang.Object.lambda$static$0(Lorg/gradle/internal/state/ModelObject;)Ljava/lang/String;> (0x00000000d5b81ca8) thrown at [C:\src\AOSP-openjdk-git\hotspot\src\share\vm\interpreter\linkResolver.cpp, line 620]
Event: 2.308 Thread 0x000000001c5c5000 Exception <a 'java/lang/NoSuchMethodError': java.lang.Object.lambda$static$1(Lorg/gradle/internal/snapshot/SnapshotHierarchy$DiffCapturingUpdateFunction;)Lorg/gradle/internal/snapshot/AtomicSnapshotHierarchyReference$UpdateFunction;> (0x00000000d72ed420) 

Events (10 events):
Event: 2.332 loading class kotlin/reflect/KProperty2
Event: 2.332 loading class kotlin/reflect/KProperty2 done
Event: 2.332 loading class kotlin/reflect/KMutableProperty2
Event: 2.332 loading class kotlin/reflect/KMutableProperty2 done
Event: 2.332 loading class kotlin/jvm/internal/FunctionReference
Event: 2.332 loading class kotlin/jvm/internal/FunctionReference done
Event: 2.333 loading class kotlin/reflect/jvm/internal/KDeclarationContainerImpl
Event: 2.333 loading class kotlin/reflect/jvm/internal/KDeclarationContainerImpl done
Event: 2.334 loading class kotlin/jvm/internal/ClassBasedDeclarationContainer
Event: 2.334 loading class kotlin/jvm/internal/ClassBasedDeclarationContainer done


Dynamic libraries:
0x00007ff709790000 - 0x00007ff7097c1000 	D:\Android\android-studio-ide-201.6776251-windows\android-studio\jre\bin\java.exe
0x00007ffc04c00000 - 0x00007ffc04df0000 	C:\Windows\SYSTEM32\ntdll.dll
0x00007ffc03d30000 - 0x00007ffc03de2000 	C:\Windows\System32\KERNEL32.DLL
0x00007ffc02680000 - 0x00007ffc02925000 	C:\Windows\System32\KERNELBASE.dll
0x00007ffc03f60000 - 0x00007ffc04003000 	C:\Windows\System32\ADVAPI32.dll
0x00007ffc03770000 - 0x00007ffc0380e000 	C:\Windows\System32\msvcrt.dll
0x00007ffc04010000 - 0x00007ffc040a7000 	C:\Windows\System32\sechost.dll
0x00007ffc02e40000 - 0x00007ffc02f60000 	C:\Windows\System32\RPCRT4.dll
0x00007ffc03880000 - 0x00007ffc03a14000 	C:\Windows\System32\USER32.dll
0x00007ffc01ed0000 - 0x00007ffc01ef1000 	C:\Windows\System32\win32u.dll
0x00007ffc02db0000 - 0x00007ffc02dd6000 	C:\Windows\System32\GDI32.dll
0x00007ffc01c30000 - 0x00007ffc01dc6000 	C:\Windows\System32\gdi32full.dll
0x00007ffc01b90000 - 0x00007ffc01c2e000 	C:\Windows\System32\msvcp_win.dll
0x00007ffc02a80000 - 0x00007ffc02b7a000 	C:\Windows\System32\ucrtbase.dll
0x00007ffbf5250000 - 0x00007ffbf54d4000 	C:\Windows\WinSxS\amd64_microsoft.windows.common-controls_6595b64144ccf1df_6.0.18362.1139_none_9e7bf2d3e4605ac6\COMCTL32.dll
0x00007ffc04880000 - 0x00007ffc04bb5000 	C:\Windows\System32\combase.dll
0x00007ffc02c30000 - 0x00007ffc02cb0000 	C:\Windows\System32\bcryptPrimitives.dll
0x00007ffc02d80000 - 0x00007ffc02dae000 	C:\Windows\System32\IMM32.DLL
0x0000000068c60000 - 0x0000000068d32000 	D:\Android\android-studio-ide-201.6776251-windows\android-studio\jre\jre\bin\msvcr100.dll
0x0000000068220000 - 0x0000000068a6b000 	D:\Android\android-studio-ide-201.6776251-windows\android-studio\jre\jre\bin\server\jvm.dll
0x00007ffc03df0000 - 0x00007ffc03df8000 	C:\Windows\System32\PSAPI.DLL
0x00007ffbfe750000 - 0x00007ffbfe774000 	C:\Windows\SYSTEM32\WINMM.dll
0x00007ffbf9220000 - 0x00007ffbf922a000 	C:\Windows\SYSTEM32\VERSION.dll
0x00007ffbe18a0000 - 0x00007ffbe18a9000 	C:\Windows\SYSTEM32\WSOCK32.dll
0x00007ffc03810000 - 0x00007ffc0387f000 	C:\Windows\System32\WS2_32.dll
0x00007ffbfe720000 - 0x00007ffbfe74d000 	C:\Windows\SYSTEM32\WINMMBASE.dll
0x00007ffc01dd0000 - 0x00007ffc01e1a000 	C:\Windows\System32\cfgmgr32.dll
0x00007ffbfe710000 - 0x00007ffbfe71f000 	D:\Android\android-studio-ide-201.6776251-windows\android-studio\jre\jre\bin\verify.dll
0x00007ffbf4f20000 - 0x00007ffbf4f49000 	D:\Android\android-studio-ide-201.6776251-windows\android-studio\jre\jre\bin\java.dll
0x00007ffbfe5f0000 - 0x00007ffbfe606000 	D:\Android\android-studio-ide-201.6776251-windows\android-studio\jre\jre\bin\zip.dll
0x00007ffc02f60000 - 0x00007ffc03647000 	C:\Windows\System32\SHELL32.dll
0x00007ffc036c0000 - 0x00007ffc03769000 	C:\Windows\System32\shcore.dll
0x00007ffc01f00000 - 0x00007ffc02680000 	C:\Windows\System32\windows.storage.dll
0x00007ffc01b40000 - 0x00007ffc01b63000 	C:\Windows\System32\profapi.dll
0x00007ffc01af0000 - 0x00007ffc01b3a000 	C:\Windows\System32\powrprof.dll
0x00007ffc01ac0000 - 0x00007ffc01ad0000 	C:\Windows\System32\UMPDC.dll
0x00007ffc042e0000 - 0x00007ffc04332000 	C:\Windows\System32\shlwapi.dll
0x00007ffc01ad0000 - 0x00007ffc01ae1000 	C:\Windows\System32\kernel.appcore.dll
0x00007ffc02be0000 - 0x00007ffc02bf7000 	C:\Windows\System32\cryptsp.dll
0x00007ffbfbfe0000 - 0x00007ffbfbffa000 	D:\Android\android-studio-ide-201.6776251-windows\android-studio\jre\jre\bin\net.dll
0x00007ffc01310000 - 0x00007ffc01377000 	C:\Windows\system32\mswsock.dll
0x00007ffbfbf70000 - 0x00007ffbfbf83000 	D:\Android\android-studio-ide-201.6776251-windows\android-studio\jre\jre\bin\nio.dll
0x00007ffbfbfb0000 - 0x00007ffbfbfd7000 	C:\Users\Perry Lance\.gradle\native\f6784746aeab05261644944871eae4fe03e0ef1612fff0a4a95f87b438bc6780\windows-amd64\native-platform.dll
0x00007ffbfdd20000 - 0x00007ffbfdd2d000 	D:\Android\android-studio-ide-201.6776251-windows\android-studio\jre\jre\bin\management.dll
0x00007ffc00e80000 - 0x00007ffc00eb3000 	C:\Windows\system32\rsaenh.dll
0x00007ffc02c00000 - 0x00007ffc02c26000 	C:\Windows\System32\bcrypt.dll
0x00007ffc019e0000 - 0x00007ffc01a05000 	C:\Windows\SYSTEM32\USERENV.dll
0x00007ffc014e0000 - 0x00007ffc014ec000 	C:\Windows\SYSTEM32\CRYPTBASE.dll
0x00007ffc01020000 - 0x00007ffc0105a000 	C:\Windows\SYSTEM32\IPHLPAPI.DLL
0x00007ffc03bb0000 - 0x00007ffc03bb8000 	C:\Windows\System32\NSI.dll
0x00007ffbfa260000 - 0x00007ffbfa276000 	C:\Windows\SYSTEM32\dhcpcsvc6.DLL
0x00007ffbfa3e0000 - 0x00007ffbfa3fc000 	C:\Windows\SYSTEM32\dhcpcsvc.DLL
0x00007ffc01060000 - 0x00007ffc0112b000 	C:\Windows\SYSTEM32\DNSAPI.dll
0x00007ffbfa880000 - 0x00007ffbfa88b000 	C:\Windows\SYSTEM32\WINNSI.DLL

VM Arguments:
jvm_args: -Xmx2048m -Dfile.encoding=UTF-8 -Duser.country=CN -Duser.language=zh -Duser.variant 
java_command: org.gradle.launcher.daemon.bootstrap.GradleDaemon 6.5
java_class_path (initial): C:\Users\Perry Lance\.gradle\wrapper\dists\gradle-6.5-all\2oz4ud9k3tuxjg84bbf55q0tn\gradle-6.5\lib\gradle-launcher-6.5.jar
Launcher Type: SUN_STANDARD

Environment Variables:
JAVA_HOME=C:\Program Files\Java\jdk1.8.0_231
CLASSPATH=.;C:\Program Files\Java\jdk1.8.0_231\lib;C:\Program Files\Java\jdk1.8.0_231\lib\tools.jar;D:\Tomcat\apache-tomcat-9.0.34\lib\servlet-api.jar;
PATH=C:\Program Files (x86)\Common Files\Oracle\Java\javapath;C:\Program Files (x86)\Common Files\Intel\Shared Libraries\redist\intel64\compiler;C:\Windows\system32;C:\Windows;C:\Windows\System32\Wbem;C:\Windows\System32\WindowsPowerShell\v1.0\;C:\Windows\System32\OpenSSH\;C:\Program Files\Java\jdk1.8.0_231\bin;D:\Tomcat\apache-tomcat-9.0.34\lib;D:\Tomcat\apache-tomcat-9.0.34\bin;D:\Git\cmd;D:\TortoiseSVN\bin;C:\Users\Perry Lance\AppData\Local\Microsoft\WindowsApps;D:\Microsoft VS Code\bin;C:\Users\Perry Lance\AppData\Local\GitHubDesktop\bin
USERNAME=Perry Lance
OS=Windows_NT
PROCESSOR_IDENTIFIER=Intel64 Family 6 Model 60 Stepping 3, GenuineIntel



---------------  S Y S T E M  ---------------

OS: Windows 10.0 , 64 bit Build 18362 (10.0.18362.1110)

CPU:total 8 (initial active 8) (4 cores per cpu, 2 threads per core) family 6 model 60 stepping 3, cmov, cx8, fxsr, mmx, sse, sse2, sse3, ssse3, sse4.1, sse4.2, popcnt, avx, avx2, aes, clmul, erms, lzcnt, ht, tsc, tscinvbit, bmi1, bmi2

Memory: 4k page, physical 20851672k(3990712k free), swap 57012672k(5456k free)

vm_info: OpenJDK 64-Bit Server VM (25.242-b01) for windows-amd64 JRE (1.8.0_242-release-1644-b01), built by "builder" with MS VC++ 10.0 (VS2010)

time: Fri Oct 23 17:07:53 2020
timezone: 中国标准时间
elapsed time: 2 seconds (0d 0h 0m 2s)

