#
# There is insufficient memory for the Java Runtime Environment to continue.
# Native memory allocation (malloc) failed to allocate 1263376 bytes for Chunk::new
# Possible reasons:
#   The system is out of physical RAM or swap space
#   The process is running with CompressedOops enabled, and the Java Heap may be blocking the growth of the native heap
# Possible solutions:
#   Reduce memory load on the system
#   Increase physical memory or swap space
#   Check if swap backing store is full
#   Decrease Java heap size (-Xmx/-Xms)
#   Decrease number of Java threads
#   Decrease Java thread stack sizes (-Xss)
#   Set larger code cache with -XX:ReservedCodeCacheSize=
#   JVM is running with Unscaled Compressed Oops mode in which the Java heap is
#     placed in the first 4GB address space. The Java Heap base address is the
#     maximum limit for the native heap growth. Please use -XX:HeapBaseMinAddress
#     to set the Java Heap base and to place the Java Heap above 4GB virtual address.
# This output file may be truncated or incomplete.
#
#  Out of Memory Error (allocation.cpp:389), pid=33004, tid=0x0000000000007b28
#
# JRE version: OpenJDK Runtime Environment (8.0_242-b01) (build 1.8.0_242-release-1644-b01)
# Java VM: OpenJDK 64-Bit Server VM (25.242-b01 mixed mode windows-amd64 compressed oops)
# Failed to write core dump. Minidumps are not enabled by default on client versions of Windows
#

---------------  T H R E A D  ---------------

Current thread (0x000000001a33b000):  JavaThread "C2 CompilerThread2" daemon [_thread_in_native, id=31528, stack(0x000000001aca0000,0x000000001ada0000)]

Stack: [0x000000001aca0000,0x000000001ada0000]
[error occurred during error reporting (printing stack bounds), id 0xc0000005]

Native frames: (J=compiled Java code, j=interpreted, Vv=VM code, C=native code)


Current CompileTask:
C2:   2088 1526   !   4       java.net.URLClassLoader$1::run (63 bytes)


---------------  P R O C E S S  ---------------

Java Threads: ( => current thread )
  0x000000001cf80800 JavaThread "Cache worker for file hash cache (C:\Users\Perry Lance\.gradle\caches\6.5\fileHashes)" [_thread_blocked, id=28912, stack(0x000000001ecf0000,0x000000001edf0000)]
  0x000000001cf81000 JavaThread "File lock request listener" [_thread_in_native, id=12340, stack(0x000000001ebf0000,0x000000001ecf0000)]
  0x000000001cfca800 JavaThread "Cache worker for journal cache (C:\Users\Perry Lance\.gradle\caches\journal-1)" [_thread_blocked, id=35316, stack(0x000000001eaf0000,0x000000001ebf0000)]
  0x000000001cd8d000 JavaThread "Thread-9" [_thread_blocked, id=17984, stack(0x000000001e7f0000,0x000000001e8f0000)]
  0x000000001ccec000 JavaThread "Stdin handler" [_thread_blocked, id=32392, stack(0x000000001e6f0000,0x000000001e7f0000)]
  0x000000001cd53800 JavaThread "Asynchronous log dispatcher for DefaultDaemonConnection: socket connection from /127.0.0.1:54537 to /127.0.0.1:54538" [_thread_blocked, id=31632, stack(0x000000001e5f0000,0x000000001e6f0000)]
  0x000000001cd90800 JavaThread "Daemon worker" [_thread_in_native, id=8108, stack(0x000000001e4f0000,0x000000001e5f0000)]
  0x000000001cdd8000 JavaThread "Cancel handler" [_thread_blocked, id=27800, stack(0x000000001e3f0000,0x000000001e4f0000)]
  0x000000001ccce000 JavaThread "Handler for socket connection from /127.0.0.1:54537 to /127.0.0.1:54538" [_thread_in_native, id=7548, stack(0x000000001e2f0000,0x000000001e3f0000)]
  0x000000001ccbd000 JavaThread "Daemon" [_thread_blocked, id=24552, stack(0x000000001e1f0000,0x000000001e2f0000)]
  0x000000001ccbe000 JavaThread "Daemon periodic checks" [_thread_blocked, id=12552, stack(0x000000001def0000,0x000000001dff0000)]
  0x000000001ca16000 JavaThread "Incoming local TCP Connector on port 54537" [_thread_in_native, id=32912, stack(0x000000001dd40000,0x000000001de40000)]
  0x000000001ca21800 JavaThread "Daemon health stats" [_thread_blocked, id=3224, stack(0x000000001da40000,0x000000001db40000)]
  0x000000001a3bc000 JavaThread "Service Thread" daemon [_thread_blocked, id=30304, stack(0x000000001aea0000,0x000000001afa0000)]
  0x000000001a340000 JavaThread "C1 CompilerThread3" daemon [_thread_blocked, id=6232, stack(0x000000001ada0000,0x000000001aea0000)]
=>0x000000001a33b000 JavaThread "C2 CompilerThread2" daemon [_thread_in_native, id=31528, stack(0x000000001aca0000,0x000000001ada0000)]
  0x00000000184ce800 JavaThread "C2 CompilerThread1" daemon [_thread_in_native, id=19140, stack(0x000000001aba0000,0x000000001aca0000)]
  0x00000000184cc800 JavaThread "C2 CompilerThread0" daemon [_thread_in_native, id=19936, stack(0x000000001aaa0000,0x000000001aba0000)]
  0x000000001a320000 JavaThread "Attach Listener" daemon [_thread_blocked, id=35432, stack(0x000000001a9a0000,0x000000001aaa0000)]
  0x000000001a31f800 JavaThread "Signal Dispatcher" daemon [_thread_blocked, id=23128, stack(0x000000001a8a0000,0x000000001a9a0000)]
  0x000000001a2c1000 JavaThread "Finalizer" daemon [_thread_blocked, id=27548, stack(0x000000001a7a0000,0x000000001a8a0000)]
  0x000000001a2c0800 JavaThread "Reference Handler" daemon [_thread_blocked, id=28472, stack(0x000000001a6a0000,0x000000001a7a0000)]
  0x000000000324e000 JavaThread "main" [_thread_blocked, id=30788, stack(0x0000000003250000,0x0000000003350000)]

Other Threads:
  0x00000000184b8000 VMThread [stack: 0x000000001a1a0000,0x000000001a2a0000] [id=12272]
  0x000000001a3be000 WatcherThread [stack: 0x000000001afa0000,0x000000001b0a0000] [id=32732]

VM state:not at safepoint (normal execution)

VM Mutex/Monitor currently owned by a thread: None

heap address: 0x0000000080000000, size: 2048 MB, Compressed Oops mode: 32-bit
Narrow klass base: 0x0000000000000000, Narrow klass shift: 3
Compressed class space size: 1073741824 Address: 0x0000000100000000

Heap:
 PSYoungGen      total 95744K, used 16860K [0x00000000d5580000, 0x00000000dc000000, 0x0000000100000000)
  eden space 82432K, 6% used [0x00000000d5580000,0x00000000d5ab7c78,0x00000000da600000)
  from space 13312K, 86% used [0x00000000db300000,0x00000000dbe3f5a8,0x00000000dc000000)
  to   space 13312K, 0% used [0x00000000da600000,0x00000000da600000,0x00000000db300000)
 ParOldGen       total 218624K, used 24K [0x0000000080000000, 0x000000008d580000, 0x00000000d5580000)
  object space 218624K, 0% used [0x0000000080000000,0x0000000080006000,0x000000008d580000)
 Metaspace       used 17201K, capacity 17868K, committed 18176K, reserved 1064960K
  class space    used 2338K, capacity 2502K, committed 2560K, reserved 1048576K

Card table byte_map: [0x0000000012810000,0x0000000012c20000] byte_map_base: 0x0000000012410000

Marking Bits: (ParMarkBitMap*) 0x00000000689ef030
 Begin Bits: [0x00000000136d0000, 0x00000000156d0000)
 End Bits:   [0x00000000156d0000, 0x00000000176d0000)

Polling page: 0x0000000000df0000

CodeCache: size=245760Kb used=5661Kb max_used=5661Kb free=240098Kb
 bounds [0x0000000003450000, 0x00000000039e0000, 0x0000000012450000]
 total_blobs=1972 nmethods=1571 adapters=314
 compilation: enabled

Compilation events (10 events):
Event: 2.075 Thread 0x000000001a340000 nmethod 1571 0x00000000039d8a10 code [0x00000000039d8d60, 0x00000000039da8d8]
Event: 2.078 Thread 0x000000001a340000 1572       3       java.lang.Throwable::<init> (39 bytes)
Event: 2.079 Thread 0x000000001a340000 nmethod 1572 0x00000000039d2750 code [0x00000000039d28c0, 0x00000000039d2bc8]
Event: 2.079 Thread 0x000000001a340000 1573       3       org.gradle.internal.service.DefaultServiceRegistry$SingletonService::getService (18 bytes)
Event: 2.079 Thread 0x000000001a340000 nmethod 1573 0x00000000039d2250 code [0x00000000039d23e0, 0x00000000039d2658]
Event: 2.079 Thread 0x000000001a340000 1574       3       org.gradle.internal.service.DefaultServiceRegistry::access$1200 (6 bytes)
Event: 2.079 Thread 0x000000001a340000 nmethod 1574 0x00000000039d1ed0 code [0x00000000039d2040, 0x00000000039d21a8]
Event: 2.082 Thread 0x000000001a340000 1575       3       java.util.concurrent.locks.AbstractQueuedSynchronizer::setState (6 bytes)
Event: 2.082 Thread 0x000000001a340000 nmethod 1575 0x00000000039d1bd0 code [0x00000000039d1d20, 0x00000000039d1e70]
Event: 2.085 Thread 0x00000000184ce800 1576   !   4       java.util.concurrent.ConcurrentHashMap::putVal (362 bytes)

GC Heap History (4 events):
Event: 1.047 GC heap before
{Heap before GC invocations=1 (full 0):
 PSYoungGen      total 95744K, used 82432K [0x00000000d5580000, 0x00000000dc000000, 0x0000000100000000)
  eden space 82432K, 100% used [0x00000000d5580000,0x00000000da600000,0x00000000da600000)
  from space 13312K, 0% used [0x00000000db300000,0x00000000db300000,0x00000000dc000000)
  to   space 13312K, 0% used [0x00000000da600000,0x00000000da600000,0x00000000db300000)
 ParOldGen       total 218624K, used 0K [0x0000000080000000, 0x000000008d580000, 0x00000000d5580000)
  object space 218624K, 0% used [0x0000000080000000,0x0000000080000000,0x000000008d580000)
 Metaspace       used 8152K, capacity 8480K, committed 8576K, reserved 1056768K
  class space    used 1033K, capacity 1143K, committed 1152K, reserved 1048576K
Event: 1.053 GC heap after
Heap after GC invocations=1 (full 0):
 PSYoungGen      total 95744K, used 6814K [0x00000000d5580000, 0x00000000dc000000, 0x0000000100000000)
  eden space 82432K, 0% used [0x00000000d5580000,0x00000000d5580000,0x00000000da600000)
  from space 13312K, 51% used [0x00000000da600000,0x00000000daca79a8,0x00000000db300000)
  to   space 13312K, 0% used [0x00000000db300000,0x00000000db300000,0x00000000dc000000)
 ParOldGen       total 218624K, used 16K [0x0000000080000000, 0x000000008d580000, 0x00000000d5580000)
  object space 218624K, 0% used [0x0000000080000000,0x0000000080004000,0x000000008d580000)
 Metaspace       used 8152K, capacity 8480K, committed 8576K, reserved 1056768K
  class space    used 1033K, capacity 1143K, committed 1152K, reserved 1048576K
}
Event: 2.027 GC heap before
{Heap before GC invocations=2 (full 0):
 PSYoungGen      total 95744K, used 89246K [0x00000000d5580000, 0x00000000dc000000, 0x0000000100000000)
  eden space 82432K, 100% used [0x00000000d5580000,0x00000000da600000,0x00000000da600000)
  from space 13312K, 51% used [0x00000000da600000,0x00000000daca79a8,0x00000000db300000)
  to   space 13312K, 0% used [0x00000000db300000,0x00000000db300000,0x00000000dc000000)
 ParOldGen       total 218624K, used 16K [0x0000000080000000, 0x000000008d580000, 0x00000000d5580000)
  object space 218624K, 0% used [0x0000000080000000,0x0000000080004000,0x000000008d580000)
 Metaspace       used 16883K, capacity 17580K, committed 17920K, reserved 1064960K
  class space    used 2278K, capacity 2470K, committed 2560K, reserved 1048576K
Event: 2.039 GC heap after
Heap after GC invocations=2 (full 0):
 PSYoungGen      total 95744K, used 11517K [0x00000000d5580000, 0x00000000dc000000, 0x0000000100000000)
  eden space 82432K, 0% used [0x00000000d5580000,0x00000000d5580000,0x00000000da600000)
  from space 13312K, 86% used [0x00000000db300000,0x00000000dbe3f5a8,0x00000000dc000000)
  to   space 13312K, 0% used [0x00000000da600000,0x00000000da600000,0x00000000db300000)
 ParOldGen       total 218624K, used 24K [0x0000000080000000, 0x000000008d580000, 0x00000000d5580000)
  object space 218624K, 0% used [0x0000000080000000,0x0000000080006000,0x000000008d580000)
 Metaspace       used 16883K, capacity 17580K, committed 17920K, reserved 1064960K
  class space    used 2278K, capacity 2470K, committed 2560K, reserved 1048576K
}

Deoptimization events (10 events):
Event: 1.726 Thread 0x000000001cd90800 Uncommon trap: reason=class_check action=maybe_recompile pc=0x0000000003798758 method=java.util.regex.Matcher.match(II)Z @ 86
Event: 1.726 Thread 0x000000001cd90800 Uncommon trap: reason=class_check action=maybe_recompile pc=0x000000000360900c method=java.util.regex.Matcher.match(II)Z @ 86
Event: 1.824 Thread 0x000000001cd90800 Uncommon trap: reason=unstable_if action=reinterpret pc=0x000000000379d11c method=java.io.File.getName()Ljava/lang/String; @ 16
Event: 1.824 Thread 0x000000001cd90800 Uncommon trap: reason=unstable_if action=reinterpret pc=0x000000000378df94 method=java.lang.String.substring(I)Ljava/lang/String; @ 35
Event: 2.058 Thread 0x000000001cd90800 Uncommon trap: reason=unstable_if action=reinterpret pc=0x0000000003792bf0 method=java.util.LinkedHashMap.afterNodeInsertion(Z)V @ 1
Event: 2.058 Thread 0x000000001cd90800 Uncommon trap: reason=unstable_if action=reinterpret pc=0x00000000036de084 method=java.util.HashMap.getNode(ILjava/lang/Object;)Ljava/util/HashMap$Node; @ 129
Event: 2.059 Thread 0x000000001cd90800 Uncommon trap: reason=bimorphic action=maybe_recompile pc=0x000000000391adbc method=java.util.HashMap.putVal(ILjava/lang/Object;Ljava/lang/Object;ZZ)Ljava/lang/Object; @ 203
Event: 2.061 Thread 0x000000001cd90800 Uncommon trap: reason=unstable_if action=reinterpret pc=0x00000000036d7388 method=java.util.HashMap.getNode(ILjava/lang/Object;)Ljava/util/HashMap$Node; @ 129
Event: 2.061 Thread 0x000000001cd90800 Uncommon trap: reason=bimorphic action=maybe_recompile pc=0x000000000391adbc method=java.util.HashMap.putVal(ILjava/lang/Object;Ljava/lang/Object;ZZ)Ljava/lang/Object; @ 203
Event: 2.061 Thread 0x000000001cd90800 Uncommon trap: reason=bimorphic action=maybe_recompile pc=0x000000000391dc00 method=java.util.HashMap.putVal(ILjava/lang/Object;Ljava/lang/Object;ZZ)Ljava/lang/Object; @ 203

Classes redefined (0 events):
No events

Internal exceptions (10 events):
Event: 1.476 Thread 0x000000001ccce000 Exception <a 'java/lang/NoSuchMethodError': <clinit>> (0x00000000d6bce950) thrown at [C:\src\AOSP-openjdk-git\hotspot\src\share\vm\prims\jni.cpp, line 1615]
Event: 1.477 Thread 0x000000001ccce000 Exception <a 'java/lang/NoSuchMethodError': <clinit>> (0x00000000d6bd8058) thrown at [C:\src\AOSP-openjdk-git\hotspot\src\share\vm\prims\jni.cpp, line 1615]
Event: 1.479 Thread 0x000000001ccce000 Exception <a 'java/lang/NoSuchMethodError': <clinit>> (0x00000000d6bec6f0) thrown at [C:\src\AOSP-openjdk-git\hotspot\src\share\vm\prims\jni.cpp, line 1615]
Event: 1.487 Thread 0x000000001ccce000 Exception <a 'java/lang/NoSuchMethodError': <clinit>> (0x00000000d6c59b68) thrown at [C:\src\AOSP-openjdk-git\hotspot\src\share\vm\prims\jni.cpp, line 1615]
Event: 1.491 Thread 0x000000001ccce000 Exception <a 'java/lang/NoSuchMethodError': <clinit>> (0x00000000d6c940e0) thrown at [C:\src\AOSP-openjdk-git\hotspot\src\share\vm\prims\jni.cpp, line 1615]
Event: 1.495 Thread 0x000000001ccce000 Exception <a 'java/lang/NoSuchMethodError': <clinit>> (0x00000000d6cc99e8) thrown at [C:\src\AOSP-openjdk-git\hotspot\src\share\vm\prims\jni.cpp, line 1615]
Event: 1.496 Thread 0x000000001ccce000 Exception <a 'java/lang/NoSuchMethodError': <clinit>> (0x00000000d6cd5f18) thrown at [C:\src\AOSP-openjdk-git\hotspot\src\share\vm\prims\jni.cpp, line 1615]
Event: 1.863 Thread 0x000000001cd90800 Exception <a 'java/lang/NoSuchMethodError': java.lang.Object.lambda$and$0(Ljava/util/function/Predicate;Ljava/lang/Object;)Z> (0x00000000d931f430) thrown at [C:\src\AOSP-openjdk-git\hotspot\src\share\vm\interpreter\linkResolver.cpp, line 620]
Event: 1.867 Thread 0x000000001cd90800 Exception <a 'java/lang/IncompatibleClassChangeError': Found class java.lang.Object, but interface was expected> (0x00000000d932f728) thrown at [C:\src\AOSP-openjdk-git\hotspot\src\share\vm\interpreter\linkResolver.cpp, line 653]
Event: 1.868 Thread 0x000000001cd90800 Exception <a 'java/lang/NoSuchMethodError': java.lang.Object.lambda$or$2(Ljava/util/function/Predicate;Ljava/lang/Object;)Z> (0x00000000d9334278) thrown at [C:\src\AOSP-openjdk-git\hotspot\src\share\vm\interpreter\linkResolver.cpp, line 620]

Events (10 events):
Event: 2.085 loading class org/gradle/internal/fingerprint/FileCollectionFingerprint
Event: 2.085 loading class org/gradle/internal/fingerprint/FileCollectionFingerprint done
Event: 2.086 loading class org/gradle/internal/fingerprint/classpath/impl/ClasspathFingerprintingStrategy$NonJarFingerprintingStrategy
Event: 2.086 loading class org/gradle/internal/fingerprint/classpath/impl/ClasspathFingerprintingStrategy$NonJarFingerprintingStrategy done
Event: 2.086 loading class org/gradle/internal/fingerprint/classpath/impl/ClasspathFingerprintingStrategy$NonJarFingerprintingStrategy$1
Event: 2.086 loading class org/gradle/internal/fingerprint/classpath/impl/ClasspathFingerprintingStrategy$NonJarFingerprintingStrategy$1 done
Event: 2.086 loading class org/gradle/internal/fingerprint/classpath/impl/ClasspathFingerprintingStrategy$NonJarFingerprintingStrategy$2
Event: 2.086 loading class org/gradle/internal/fingerprint/classpath/impl/ClasspathFingerprintingStrategy$NonJarFingerprintingStrategy$2 done
Event: 2.087 loading class org/gradle/internal/fingerprint/impl/EmptyCurrentFileCollectionFingerprint
Event: 2.087 loading class org/gradle/internal/fingerprint/impl/EmptyCurrentFileCollectionFingerprint done


Dynamic libraries:
0x00007ff709790000 - 0x00007ff7097c1000 	D:\Android\android-studio-ide-201.6776251-windows\android-studio\jre\bin\java.exe
0x00007ffc04c00000 - 0x00007ffc04df0000 	C:\Windows\SYSTEM32\ntdll.dll
0x00007ffc03d30000 - 0x00007ffc03de2000 	C:\Windows\System32\KERNEL32.DLL
0x00007ffc02680000 - 0x00007ffc02925000 	C:\Windows\System32\KERNELBASE.dll
0x00007ffc03f60000 - 0x00007ffc04003000 	C:\Windows\System32\ADVAPI32.dll
0x00007ffc03770000 - 0x00007ffc0380e000 	C:\Windows\System32\msvcrt.dll
0x00007ffc04010000 - 0x00007ffc040a7000 	C:\Windows\System32\sechost.dll
0x00007ffc02e40000 - 0x00007ffc02f60000 	C:\Windows\System32\RPCRT4.dll
0x00007ffc03880000 - 0x00007ffc03a14000 	C:\Windows\System32\USER32.dll
0x00007ffc01ed0000 - 0x00007ffc01ef1000 	C:\Windows\System32\win32u.dll
0x00007ffc02db0000 - 0x00007ffc02dd6000 	C:\Windows\System32\GDI32.dll
0x00007ffc01c30000 - 0x00007ffc01dc6000 	C:\Windows\System32\gdi32full.dll
0x00007ffc01b90000 - 0x00007ffc01c2e000 	C:\Windows\System32\msvcp_win.dll
0x00007ffc02a80000 - 0x00007ffc02b7a000 	C:\Windows\System32\ucrtbase.dll
0x00007ffbf5250000 - 0x00007ffbf54d4000 	C:\Windows\WinSxS\amd64_microsoft.windows.common-controls_6595b64144ccf1df_6.0.18362.1139_none_9e7bf2d3e4605ac6\COMCTL32.dll
0x00007ffc04880000 - 0x00007ffc04bb5000 	C:\Windows\System32\combase.dll
0x00007ffc02c30000 - 0x00007ffc02cb0000 	C:\Windows\System32\bcryptPrimitives.dll
0x00007ffc02d80000 - 0x00007ffc02dae000 	C:\Windows\System32\IMM32.DLL
0x0000000068c60000 - 0x0000000068d32000 	D:\Android\android-studio-ide-201.6776251-windows\android-studio\jre\jre\bin\msvcr100.dll
0x0000000068220000 - 0x0000000068a6b000 	D:\Android\android-studio-ide-201.6776251-windows\android-studio\jre\jre\bin\server\jvm.dll
0x00007ffc03df0000 - 0x00007ffc03df8000 	C:\Windows\System32\PSAPI.DLL
0x00007ffbe18a0000 - 0x00007ffbe18a9000 	C:\Windows\SYSTEM32\WSOCK32.dll
0x00007ffbf9220000 - 0x00007ffbf922a000 	C:\Windows\SYSTEM32\VERSION.dll
0x00007ffbfe750000 - 0x00007ffbfe774000 	C:\Windows\SYSTEM32\WINMM.dll
0x00007ffc03810000 - 0x00007ffc0387f000 	C:\Windows\System32\WS2_32.dll
0x00007ffbfe720000 - 0x00007ffbfe74d000 	C:\Windows\SYSTEM32\WINMMBASE.dll
0x00007ffc01dd0000 - 0x00007ffc01e1a000 	C:\Windows\System32\cfgmgr32.dll
0x00007ffbfe710000 - 0x00007ffbfe71f000 	D:\Android\android-studio-ide-201.6776251-windows\android-studio\jre\jre\bin\verify.dll
0x00007ffbf4f20000 - 0x00007ffbf4f49000 	D:\Android\android-studio-ide-201.6776251-windows\android-studio\jre\jre\bin\java.dll
0x00007ffbfe5f0000 - 0x00007ffbfe606000 	D:\Android\android-studio-ide-201.6776251-windows\android-studio\jre\jre\bin\zip.dll
0x00007ffc02f60000 - 0x00007ffc03647000 	C:\Windows\System32\SHELL32.dll
0x00007ffc036c0000 - 0x00007ffc03769000 	C:\Windows\System32\shcore.dll
0x00007ffc01f00000 - 0x00007ffc02680000 	C:\Windows\System32\windows.storage.dll
0x00007ffc01b40000 - 0x00007ffc01b63000 	C:\Windows\System32\profapi.dll
0x00007ffc01af0000 - 0x00007ffc01b3a000 	C:\Windows\System32\powrprof.dll
0x00007ffc01ac0000 - 0x00007ffc01ad0000 	C:\Windows\System32\UMPDC.dll
0x00007ffc042e0000 - 0x00007ffc04332000 	C:\Windows\System32\shlwapi.dll
0x00007ffc01ad0000 - 0x00007ffc01ae1000 	C:\Windows\System32\kernel.appcore.dll
0x00007ffc02be0000 - 0x00007ffc02bf7000 	C:\Windows\System32\cryptsp.dll
0x00007ffbfbfe0000 - 0x00007ffbfbffa000 	D:\Android\android-studio-ide-201.6776251-windows\android-studio\jre\jre\bin\net.dll
0x00007ffc01310000 - 0x00007ffc01377000 	C:\Windows\system32\mswsock.dll
0x00007ffbfbf70000 - 0x00007ffbfbf83000 	D:\Android\android-studio-ide-201.6776251-windows\android-studio\jre\jre\bin\nio.dll
0x00007ffbfbfb0000 - 0x00007ffbfbfd7000 	C:\Users\Perry Lance\.gradle\native\f6784746aeab05261644944871eae4fe03e0ef1612fff0a4a95f87b438bc6780\windows-amd64\native-platform.dll
0x00007ffbfdd20000 - 0x00007ffbfdd2d000 	D:\Android\android-studio-ide-201.6776251-windows\android-studio\jre\jre\bin\management.dll
0x00007ffc00e80000 - 0x00007ffc00eb3000 	C:\Windows\system32\rsaenh.dll
0x00007ffc02c00000 - 0x00007ffc02c26000 	C:\Windows\System32\bcrypt.dll
0x00007ffc019e0000 - 0x00007ffc01a05000 	C:\Windows\SYSTEM32\USERENV.dll
0x00007ffc014e0000 - 0x00007ffc014ec000 	C:\Windows\SYSTEM32\CRYPTBASE.dll
0x00007ffc01020000 - 0x00007ffc0105a000 	C:\Windows\SYSTEM32\IPHLPAPI.DLL
0x00007ffc03bb0000 - 0x00007ffc03bb8000 	C:\Windows\System32\NSI.dll
0x00007ffbfa260000 - 0x00007ffbfa276000 	C:\Windows\SYSTEM32\dhcpcsvc6.DLL
0x00007ffbfa3e0000 - 0x00007ffbfa3fc000 	C:\Windows\SYSTEM32\dhcpcsvc.DLL
0x00007ffc01060000 - 0x00007ffc0112b000 	C:\Windows\SYSTEM32\DNSAPI.dll
0x00007ffbfa880000 - 0x00007ffbfa88b000 	C:\Windows\SYSTEM32\WINNSI.DLL

VM Arguments:
jvm_args: -Xmx2048m -Dfile.encoding=UTF-8 -Duser.country=CN -Duser.language=zh -Duser.variant 
java_command: org.gradle.launcher.daemon.bootstrap.GradleDaemon 6.5
java_class_path (initial): C:\Users\Perry Lance\.gradle\wrapper\dists\gradle-6.5-all\2oz4ud9k3tuxjg84bbf55q0tn\gradle-6.5\lib\gradle-launcher-6.5.jar
Launcher Type: SUN_STANDARD

Environment Variables:
JAVA_HOME=C:\Program Files\Java\jdk1.8.0_231
CLASSPATH=.;C:\Program Files\Java\jdk1.8.0_231\lib;C:\Program Files\Java\jdk1.8.0_231\lib\tools.jar;D:\Tomcat\apache-tomcat-9.0.34\lib\servlet-api.jar;
PATH=C:\Program Files (x86)\Common Files\Oracle\Java\javapath;C:\Program Files (x86)\Common Files\Intel\Shared Libraries\redist\intel64\compiler;C:\Windows\system32;C:\Windows;C:\Windows\System32\Wbem;C:\Windows\System32\WindowsPowerShell\v1.0\;C:\Windows\System32\OpenSSH\;C:\Program Files\Java\jdk1.8.0_231\bin;D:\Tomcat\apache-tomcat-9.0.34\lib;D:\Tomcat\apache-tomcat-9.0.34\bin;D:\Git\cmd;D:\TortoiseSVN\bin;C:\Users\Perry Lance\AppData\Local\Microsoft\WindowsApps;D:\Microsoft VS Code\bin;C:\Users\Perry Lance\AppData\Local\GitHubDesktop\bin
USERNAME=Perry Lance
OS=Windows_NT
PROCESSOR_IDENTIFIER=Intel64 Family 6 Model 60 Stepping 3, GenuineIntel



---------------  S Y S T E M  ---------------

OS: Windows 10.0 , 64 bit Build 18362 (10.0.18362.1110)

CPU:total 8 (initial active 8) (4 cores per cpu, 2 threads per core) family 6 model 60 stepping 3, cmov, cx8, fxsr, mmx, sse, sse2, sse3, ssse3, sse4.1, sse4.2, popcnt, avx, avx2, aes, clmul, erms, lzcnt, ht, tsc, tscinvbit, bmi1, bmi2

Memory: 4k page, physical 20851672k(4098852k free), swap 57012672k(5476k free)

vm_info: OpenJDK 64-Bit Server VM (25.242-b01) for windows-amd64 JRE (1.8.0_242-release-1644-b01), built by "builder" with MS VC++ 10.0 (VS2010)

time: Fri Oct 23 17:05:17 2020
timezone: 中国标准时间
elapsed time: 2 seconds (0d 0h 0m 2s)

