#
# There is insufficient memory for the Java Runtime Environment to continue.
# Native memory allocation (malloc) failed to allocate 309696 bytes for Chunk::new
# Possible reasons:
#   The system is out of physical RAM or swap space
#   The process is running with CompressedOops enabled, and the Java Heap may be blocking the growth of the native heap
# Possible solutions:
#   Reduce memory load on the system
#   Increase physical memory or swap space
#   Check if swap backing store is full
#   Decrease Java heap size (-Xmx/-Xms)
#   Decrease number of Java threads
#   Decrease Java thread stack sizes (-Xss)
#   Set larger code cache with -XX:ReservedCodeCacheSize=
#   JVM is running with Unscaled Compressed Oops mode in which the Java heap is
#     placed in the first 4GB address space. The Java Heap base address is the
#     maximum limit for the native heap growth. Please use -XX:HeapBaseMinAddress
#     to set the Java Heap base and to place the Java Heap above 4GB virtual address.
# This output file may be truncated or incomplete.
#
#  Out of Memory Error (allocation.cpp:389), pid=27208, tid=0x0000000000005ce8
#
# JRE version: Java(TM) SE Runtime Environment (8.0_231-b11) (build 1.8.0_231-b11)
# Java VM: Java HotSpot(TM) 64-Bit Server VM (25.231-b11 mixed mode windows-amd64 compressed oops)
# Failed to write core dump. Minidumps are not enabled by default on client versions of Windows
#

---------------  T H R E A D  ---------------

Current thread (0x0000000018c3a800):  JavaThread "C2 CompilerThread1" daemon [_thread_in_native, id=23784, stack(0x0000000019500000,0x0000000019600000)]

Stack: [0x0000000019500000,0x0000000019600000]
[error occurred during error reporting (printing stack bounds), id 0xc0000005]

Native frames: (J=compiled Java code, j=interpreted, Vv=VM code, C=native code)


Current CompileTask:
C2:  30581 15839   !   4       java.util.concurrent.ArrayBlockingQueue::put (57 bytes)


---------------  P R O C E S S  ---------------

Java Threads: ( => current thread )
  0x000000001e143000 JavaThread "RMI TCP Connection(1)-127.0.0.1" daemon [_thread_in_native, id=34304, stack(0x000000002a570000,0x000000002a670000)]
  0x000000001e13b800 JavaThread "RMI Reaper" [_thread_blocked, id=21716, stack(0x0000000029c70000,0x0000000029d70000)]
  0x000000001e141800 JavaThread "RMI TCP Accept-0" daemon [_thread_in_native, id=25616, stack(0x0000000028f10000,0x0000000029010000)]
  0x000000001e140800 JavaThread "GC Daemon" daemon [_thread_blocked, id=37432, stack(0x0000000029a70000,0x0000000029b70000)]
  0x000000001e13a800 JavaThread "RMI RenewClean-[127.0.0.1:17004,org.jetbrains.kotlin.daemon.common.LoopbackNetworkInterface$ClientLoopbackSocketFactory@2c170d82]" daemon [_thread_blocked, id=13524, stack(0x0000000029570000,0x0000000029670000)]
  0x000000001e138800 JavaThread "RMI Scheduler(0)" daemon [_thread_blocked, id=27288, stack(0x0000000029370000,0x0000000029470000)]
  0x000000001e137000 JavaThread "ForkJoinPool.commonPool-worker-7" daemon [_thread_blocked, id=27224, stack(0x0000000029e70000,0x0000000029f70000)]
  0x000000001e13d800 JavaThread "ForkJoinPool.commonPool-worker-6" daemon [_thread_blocked, id=26280, stack(0x0000000029d70000,0x0000000029e70000)]
  0x000000001e139000 JavaThread "ForkJoinPool.commonPool-worker-2" daemon [_thread_blocked, id=33988, stack(0x0000000028e10000,0x0000000028f10000)]
  0x000000001e136000 JavaThread "ForkJoinPool.commonPool-worker-1" daemon [_thread_blocked, id=25444, stack(0x00000000274d0000,0x00000000275d0000)]
  0x000000001e13c000 JavaThread "ForkJoinPool-1-worker-6" daemon [_thread_blocked, id=32428, stack(0x0000000029470000,0x0000000029570000)]
  0x0000000020391800 JavaThread "ForkJoinPool-1-worker-4" daemon [_thread_blocked, id=33480, stack(0x0000000029270000,0x0000000029370000)]
  0x000000002038e800 JavaThread "ForkJoinPool-1-worker-3" daemon [_thread_blocked, id=12032, stack(0x0000000029170000,0x0000000029270000)]
  0x000000002038e000 JavaThread "ForkJoinPool-1-worker-2" daemon [_thread_blocked, id=35508, stack(0x0000000029070000,0x0000000029170000)]
  0x000000002038f800 JavaThread "stdout" [_thread_in_native, id=28608, stack(0x0000000028d10000,0x0000000028e10000)]
  0x000000002038c800 JavaThread "stderr" [_thread_in_native, id=36092, stack(0x0000000028c10000,0x0000000028d10000)]
  0x000000002038d000 JavaThread "stdout" [_thread_in_native, id=27072, stack(0x0000000028b10000,0x0000000028c10000)]
  0x000000002038b800 JavaThread "stderr" [_thread_in_native, id=25152, stack(0x0000000028a10000,0x0000000028b10000)]
  0x0000000020384000 JavaThread "stdout" [_thread_in_native, id=12268, stack(0x0000000028910000,0x0000000028a10000)]
  0x000000002038b000 JavaThread "stderr" [_thread_in_native, id=20908, stack(0x0000000028810000,0x0000000028910000)]
  0x0000000020386800 JavaThread "stdout" [_thread_in_native, id=33252, stack(0x0000000028710000,0x0000000028810000)]
  0x000000002038a000 JavaThread "stderr" [_thread_in_native, id=35500, stack(0x0000000028610000,0x0000000028710000)]
  0x0000000020382800 JavaThread "stdout" [_thread_in_native, id=24340, stack(0x0000000028510000,0x0000000028610000)]
  0x0000000020388000 JavaThread "stderr" [_thread_in_native, id=31228, stack(0x0000000028410000,0x0000000028510000)]
  0x0000000020383800 JavaThread "stdout" [_thread_in_native, id=36428, stack(0x0000000028310000,0x0000000028410000)]
  0x0000000020385800 JavaThread "stderr" [_thread_in_native, id=37620, stack(0x0000000028210000,0x0000000028310000)]
  0x0000000020385000 JavaThread "stdout" [_thread_in_native, id=23788, stack(0x0000000028110000,0x0000000028210000)]
  0x0000000020388800 JavaThread "stderr" [_thread_in_native, id=25636, stack(0x0000000028010000,0x0000000028110000)]
  0x0000000020387000 JavaThread "stdout" [_thread_in_native, id=17412, stack(0x0000000027f10000,0x0000000028010000)]
  0x0000000020389800 JavaThread "stderr" [_thread_in_native, id=33540, stack(0x0000000027e10000,0x0000000027f10000)]
  0x000000001dc6d000 JavaThread "pool-2-thread-1" [_thread_blocked, id=6816, stack(0x0000000027d10000,0x0000000027e10000)]
  0x000000001dc6f800 JavaThread "Java2D Disposer" daemon [_thread_blocked, id=34000, stack(0x00000000279d0000,0x0000000027ad0000)]
  0x000000001dc6b000 JavaThread "WorkerExecutor Queue Thread 9" [_thread_blocked, id=37788, stack(0x00000000277d0000,0x00000000278d0000)]
  0x000000001dc62800 JavaThread "WorkerExecutor Queue Thread 7" [_thread_blocked, id=31752, stack(0x00000000273d0000,0x00000000274d0000)]
  0x000000001dc69800 JavaThread "WorkerExecutor Queue Thread 6" [_thread_blocked, id=7720, stack(0x00000000272d0000,0x00000000273d0000)]
  0x000000001dc68800 JavaThread "WorkerExecutor Queue Thread 5" [_thread_blocked, id=18316, stack(0x00000000271d0000,0x00000000272d0000)]
  0x000000001dc68000 JavaThread "WorkerExecutor Queue Thread 4" [_thread_blocked, id=24800, stack(0x00000000270d0000,0x00000000271d0000)]
  0x000000001dc67000 JavaThread "WorkerExecutor Queue Thread 3" [_thread_blocked, id=24356, stack(0x0000000026fd0000,0x00000000270d0000)]
  0x000000001dc66000 JavaThread "WorkerExecutor Queue Thread 2" [_thread_blocked, id=16008, stack(0x0000000026ed0000,0x0000000026fd0000)]
  0x000000001dc63000 JavaThread "WorkerExecutor Queue" [_thread_blocked, id=26924, stack(0x0000000026dd0000,0x0000000026ed0000)]
  0x000000001dc64000 JavaThread "Cache worker for execution history cache (E:\Android\ExpandView\.gradle\5.6.4\executionHistory)" [_thread_blocked, id=37472, stack(0x0000000026ad0000,0x0000000026bd0000)]
  0x000000001dc61800 JavaThread "Execution worker for ':' Thread 7" [_thread_blocked, id=22624, stack(0x00000000269d0000,0x0000000026ad0000)]
  0x000000001dc61000 JavaThread "Execution worker for ':' Thread 6" [_thread_blocked, id=35300, stack(0x00000000268d0000,0x00000000269d0000)]
  0x000000001dc64800 JavaThread "Execution worker for ':' Thread 5" [_thread_blocked, id=31168, stack(0x00000000267d0000,0x00000000268d0000)]
  0x000000001b606000 JavaThread "Execution worker for ':' Thread 4" [_thread_blocked, id=30636, stack(0x00000000266d0000,0x00000000267d0000)]
  0x000000001e112800 JavaThread "Execution worker for ':' Thread 3" [_thread_blocked, id=19652, stack(0x00000000265d0000,0x00000000266d0000)]
  0x000000001e115000 JavaThread "Execution worker for ':' Thread 2" [_thread_blocked, id=24544, stack(0x00000000264d0000,0x00000000265d0000)]
  0x000000001e118800 JavaThread "Execution worker for ':'" [_thread_blocked, id=31452, stack(0x00000000263d0000,0x00000000264d0000)]
  0x000000001e118000 JavaThread "Cache worker for file content cache (E:\Android\ExpandView\.gradle\5.6.4\fileContent)" [_thread_blocked, id=37024, stack(0x00000000258d0000,0x00000000259d0000)]
  0x000000001e117000 JavaThread "Cache worker for file content cache (C:\Users\Perry Lance\.gradle\caches\5.6.4\fileContent)" [_thread_blocked, id=36068, stack(0x0000000025340000,0x0000000025440000)]
  0x000000001e116800 JavaThread "Memory manager" [_thread_blocked, id=6960, stack(0x0000000024c30000,0x0000000024d30000)]
  0x000000001e10a800 JavaThread "Cache worker for Build Output Cleanup Cache (E:\Android\ExpandView\.gradle\buildOutputCleanup)" [_thread_blocked, id=28532, stack(0x0000000024930000,0x0000000024a30000)]
  0x000000001e111000 JavaThread "pool-1-thread-1" [_thread_blocked, id=20144, stack(0x0000000024630000,0x0000000024730000)]
  0x000000001e109800 JavaThread "Build operations Thread 8" [_thread_blocked, id=36824, stack(0x0000000023160000,0x0000000023260000)]
  0x000000001e10f800 JavaThread "Build operations Thread 7" [_thread_blocked, id=31872, stack(0x0000000023060000,0x0000000023160000)]
  0x000000001e10f000 JavaThread "Build operations Thread 6" [_thread_blocked, id=32644, stack(0x0000000022f60000,0x0000000023060000)]
  0x000000001e10d800 JavaThread "Build operations Thread 5" [_thread_blocked, id=25160, stack(0x0000000022e60000,0x0000000022f60000)]
  0x000000001e10c800 JavaThread "Build operations Thread 4" [_thread_blocked, id=21532, stack(0x0000000022d60000,0x0000000022e60000)]
  0x000000001e10e000 JavaThread "Build operations Thread 3" [_thread_blocked, id=25180, stack(0x0000000022c60000,0x0000000022d60000)]
  0x000000001e10c000 JavaThread "Build operations Thread 2" [_thread_blocked, id=30168, stack(0x0000000022930000,0x0000000022a30000)]
  0x000000001b608800 JavaThread "Build operations" [_thread_blocked, id=10940, stack(0x0000000022830000,0x0000000022930000)]
  0x000000001b604800 JavaThread "Cache worker for execution history cache (C:\Users\Perry Lance\.gradle\caches\5.6.4\executionHistory)" [_thread_blocked, id=14396, stack(0x0000000021110000,0x0000000021210000)]
  0x000000001b604000 JavaThread "Cache worker for cache directory md-rule (C:\Users\Perry Lance\.gradle\caches\5.6.4\md-rule)" [_thread_blocked, id=29144, stack(0x0000000021010000,0x0000000021110000)]
  0x000000001b603000 JavaThread "Cache worker for cache directory md-supplier (C:\Users\Perry Lance\.gradle\caches\5.6.4\md-supplier)" [_thread_blocked, id=24308, stack(0x0000000020f10000,0x0000000021010000)]
  0x000000001b602800 JavaThread "Cache worker for file hash cache (E:\Android\ExpandView\.gradle\5.6.4\fileHashes)" [_thread_blocked, id=9040, stack(0x000000001f7f0000,0x000000001f8f0000)]
  0x000000001b609000 JavaThread "Cache worker for journal cache (C:\Users\Perry Lance\.gradle\caches\journal-1)" [_thread_blocked, id=24148, stack(0x000000001d350000,0x000000001d450000)]
  0x000000001b607800 JavaThread "File lock request listener" [_thread_in_native, id=22908, stack(0x000000001d250000,0x000000001d350000)]
  0x000000001b605800 JavaThread "Cache worker for file hash cache (C:\Users\Perry Lance\.gradle\caches\5.6.4\fileHashes)" [_thread_blocked, id=6468, stack(0x000000001d150000,0x000000001d250000)]
  0x000000001b466800 JavaThread "Thread-9" [_thread_blocked, id=32168, stack(0x000000001d050000,0x000000001d150000)]
  0x000000001b48b000 JavaThread "Stdin handler" [_thread_blocked, id=33212, stack(0x000000001cf50000,0x000000001d050000)]
  0x000000001b470000 JavaThread "Asynchronous log dispatcher for DefaultDaemonConnection: socket connection from /127.0.0.1:54298 to /127.0.0.1:54299" [_thread_blocked, id=33772, stack(0x000000001cd50000,0x000000001ce50000)]
  0x000000001b45f800 JavaThread "Daemon worker" [_thread_blocked, id=29700, stack(0x000000001cc50000,0x000000001cd50000)]
  0x000000001b45f000 JavaThread "Cancel handler" [_thread_blocked, id=25032, stack(0x000000001cb50000,0x000000001cc50000)]
  0x000000001b453800 JavaThread "Handler for socket connection from /127.0.0.1:54298 to /127.0.0.1:54299" [_thread_in_native, id=30252, stack(0x000000001c850000,0x000000001c950000)]
  0x000000001b369800 JavaThread "Daemon" [_thread_blocked, id=35664, stack(0x000000001c750000,0x000000001c850000)]
  0x000000001b33a000 JavaThread "Daemon periodic checks" [_thread_blocked, id=30996, stack(0x000000001c650000,0x000000001c750000)]
  0x000000001b338000 JavaThread "Incoming local TCP Connector on port 54298" [_thread_in_native, id=32776, stack(0x000000001c4a0000,0x000000001c5a0000)]
  0x000000001af97800 JavaThread "Daemon health stats" [_thread_blocked, id=26400, stack(0x000000001c1a0000,0x000000001c2a0000)]
  0x0000000018d2e000 JavaThread "Service Thread" daemon [_thread_blocked, id=3348, stack(0x0000000019800000,0x0000000019900000)]
  0x0000000018ca5000 JavaThread "C1 CompilerThread3" daemon [_thread_in_native, id=6952, stack(0x0000000019700000,0x0000000019800000)]
  0x0000000018c94000 JavaThread "C2 CompilerThread2" daemon [_thread_in_native, id=32044, stack(0x0000000019600000,0x0000000019700000)]
=>0x0000000018c3a800 JavaThread "C2 CompilerThread1" daemon [_thread_in_native, id=23784, stack(0x0000000019500000,0x0000000019600000)]
  0x0000000018c38800 JavaThread "C2 CompilerThread0" daemon [_thread_in_native, id=30776, stack(0x0000000019400000,0x0000000019500000)]
  0x0000000018c37000 JavaThread "Attach Listener" daemon [_thread_blocked, id=33504, stack(0x0000000019300000,0x0000000019400000)]
  0x0000000018c36000 JavaThread "Signal Dispatcher" daemon [_thread_blocked, id=29136, stack(0x0000000019200000,0x0000000019300000)]
  0x0000000018c21800 JavaThread "Finalizer" daemon [_thread_blocked, id=30328, stack(0x0000000019100000,0x0000000019200000)]
  0x0000000018c20800 JavaThread "Reference Handler" daemon [_thread_blocked, id=26260, stack(0x0000000019000000,0x0000000019100000)]
  0x0000000002b8e800 JavaThread "main" [_thread_blocked, id=25696, stack(0x0000000002a40000,0x0000000002b40000)]

Other Threads:
  0x0000000016e19800 VMThread [stack: 0x0000000018b00000,0x0000000018c00000] [id=25184]
  0x0000000018d3f000 WatcherThread [stack: 0x0000000019900000,0x0000000019a00000] [id=34220]

VM state:not at safepoint (normal execution)

VM Mutex/Monitor currently owned by a thread: None

heap address: 0x00000000a0000000, size: 1536 MB, Compressed Oops mode: 32-bit
Narrow klass base: 0x0000000000000000, Narrow klass shift: 3
Compressed class space size: 1073741824 Address: 0x0000000100000000

Heap:
 PSYoungGen      total 484352K, used 138238K [0x00000000e0000000, 0x0000000100000000, 0x0000000100000000)
  eden space 443904K, 28% used [0x00000000e0000000,0x00000000e7bb63c0,0x00000000fb180000)
  from space 40448K, 28% used [0x00000000fd880000,0x00000000fe3c9638,0x0000000100000000)
  to   space 39936K, 0% used [0x00000000fb180000,0x00000000fb180000,0x00000000fd880000)
 ParOldGen       total 283136K, used 98123K [0x00000000a0000000, 0x00000000b1480000, 0x00000000e0000000)
  object space 283136K, 34% used [0x00000000a0000000,0x00000000a5fd2d98,0x00000000b1480000)
 Metaspace       used 91251K, capacity 96402K, committed 96512K, reserved 1132544K
  class space    used 12762K, capacity 13817K, committed 13824K, reserved 1048576K

Card table byte_map: [0x0000000012420000,0x0000000012730000] byte_map_base: 0x0000000011f20000

Marking Bits: (ParMarkBitMap*) 0x0000000063086d90
 Begin Bits: [0x0000000013130000, 0x0000000014930000)
 End Bits:   [0x0000000014930000, 0x0000000016130000)

Polling page: 0x0000000000d20000

CodeCache: size=245760Kb used=42057Kb max_used=42639Kb free=203702Kb
 bounds [0x0000000003060000, 0x0000000005a80000, 0x0000000012060000]
 total_blobs=14367 nmethods=13372 adapters=903
 compilation: enabled

Compilation events (10 events):
Event: 30.575 Thread 0x0000000018c38800 15841       4       java.util.Spliterator::getExactSizeIfKnown (25 bytes)
Event: 30.576 Thread 0x0000000018c38800 nmethod 15841 0x0000000005329f50 code [0x000000000532a0a0, 0x000000000532a158]
Event: 30.576 Thread 0x0000000018ca5000 nmethod 15836 0x0000000005a48090 code [0x0000000005a48b00, 0x0000000005a51388]
Event: 30.576 Thread 0x0000000018ca5000 15837       1       org.gradle.internal.fingerprint.impl.IgnoredPathFileSystemLocationFingerprint::getNormalizedContentHash (5 bytes)
Event: 30.576 Thread 0x0000000018ca5000 nmethod 15837 0x0000000004d4d590 code [0x0000000004d4d6e0, 0x0000000004d4d7f0]
Event: 30.576 Thread 0x0000000018ca5000 15838       3       org.gradle.api.internal.tasks.properties.DefaultCacheableOutputFilePropertySpec::getPropertyName (39 bytes)
Event: 30.577 Thread 0x0000000018ca5000 nmethod 15838 0x0000000003df2910 code [0x0000000003df2ae0, 0x0000000003df3288]
Event: 30.577 Thread 0x0000000018ca5000 15835       3       org.gradle.api.internal.tasks.properties.AbstractValidatingProperty::cleanupValue (1 bytes)
Event: 30.577 Thread 0x0000000018ca5000 nmethod 15835 0x0000000004ddaf90 code [0x0000000004ddb0e0, 0x0000000004ddb230]
Event: 30.577 Thread 0x0000000018c38800 15842   !   4       java.lang.ClassLoader::checkCerts (195 bytes)

GC Heap History (10 events):
Event: 7.361 GC heap before
{Heap before GC invocations=11 (full 3):
 PSYoungGen      total 263168K, used 20580K [0x00000000e0000000, 0x00000000f6c00000, 0x0000000100000000)
  eden space 236544K, 0% used [0x00000000e0000000,0x00000000e0000000,0x00000000ee700000)
  from space 26624K, 77% used [0x00000000f0200000,0x00000000f1619178,0x00000000f1c00000)
  to   space 27648K, 0% used [0x00000000ee700000,0x00000000ee700000,0x00000000f0200000)
 ParOldGen       total 234496K, used 31831K [0x00000000a0000000, 0x00000000ae500000, 0x00000000e0000000)
  object space 234496K, 13% used [0x00000000a0000000,0x00000000a1f15ca0,0x00000000ae500000)
 Metaspace       used 57253K, capacity 59016K, committed 59160K, reserved 1099776K
  class space    used 8056K, capacity 8489K, committed 8576K, reserved 1048576K
Event: 7.543 GC heap after
Heap after GC invocations=11 (full 3):
 PSYoungGen      total 263168K, used 0K [0x00000000e0000000, 0x00000000f6c00000, 0x0000000100000000)
  eden space 236544K, 0% used [0x00000000e0000000,0x00000000e0000000,0x00000000ee700000)
  from space 26624K, 0% used [0x00000000f0200000,0x00000000f0200000,0x00000000f1c00000)
  to   space 27648K, 0% used [0x00000000ee700000,0x00000000ee700000,0x00000000f0200000)
 ParOldGen       total 283136K, used 39961K [0x00000000a0000000, 0x00000000b1480000, 0x00000000e0000000)
  object space 283136K, 14% used [0x00000000a0000000,0x00000000a27067d0,0x00000000b1480000)
 Metaspace       used 57253K, capacity 59016K, committed 59160K, reserved 1099776K
  class space    used 8056K, capacity 8489K, committed 8576K, reserved 1048576K
}
Event: 9.787 GC heap before
{Heap before GC invocations=12 (full 3):
 PSYoungGen      total 263168K, used 236544K [0x00000000e0000000, 0x00000000f6c00000, 0x0000000100000000)
  eden space 236544K, 100% used [0x00000000e0000000,0x00000000ee700000,0x00000000ee700000)
  from space 26624K, 0% used [0x00000000f0200000,0x00000000f0200000,0x00000000f1c00000)
  to   space 27648K, 0% used [0x00000000ee700000,0x00000000ee700000,0x00000000f0200000)
 ParOldGen       total 283136K, used 39961K [0x00000000a0000000, 0x00000000b1480000, 0x00000000e0000000)
  object space 283136K, 14% used [0x00000000a0000000,0x00000000a27067d0,0x00000000b1480000)
 Metaspace       used 65680K, capacity 68552K, committed 68864K, reserved 1107968K
  class space    used 9332K, capacity 9880K, committed 9984K, reserved 1048576K
Event: 9.809 GC heap after
Heap after GC invocations=12 (full 3):
 PSYoungGen      total 264192K, used 27166K [0x00000000e0000000, 0x00000000f8880000, 0x0000000100000000)
  eden space 236544K, 0% used [0x00000000e0000000,0x00000000e0000000,0x00000000ee700000)
  from space 27648K, 98% used [0x00000000ee700000,0x00000000f0187bf8,0x00000000f0200000)
  to   space 31232K, 0% used [0x00000000f6a00000,0x00000000f6a00000,0x00000000f8880000)
 ParOldGen       total 283136K, used 39969K [0x00000000a0000000, 0x00000000b1480000, 0x00000000e0000000)
  object space 283136K, 14% used [0x00000000a0000000,0x00000000a27087d0,0x00000000b1480000)
 Metaspace       used 65680K, capacity 68552K, committed 68864K, reserved 1107968K
  class space    used 9332K, capacity 9880K, committed 9984K, reserved 1048576K
}
Event: 11.906 GC heap before
{Heap before GC invocations=13 (full 3):
 PSYoungGen      total 264192K, used 263710K [0x00000000e0000000, 0x00000000f8880000, 0x0000000100000000)
  eden space 236544K, 100% used [0x00000000e0000000,0x00000000ee700000,0x00000000ee700000)
  from space 27648K, 98% used [0x00000000ee700000,0x00000000f0187bf8,0x00000000f0200000)
  to   space 31232K, 0% used [0x00000000f6a00000,0x00000000f6a00000,0x00000000f8880000)
 ParOldGen       total 283136K, used 39969K [0x00000000a0000000, 0x00000000b1480000, 0x00000000e0000000)
  object space 283136K, 14% used [0x00000000a0000000,0x00000000a27087d0,0x00000000b1480000)
 Metaspace       used 71156K, capacity 74194K, committed 74368K, reserved 1114112K
  class space    used 9967K, capacity 10563K, committed 10624K, reserved 1048576K
Event: 11.929 GC heap after
Heap after GC invocations=13 (full 3):
 PSYoungGen      total 363520K, used 31218K [0x00000000e0000000, 0x00000000f8f80000, 0x0000000100000000)
  eden space 332288K, 0% used [0x00000000e0000000,0x00000000e0000000,0x00000000f4480000)
  from space 31232K, 99% used [0x00000000f6a00000,0x00000000f887ca98,0x00000000f8880000)
  to   space 38400K, 0% used [0x00000000f4480000,0x00000000f4480000,0x00000000f6a00000)
 ParOldGen       total 283136K, used 48114K [0x00000000a0000000, 0x00000000b1480000, 0x00000000e0000000)
  object space 283136K, 16% used [0x00000000a0000000,0x00000000a2efc9e0,0x00000000b1480000)
 Metaspace       used 71156K, capacity 74194K, committed 74368K, reserved 1114112K
  class space    used 9967K, capacity 10563K, committed 10624K, reserved 1048576K
}
Event: 14.997 GC heap before
{Heap before GC invocations=14 (full 3):
 PSYoungGen      total 363520K, used 363506K [0x00000000e0000000, 0x00000000f8f80000, 0x0000000100000000)
  eden space 332288K, 100% used [0x00000000e0000000,0x00000000f4480000,0x00000000f4480000)
  from space 31232K, 99% used [0x00000000f6a00000,0x00000000f887ca98,0x00000000f8880000)
  to   space 38400K, 0% used [0x00000000f4480000,0x00000000f4480000,0x00000000f6a00000)
 ParOldGen       total 283136K, used 48114K [0x00000000a0000000, 0x00000000b1480000, 0x00000000e0000000)
  object space 283136K, 16% used [0x00000000a0000000,0x00000000a2efc9e0,0x00000000b1480000)
 Metaspace       used 77133K, capacity 80628K, committed 80896K, reserved 1118208K
  class space    used 10702K, capacity 11406K, committed 11520K, reserved 1048576K
Event: 15.036 GC heap after
Heap after GC invocations=14 (full 3):
 PSYoungGen      total 370688K, used 29277K [0x00000000e0000000, 0x0000000100000000, 0x0000000100000000)
  eden space 332288K, 0% used [0x00000000e0000000,0x00000000e0000000,0x00000000f4480000)
  from space 38400K, 76% used [0x00000000f4480000,0x00000000f61176a0,0x00000000f6a00000)
  to   space 40448K, 0% used [0x00000000fd880000,0x00000000fd880000,0x0000000100000000)
 ParOldGen       total 283136K, used 77463K [0x00000000a0000000, 0x00000000b1480000, 0x00000000e0000000)
  object space 283136K, 27% used [0x00000000a0000000,0x00000000a4ba5dc0,0x00000000b1480000)
 Metaspace       used 77133K, capacity 80628K, committed 80896K, reserved 1118208K
  class space    used 10702K, capacity 11406K, committed 11520K, reserved 1048576K
}
Event: 17.442 GC heap before
{Heap before GC invocations=15 (full 3):
 PSYoungGen      total 370688K, used 361565K [0x00000000e0000000, 0x0000000100000000, 0x0000000100000000)
  eden space 332288K, 100% used [0x00000000e0000000,0x00000000f4480000,0x00000000f4480000)
  from space 38400K, 76% used [0x00000000f4480000,0x00000000f61176a0,0x00000000f6a00000)
  to   space 40448K, 0% used [0x00000000fd880000,0x00000000fd880000,0x0000000100000000)
 ParOldGen       total 283136K, used 77463K [0x00000000a0000000, 0x00000000b1480000, 0x00000000e0000000)
  object space 283136K, 27% used [0x00000000a0000000,0x00000000a4ba5dc0,0x00000000b1480000)
 Metaspace       used 87085K, capacity 92254K, committed 92416K, reserved 1128448K
  class space    used 12190K, capacity 13225K, committed 13312K, reserved 1048576K
Event: 17.466 GC heap after
Heap after GC invocations=15 (full 3):
 PSYoungGen      total 484352K, used 11557K [0x00000000e0000000, 0x0000000100000000, 0x0000000100000000)
  eden space 443904K, 0% used [0x00000000e0000000,0x00000000e0000000,0x00000000fb180000)
  from space 40448K, 28% used [0x00000000fd880000,0x00000000fe3c9638,0x0000000100000000)
  to   space 39936K, 0% used [0x00000000fb180000,0x00000000fb180000,0x00000000fd880000)
 ParOldGen       total 283136K, used 98123K [0x00000000a0000000, 0x00000000b1480000, 0x00000000e0000000)
  object space 283136K, 34% used [0x00000000a0000000,0x00000000a5fd2d98,0x00000000b1480000)
 Metaspace       used 87085K, capacity 92254K, committed 92416K, reserved 1128448K
  class space    used 12190K, capacity 13225K, committed 13312K, reserved 1048576K
}

Deoptimization events (10 events):
Event: 25.065 Thread 0x000000001b45f800 Uncommon trap: reason=predicate action=maybe_recompile pc=0x0000000003be9e0c method=java.io.ObjectInputStream$BlockDataInputStream.readFully([BIIZ)V @ 4
Event: 25.164 Thread 0x000000001e143000 Uncommon trap: reason=class_check action=maybe_recompile pc=0x00000000035879bc method=java.lang.ThreadLocal.set(Ljava/lang/Object;)V @ 26
Event: 25.164 Thread 0x000000001e143000 Uncommon trap: reason=unstable_if action=reinterpret pc=0x0000000004a41bb4 method=java.io.BufferedInputStream.fill()V @ 9
Event: 25.169 Thread 0x000000001e143000 Uncommon trap: reason=unstable_if action=reinterpret pc=0x0000000004efea54 method=java.io.ObjectInputStream.filterCheck(Ljava/lang/Class;I)V @ 4
Event: 30.309 Thread 0x000000001e143000 Uncommon trap: reason=unstable_if action=reinterpret pc=0x0000000004abde00 method=java.io.ObjectInputStream$BlockDataInputStream.readUTFSpan(Ljava/lang/StringBuilder;J)J @ 35
Event: 30.568 Thread 0x000000001b470000 Uncommon trap: reason=bimorphic action=maybe_recompile pc=0x0000000004454f48 method=java.io.ObjectOutputStream$BlockDataOutputStream.drain()V @ 36
Event: 30.568 Thread 0x000000001b470000 Uncommon trap: reason=bimorphic action=maybe_recompile pc=0x0000000004454f48 method=java.io.ObjectOutputStream$BlockDataOutputStream.drain()V @ 36
Event: 30.568 Thread 0x000000001b470000 Uncommon trap: reason=bimorphic action=maybe_recompile pc=0x0000000004454f48 method=java.io.ObjectOutputStream$BlockDataOutputStream.drain()V @ 36
Event: 30.568 Thread 0x000000001b470000 Uncommon trap: reason=bimorphic action=maybe_recompile pc=0x0000000005a5c078 method=java.io.ObjectOutputStream$BlockDataOutputStream.drain()V @ 36
Event: 30.572 Thread 0x000000001dc64000 Uncommon trap: reason=unstable_if action=reinterpret pc=0x00000000050a1868 method=com.google.common.collect.ImmutableMultimap$1.hasNext()Z @ 9

Classes redefined (0 events):
No events

Internal exceptions (10 events):
Event: 25.044 Thread 0x000000001b45f800 Exception <a 'java/lang/NoSuchMethodError': <clinit>> (0x00000000e6e53460) thrown at [C:\re\workspace\8-2-build-windows-amd64-cygwin\jdk8u231\13620\hotspot\src\share\vm\prims\jni.cpp, line 1614]
Event: 25.053 Thread 0x000000001b45f800 Exception <a 'java/lang/NoSuchMethodError': <clinit>> (0x00000000e6e72540) thrown at [C:\re\workspace\8-2-build-windows-amd64-cygwin\jdk8u231\13620\hotspot\src\share\vm\prims\jni.cpp, line 1614]
Event: 25.056 Thread 0x000000001b45f800 Exception <a 'java/lang/NoSuchMethodError': <clinit>> (0x00000000e6f2fe90) thrown at [C:\re\workspace\8-2-build-windows-amd64-cygwin\jdk8u231\13620\hotspot\src\share\vm\prims\jni.cpp, line 1614]
Event: 25.066 Thread 0x000000001e13a800 Exception <a 'java/lang/InterruptedException'> (0x00000000e717d348) thrown at [C:\re\workspace\8-2-build-windows-amd64-cygwin\jdk8u231\13620\hotspot\src\share\vm\runtime\objectMonitor.cpp, line 1684]
Event: 25.081 Thread 0x000000001b45f800 Exception <a 'java/lang/NoSuchMethodError': <clinit>> (0x00000000e6f93808) thrown at [C:\re\workspace\8-2-build-windows-amd64-cygwin\jdk8u231\13620\hotspot\src\share\vm\prims\jni.cpp, line 1614]
Event: 25.082 Thread 0x000000001b45f800 Exception <a 'java/lang/NoSuchMethodError': <clinit>> (0x00000000e6fa5d28) thrown at [C:\re\workspace\8-2-build-windows-amd64-cygwin\jdk8u231\13620\hotspot\src\share\vm\prims\jni.cpp, line 1614]
Event: 25.083 Thread 0x000000001b45f800 Exception <a 'java/lang/NoSuchMethodError': <clinit>> (0x00000000e6fbdcb0) thrown at [C:\re\workspace\8-2-build-windows-amd64-cygwin\jdk8u231\13620\hotspot\src\share\vm\prims\jni.cpp, line 1614]
Event: 25.092 Thread 0x000000001b45f800 Exception <a 'java/lang/NoSuchMethodError': <clinit>> (0x00000000e6ffd3c0) thrown at [C:\re\workspace\8-2-build-windows-amd64-cygwin\jdk8u231\13620\hotspot\src\share\vm\prims\jni.cpp, line 1614]
Event: 25.125 Thread 0x000000001b45f800 Exception <a 'java/lang/NoSuchMethodError': <clinit>> (0x00000000e722ed40) thrown at [C:\re\workspace\8-2-build-windows-amd64-cygwin\jdk8u231\13620\hotspot\src\share\vm\prims\jni.cpp, line 1614]
Event: 25.128 Thread 0x000000001b45f800 Exception <a 'java/lang/NoSuchMethodError': <clinit>> (0x00000000e7347d78) thrown at [C:\re\workspace\8-2-build-windows-amd64-cygwin\jdk8u231\13620\hotspot\src\share\vm\prims\jni.cpp, line 1614]

Events (10 events):
Event: 30.577 loading class com/android/build/gradle/tasks/JavaPreCompileTask$PreCompileParams
Event: 30.577 loading class com/android/build/gradle/tasks/JavaPreCompileTask$PreCompileParams done
Event: 30.578 loading class com/android/build/gradle/tasks/SerializableArtifact
Event: 30.578 loading class com/android/build/gradle/tasks/SerializableArtifact done
Event: 30.578 loading class org/gradle/api/artifacts/result/ResolvedArtifactResult
Event: 30.578 loading class org/gradle/api/artifacts/result/ResolvedArtifactResult done
Event: 30.579 loading class org/gradle/api/artifacts/result/ResolvedArtifactResult
Event: 30.579 loading class org/gradle/api/artifacts/result/ResolvedArtifactResult done
Event: 30.579 loading class com/android/build/gradle/internal/dependency/ArtifactCollectionWithExtraArtifact$ExtraResolvedArtifactResult
Event: 30.579 loading class com/android/build/gradle/internal/dependency/ArtifactCollectionWithExtraArtifact$ExtraResolvedArtifactResult done


Dynamic libraries:
0x00007ff6186b0000 - 0x00007ff6186e7000 	C:\Program Files\Java\jdk1.8.0_231\bin\java.exe
0x00007ffc04c00000 - 0x00007ffc04df0000 	C:\Windows\SYSTEM32\ntdll.dll
0x00007ffc03d30000 - 0x00007ffc03de2000 	C:\Windows\System32\KERNEL32.DLL
0x00007ffc02680000 - 0x00007ffc02925000 	C:\Windows\System32\KERNELBASE.dll
0x00007ffc03f60000 - 0x00007ffc04003000 	C:\Windows\System32\ADVAPI32.dll
0x00007ffc03770000 - 0x00007ffc0380e000 	C:\Windows\System32\msvcrt.dll
0x00007ffc04010000 - 0x00007ffc040a7000 	C:\Windows\System32\sechost.dll
0x00007ffc02e40000 - 0x00007ffc02f60000 	C:\Windows\System32\RPCRT4.dll
0x00007ffc03880000 - 0x00007ffc03a14000 	C:\Windows\System32\USER32.dll
0x00007ffc01ed0000 - 0x00007ffc01ef1000 	C:\Windows\System32\win32u.dll
0x00007ffc02db0000 - 0x00007ffc02dd6000 	C:\Windows\System32\GDI32.dll
0x00007ffc01c30000 - 0x00007ffc01dc6000 	C:\Windows\System32\gdi32full.dll
0x00007ffc01b90000 - 0x00007ffc01c2e000 	C:\Windows\System32\msvcp_win.dll
0x00007ffc02a80000 - 0x00007ffc02b7a000 	C:\Windows\System32\ucrtbase.dll
0x00007ffbf5250000 - 0x00007ffbf54d4000 	C:\Windows\WinSxS\amd64_microsoft.windows.common-controls_6595b64144ccf1df_6.0.18362.1139_none_9e7bf2d3e4605ac6\COMCTL32.dll
0x00007ffc04880000 - 0x00007ffc04bb5000 	C:\Windows\System32\combase.dll
0x00007ffc02c30000 - 0x00007ffc02cb0000 	C:\Windows\System32\bcryptPrimitives.dll
0x00007ffc02d80000 - 0x00007ffc02dae000 	C:\Windows\System32\IMM32.DLL
0x0000000068b40000 - 0x0000000068c12000 	C:\Program Files\Java\jdk1.8.0_231\jre\bin\msvcr100.dll
0x0000000062860000 - 0x0000000063106000 	C:\Program Files\Java\jdk1.8.0_231\jre\bin\server\jvm.dll
0x00007ffc03df0000 - 0x00007ffc03df8000 	C:\Windows\System32\PSAPI.DLL
0x00007ffbe18a0000 - 0x00007ffbe18a9000 	C:\Windows\SYSTEM32\WSOCK32.dll
0x00007ffbfe750000 - 0x00007ffbfe774000 	C:\Windows\SYSTEM32\WINMM.dll
0x00007ffbf9220000 - 0x00007ffbf922a000 	C:\Windows\SYSTEM32\VERSION.dll
0x00007ffc03810000 - 0x00007ffc0387f000 	C:\Windows\System32\WS2_32.dll
0x00007ffbfe720000 - 0x00007ffbfe74d000 	C:\Windows\SYSTEM32\WINMMBASE.dll
0x00007ffc01dd0000 - 0x00007ffc01e1a000 	C:\Windows\System32\cfgmgr32.dll
0x00007ffbfbf90000 - 0x00007ffbfbf9f000 	C:\Program Files\Java\jdk1.8.0_231\jre\bin\verify.dll
0x00007ffbe6960000 - 0x00007ffbe6989000 	C:\Program Files\Java\jdk1.8.0_231\jre\bin\java.dll
0x00007ffbef290000 - 0x00007ffbef2a6000 	C:\Program Files\Java\jdk1.8.0_231\jre\bin\zip.dll
0x00007ffc02f60000 - 0x00007ffc03647000 	C:\Windows\System32\SHELL32.dll
0x00007ffc036c0000 - 0x00007ffc03769000 	C:\Windows\System32\shcore.dll
0x00007ffc01f00000 - 0x00007ffc02680000 	C:\Windows\System32\windows.storage.dll
0x00007ffc01b40000 - 0x00007ffc01b63000 	C:\Windows\System32\profapi.dll
0x00007ffc01af0000 - 0x00007ffc01b3a000 	C:\Windows\System32\powrprof.dll
0x00007ffc01ac0000 - 0x00007ffc01ad0000 	C:\Windows\System32\UMPDC.dll
0x00007ffc042e0000 - 0x00007ffc04332000 	C:\Windows\System32\shlwapi.dll
0x00007ffc01ad0000 - 0x00007ffc01ae1000 	C:\Windows\System32\kernel.appcore.dll
0x00007ffc02be0000 - 0x00007ffc02bf7000 	C:\Windows\System32\cryptsp.dll
0x00007ffbee600000 - 0x00007ffbee61a000 	C:\Program Files\Java\jdk1.8.0_231\jre\bin\net.dll
0x00007ffc01310000 - 0x00007ffc01377000 	C:\Windows\system32\mswsock.dll
0x00007ffbee570000 - 0x00007ffbee582000 	C:\Program Files\Java\jdk1.8.0_231\jre\bin\nio.dll
0x00007ffbf6350000 - 0x00007ffbf6376000 	C:\Users\Perry Lance\.gradle\native\30\windows-amd64\native-platform.dll
0x00007ffbf0700000 - 0x00007ffbf070d000 	C:\Program Files\Java\jdk1.8.0_231\jre\bin\management.dll
0x00007ffc00e80000 - 0x00007ffc00eb3000 	C:\Windows\system32\rsaenh.dll
0x00007ffc02c00000 - 0x00007ffc02c26000 	C:\Windows\System32\bcrypt.dll
0x00007ffc019e0000 - 0x00007ffc01a05000 	C:\Windows\SYSTEM32\USERENV.dll
0x00007ffc014e0000 - 0x00007ffc014ec000 	C:\Windows\SYSTEM32\CRYPTBASE.dll
0x00007ffc01020000 - 0x00007ffc0105a000 	C:\Windows\SYSTEM32\IPHLPAPI.DLL
0x00007ffc03bb0000 - 0x00007ffc03bb8000 	C:\Windows\System32\NSI.dll
0x00007ffbfa260000 - 0x00007ffbfa276000 	C:\Windows\SYSTEM32\dhcpcsvc6.DLL
0x00007ffbfa3e0000 - 0x00007ffbfa3fc000 	C:\Windows\SYSTEM32\dhcpcsvc.DLL
0x00007ffc01060000 - 0x00007ffc0112b000 	C:\Windows\SYSTEM32\DNSAPI.dll
0x00007ffc00b00000 - 0x00007ffc00b31000 	C:\Windows\SYSTEM32\ntmarta.dll
0x00007ffbd8180000 - 0x00007ffbd831a000 	C:\Program Files\Java\jdk1.8.0_231\jre\bin\awt.dll
0x00007ffc047b0000 - 0x00007ffc04875000 	C:\Windows\System32\OLEAUT32.dll
0x00007ffbffc30000 - 0x00007ffbffcbf000 	C:\Windows\SYSTEM32\apphelp.dll
0x00007ffc00240000 - 0x00007ffc0026d000 	C:\Windows\system32\DWMAPI.DLL
0x00007ffbffe10000 - 0x00007ffbffea9000 	C:\Windows\system32\uxtheme.dll
0x00007ffbfbfb0000 - 0x00007ffbfbfda000 	C:\Program Files\Java\jdk1.8.0_231\jre\bin\dcpr.dll
0x00007ffbef2b0000 - 0x00007ffbef2ce000 	C:\Users\Perry Lance\AppData\Local\Temp\native-platform8887659180232566391dir\native-platform.dll

VM Arguments:
jvm_args: -Xmx1536m -Dfile.encoding=GBK -Duser.country=CN -Duser.language=zh -Duser.variant 
java_command: org.gradle.launcher.daemon.bootstrap.GradleDaemon 5.6.4
java_class_path (initial): C:\Users\Perry Lance\.gradle\wrapper\dists\gradle-5.6.4-all\ankdp27end7byghfw1q2sw75f\gradle-5.6.4\lib\gradle-launcher-5.6.4.jar
Launcher Type: SUN_STANDARD

Environment Variables:
JAVA_HOME=C:\Program Files\Java\jdk1.8.0_231
CLASSPATH=E:\Android\ExpandView\\gradle\wrapper\gradle-wrapper.jar
PATH=C:\Program Files (x86)\Common Files\Oracle\Java\javapath;C:\Program Files (x86)\Common Files\Intel\Shared Libraries\redist\intel64\compiler;C:\Windows\system32;C:\Windows;C:\Windows\System32\Wbem;C:\Windows\System32\WindowsPowerShell\v1.0\;C:\Windows\System32\OpenSSH\;C:\Program Files\Java\jdk1.8.0_231\bin;D:\Tomcat\apache-tomcat-9.0.34\lib;D:\Tomcat\apache-tomcat-9.0.34\bin;D:\Git\cmd;D:\TortoiseSVN\bin;C:\Users\Perry Lance\AppData\Local\Microsoft\WindowsApps;D:\Microsoft VS Code\bin;C:\Users\Perry Lance\AppData\Local\GitHubDesktop\bin
USERNAME=Perry Lance
OS=Windows_NT
PROCESSOR_IDENTIFIER=Intel64 Family 6 Model 60 Stepping 3, GenuineIntel



---------------  S Y S T E M  ---------------

OS: Windows 10.0 , 64 bit Build 18362 (10.0.18362.1110)

CPU:total 8 (initial active 8) (4 cores per cpu, 2 threads per core) family 6 model 60 stepping 3, cmov, cx8, fxsr, mmx, sse, sse2, sse3, ssse3, sse4.1, sse4.2, popcnt, avx, avx2, aes, clmul, erms, lzcnt, ht, tsc, tscinvbit, bmi1, bmi2

Memory: 4k page, physical 20851672k(3323644k free), swap 57012672k(4784k free)

vm_info: Java HotSpot(TM) 64-Bit Server VM (25.231-b11) for windows-amd64 JRE (1.8.0_231-b11), built on Oct  5 2019 03:11:30 by "java_re" with MS VC++ 10.0 (VS2010)

time: Fri Oct 23 16:58:38 2020
timezone: 中国标准时间
elapsed time: 30 seconds (0d 0h 0m 30s)

