#
# There is insufficient memory for the Java Runtime Environment to continue.
# Native memory allocation (malloc) failed to allocate 1019216 bytes for Chunk::new
# Possible reasons:
#   The system is out of physical RAM or swap space
#   The process is running with CompressedOops enabled, and the Java Heap may be blocking the growth of the native heap
# Possible solutions:
#   Reduce memory load on the system
#   Increase physical memory or swap space
#   Check if swap backing store is full
#   Decrease Java heap size (-Xmx/-Xms)
#   Decrease number of Java threads
#   Decrease Java thread stack sizes (-Xss)
#   Set larger code cache with -XX:ReservedCodeCacheSize=
#   JVM is running with Unscaled Compressed Oops mode in which the Java heap is
#     placed in the first 4GB address space. The Java Heap base address is the
#     maximum limit for the native heap growth. Please use -XX:HeapBaseMinAddress
#     to set the Java Heap base and to place the Java Heap above 4GB virtual address.
# This output file may be truncated or incomplete.
#
#  Out of Memory Error (allocation.cpp:389), pid=37636, tid=0x0000000000001690
#
# JRE version: OpenJDK Runtime Environment (8.0_242-b01) (build 1.8.0_242-release-1644-b01)
# Java VM: OpenJDK 64-Bit Server VM (25.242-b01 mixed mode windows-amd64 compressed oops)
# Failed to write core dump. Minidumps are not enabled by default on client versions of Windows
#

---------------  T H R E A D  ---------------

Current thread (0x0000000019e9c000):  JavaThread "C2 CompilerThread0" daemon [_thread_in_native, id=5776, stack(0x000000001a620000,0x000000001a720000)]

Stack: [0x000000001a620000,0x000000001a720000]
[error occurred during error reporting (printing stack bounds), id 0xc0000005]

Native frames: (J=compiled Java code, j=interpreted, Vv=VM code, C=native code)


Current CompileTask:
C2:   2009 1510       4       java.net.URLClassLoader$1::run (5 bytes)


---------------  P R O C E S S  ---------------

Java Threads: ( => current thread )
  0x000000001c7a5800 JavaThread "Cache worker for file hash cache (C:\Users\Perry Lance\.gradle\caches\6.5\fileHashes)" [_thread_blocked, id=23848, stack(0x000000001e890000,0x000000001e990000)]
  0x000000001c7ab000 JavaThread "File lock request listener" [_thread_in_native, id=30872, stack(0x000000001e790000,0x000000001e890000)]
  0x000000001c916800 JavaThread "Cache worker for journal cache (C:\Users\Perry Lance\.gradle\caches\journal-1)" [_thread_blocked, id=36440, stack(0x000000001e690000,0x000000001e790000)]
  0x000000001c898000 JavaThread "Thread-9" [_thread_blocked, id=34728, stack(0x000000001e390000,0x000000001e490000)]
  0x000000001c6d4800 JavaThread "Stdin handler" [_thread_blocked, id=35232, stack(0x000000001e290000,0x000000001e390000)]
  0x000000001c6d5800 JavaThread "Asynchronous log dispatcher for DefaultDaemonConnection: socket connection from /127.0.0.1:54515 to /127.0.0.1:54516" [_thread_blocked, id=34388, stack(0x000000001e190000,0x000000001e290000)]
  0x000000001c895000 JavaThread "Daemon worker" [_thread_in_native, id=36076, stack(0x000000001e090000,0x000000001e190000)]
  0x000000001c894800 JavaThread "Cancel handler" [_thread_blocked, id=34064, stack(0x000000001df90000,0x000000001e090000)]
  0x000000001c7be800 JavaThread "Handler for socket connection from /127.0.0.1:54515 to /127.0.0.1:54516" [_thread_in_native, id=6464, stack(0x000000001de90000,0x000000001df90000)]
  0x000000001c7b9000 JavaThread "Daemon" [_thread_blocked, id=18796, stack(0x000000001dd90000,0x000000001de90000)]
  0x000000001c7a3000 JavaThread "Daemon periodic checks" [_thread_blocked, id=16916, stack(0x000000001da90000,0x000000001db90000)]
  0x000000001c588800 JavaThread "Incoming local TCP Connector on port 54515" [_thread_in_native, id=33200, stack(0x000000001d8e0000,0x000000001d9e0000)]
  0x000000001c2d2800 JavaThread "Daemon health stats" [_thread_blocked, id=23336, stack(0x000000001d5c0000,0x000000001d6c0000)]
  0x0000000019efe800 JavaThread "Service Thread" daemon [_thread_blocked, id=37028, stack(0x000000001aa20000,0x000000001ab20000)]
  0x0000000019ec0000 JavaThread "C1 CompilerThread3" daemon [_thread_blocked, id=6708, stack(0x000000001a920000,0x000000001aa20000)]
  0x0000000019ebd000 JavaThread "C2 CompilerThread2" daemon [_thread_blocked, id=35792, stack(0x000000001a820000,0x000000001a920000)]
  0x0000000019eb2000 JavaThread "C2 CompilerThread1" daemon [_thread_blocked, id=9176, stack(0x000000001a720000,0x000000001a820000)]
=>0x0000000019e9c000 JavaThread "C2 CompilerThread0" daemon [_thread_in_native, id=5776, stack(0x000000001a620000,0x000000001a720000)]
  0x0000000019e99800 JavaThread "Attach Listener" daemon [_thread_blocked, id=15096, stack(0x000000001a520000,0x000000001a620000)]
  0x0000000019eaf800 JavaThread "Signal Dispatcher" daemon [_thread_blocked, id=30652, stack(0x000000001a420000,0x000000001a520000)]
  0x0000000019e41000 JavaThread "Finalizer" daemon [_thread_blocked, id=23048, stack(0x000000001a320000,0x000000001a420000)]
  0x0000000019e40800 JavaThread "Reference Handler" daemon [_thread_blocked, id=30404, stack(0x000000001a220000,0x000000001a320000)]
  0x0000000002a2e000 JavaThread "main" [_thread_blocked, id=8576, stack(0x0000000002dc0000,0x0000000002ec0000)]

Other Threads:
  0x0000000018028000 VMThread [stack: 0x0000000019d20000,0x0000000019e20000] [id=36372]
  0x0000000019f00800 WatcherThread [stack: 0x000000001ab20000,0x000000001ac20000] [id=14116]

VM state:not at safepoint (normal execution)

VM Mutex/Monitor currently owned by a thread: None

heap address: 0x0000000080000000, size: 2048 MB, Compressed Oops mode: 32-bit
Narrow klass base: 0x0000000000000000, Narrow klass shift: 3
Compressed class space size: 1073741824 Address: 0x0000000100000000

Heap:
 PSYoungGen      total 95744K, used 71897K [0x00000000d5580000, 0x00000000dc000000, 0x0000000100000000)
  eden space 82432K, 78% used [0x00000000d5580000,0x00000000d94f8480,0x00000000da600000)
  from space 13312K, 51% used [0x00000000da600000,0x00000000dacbe018,0x00000000db300000)
  to   space 13312K, 0% used [0x00000000db300000,0x00000000db300000,0x00000000dc000000)
 ParOldGen       total 218624K, used 16K [0x0000000080000000, 0x000000008d580000, 0x00000000d5580000)
  object space 218624K, 0% used [0x0000000080000000,0x0000000080004000,0x000000008d580000)
 Metaspace       used 15570K, capacity 16178K, committed 16384K, reserved 1062912K
  class space    used 2054K, capacity 2203K, committed 2304K, reserved 1048576K

Card table byte_map: [0x0000000012380000,0x0000000012790000] byte_map_base: 0x0000000011f80000

Marking Bits: (ParMarkBitMap*) 0x00000000689ef030
 Begin Bits: [0x0000000013240000, 0x0000000015240000)
 End Bits:   [0x0000000015240000, 0x0000000017240000)

Polling page: 0x0000000000dd0000

CodeCache: size=245760Kb used=5434Kb max_used=5436Kb free=240325Kb
 bounds [0x0000000002fc0000, 0x0000000003520000, 0x0000000011fc0000]
 total_blobs=1914 nmethods=1522 adapters=305
 compilation: enabled

Compilation events (10 events):
Event: 1.984 Thread 0x0000000019ec0000 1520       3       java.io.File::<init> (20 bytes)
Event: 1.984 Thread 0x0000000019ec0000 nmethod 1520 0x0000000003507890 code [0x00000000035079e0, 0x0000000003507bd0]
Event: 1.985 Thread 0x0000000019ec0000 1521       3       java.lang.Enum::compareTo (44 bytes)
Event: 1.986 Thread 0x0000000019ec0000 nmethod 1521 0x0000000003506b90 code [0x0000000003506d40, 0x0000000003507648]
Event: 1.986 Thread 0x0000000019ec0000 1523       1       java.net.InetAddress::holder (5 bytes)
Event: 1.986 Thread 0x0000000019ec0000 nmethod 1523 0x0000000003504350 code [0x00000000035044a0, 0x00000000035045b0]
Event: 1.986 Thread 0x0000000019ec0000 1522       1       java.lang.Integer::intValue (5 bytes)
Event: 1.986 Thread 0x0000000019ec0000 nmethod 1522 0x00000000035068d0 code [0x0000000003506a20, 0x0000000003506b30]
Event: 1.989 Thread 0x0000000019ec0000 1525       3       jdk.internal.org.objectweb.asm.MethodWriter::visitInsn (106 bytes)
Event: 1.989 Thread 0x0000000019ec0000 nmethod 1525 0x00000000035060d0 code [0x0000000003506280, 0x0000000003506728]

GC Heap History (2 events):
Event: 1.036 GC heap before
{Heap before GC invocations=1 (full 0):
 PSYoungGen      total 95744K, used 82432K [0x00000000d5580000, 0x00000000dc000000, 0x0000000100000000)
  eden space 82432K, 100% used [0x00000000d5580000,0x00000000da600000,0x00000000da600000)
  from space 13312K, 0% used [0x00000000db300000,0x00000000db300000,0x00000000dc000000)
  to   space 13312K, 0% used [0x00000000da600000,0x00000000da600000,0x00000000db300000)
 ParOldGen       total 218624K, used 0K [0x0000000080000000, 0x000000008d580000, 0x00000000d5580000)
  object space 218624K, 0% used [0x0000000080000000,0x0000000080000000,0x000000008d580000)
 Metaspace       used 8162K, capacity 8544K, committed 8576K, reserved 1056768K
  class space    used 1033K, capacity 1143K, committed 1152K, reserved 1048576K
Event: 1.042 GC heap after
Heap after GC invocations=1 (full 0):
 PSYoungGen      total 95744K, used 6904K [0x00000000d5580000, 0x00000000dc000000, 0x0000000100000000)
  eden space 82432K, 0% used [0x00000000d5580000,0x00000000d5580000,0x00000000da600000)
  from space 13312K, 51% used [0x00000000da600000,0x00000000dacbe018,0x00000000db300000)
  to   space 13312K, 0% used [0x00000000db300000,0x00000000db300000,0x00000000dc000000)
 ParOldGen       total 218624K, used 16K [0x0000000080000000, 0x000000008d580000, 0x00000000d5580000)
  object space 218624K, 0% used [0x0000000080000000,0x0000000080004000,0x000000008d580000)
 Metaspace       used 8162K, capacity 8544K, committed 8576K, reserved 1056768K
  class space    used 1033K, capacity 1143K, committed 1152K, reserved 1048576K
}

Deoptimization events (10 events):
Event: 1.542 Thread 0x000000001c7be800 Uncommon trap: reason=unstable_if action=reinterpret pc=0x00000000033008d4 method=java.lang.String.substring(I)Ljava/lang/String; @ 35
Event: 1.588 Thread 0x000000001c895000 Uncommon trap: reason=bimorphic action=maybe_recompile pc=0x000000000326e704 method=java.util.HashMap.putVal(ILjava/lang/Object;Ljava/lang/Object;ZZ)Ljava/lang/Object; @ 253
Event: 1.589 Thread 0x000000001c895000 Uncommon trap: reason=bimorphic action=maybe_recompile pc=0x000000000326e704 method=java.util.HashMap.putVal(ILjava/lang/Object;Ljava/lang/Object;ZZ)Ljava/lang/Object; @ 253
Event: 1.589 Thread 0x000000001c895000 Uncommon trap: reason=bimorphic action=maybe_recompile pc=0x000000000326e704 method=java.util.HashMap.putVal(ILjava/lang/Object;Ljava/lang/Object;ZZ)Ljava/lang/Object; @ 253
Event: 1.589 Thread 0x000000001c895000 Uncommon trap: reason=bimorphic action=maybe_recompile pc=0x000000000326e704 method=java.util.HashMap.putVal(ILjava/lang/Object;Ljava/lang/Object;ZZ)Ljava/lang/Object; @ 253
Event: 1.863 Thread 0x000000001c895000 Uncommon trap: reason=class_check action=maybe_recompile pc=0x0000000003305518 method=java.util.regex.Matcher.match(II)Z @ 86
Event: 1.864 Thread 0x000000001c895000 Uncommon trap: reason=class_check action=maybe_recompile pc=0x0000000003305518 method=java.util.regex.Matcher.match(II)Z @ 86
Event: 1.864 Thread 0x000000001c895000 Uncommon trap: reason=class_check action=maybe_recompile pc=0x0000000003305518 method=java.util.regex.Matcher.match(II)Z @ 86
Event: 1.864 Thread 0x000000001c895000 Uncommon trap: reason=class_check action=maybe_recompile pc=0x0000000003174acc method=java.util.regex.Matcher.match(II)Z @ 86
Event: 1.992 Thread 0x000000001c895000 Uncommon trap: reason=unstable_if action=reinterpret pc=0x000000000330c55c method=java.io.File.getName()Ljava/lang/String; @ 16

Classes redefined (0 events):
No events

Internal exceptions (10 events):
Event: 1.529 Thread 0x000000001c7be800 Exception <a 'java/lang/NoSuchMethodError': <clinit>> (0x00000000d6d8e130) thrown at [C:\src\AOSP-openjdk-git\hotspot\src\share\vm\prims\jni.cpp, line 1615]
Event: 1.531 Thread 0x000000001c7be800 Exception <a 'java/lang/NoSuchMethodError': <clinit>> (0x00000000d6da0a38) thrown at [C:\src\AOSP-openjdk-git\hotspot\src\share\vm\prims\jni.cpp, line 1615]
Event: 1.534 Thread 0x000000001c7be800 Exception <a 'java/lang/NoSuchMethodError': <clinit>> (0x00000000d6dc7b70) thrown at [C:\src\AOSP-openjdk-git\hotspot\src\share\vm\prims\jni.cpp, line 1615]
Event: 1.536 Thread 0x000000001c7be800 Exception <a 'java/lang/NoSuchMethodError': <clinit>> (0x00000000d6ddf740) thrown at [C:\src\AOSP-openjdk-git\hotspot\src\share\vm\prims\jni.cpp, line 1615]
Event: 1.537 Thread 0x000000001c7be800 Exception <a 'java/lang/NoSuchMethodError': <clinit>> (0x00000000d6de82e0) thrown at [C:\src\AOSP-openjdk-git\hotspot\src\share\vm\prims\jni.cpp, line 1615]
Event: 1.539 Thread 0x000000001c7be800 Exception <a 'java/lang/NoSuchMethodError': <clinit>> (0x00000000d6dfe6a0) thrown at [C:\src\AOSP-openjdk-git\hotspot\src\share\vm\prims\jni.cpp, line 1615]
Event: 1.553 Thread 0x000000001c7be800 Exception <a 'java/lang/NoSuchMethodError': <clinit>> (0x00000000d6e7a590) thrown at [C:\src\AOSP-openjdk-git\hotspot\src\share\vm\prims\jni.cpp, line 1615]
Event: 1.560 Thread 0x000000001c7be800 Exception <a 'java/lang/NoSuchMethodError': <clinit>> (0x00000000d6ea9bc0) thrown at [C:\src\AOSP-openjdk-git\hotspot\src\share\vm\prims\jni.cpp, line 1615]
Event: 1.565 Thread 0x000000001c7be800 Exception <a 'java/lang/NoSuchMethodError': <clinit>> (0x00000000d6ed82c8) thrown at [C:\src\AOSP-openjdk-git\hotspot\src\share\vm\prims\jni.cpp, line 1615]
Event: 1.567 Thread 0x000000001c7be800 Exception <a 'java/lang/NoSuchMethodError': <clinit>> (0x00000000d6ee4740) thrown at [C:\src\AOSP-openjdk-git\hotspot\src\share\vm\prims\jni.cpp, line 1615]

Events (10 events):
Event: 2.002 loading class com/google/common/io/CharSource$ConcatenatedCharSource
Event: 2.002 loading class com/google/common/io/CharSource$ConcatenatedCharSource done
Event: 2.002 loading class com/google/common/io/CharSource$CharSequenceCharSource
Event: 2.002 loading class com/google/common/io/CharSource$CharSequenceCharSource done
Event: 2.003 loading class com/google/common/io/CharSource$StringCharSource
Event: 2.003 loading class com/google/common/io/CharSource$StringCharSource done
Event: 2.003 loading class com/google/common/io/CharSource$EmptyCharSource
Event: 2.003 loading class com/google/common/io/CharSource$EmptyCharSource done
Event: 2.003 loading class com/google/common/io/CharSource$AsByteSource
Event: 2.003 loading class com/google/common/io/CharSource$AsByteSource done


Dynamic libraries:
0x00007ff709790000 - 0x00007ff7097c1000 	D:\Android\android-studio-ide-201.6776251-windows\android-studio\jre\bin\java.exe
0x00007ffc04c00000 - 0x00007ffc04df0000 	C:\Windows\SYSTEM32\ntdll.dll
0x00007ffc03d30000 - 0x00007ffc03de2000 	C:\Windows\System32\KERNEL32.DLL
0x00007ffc02680000 - 0x00007ffc02925000 	C:\Windows\System32\KERNELBASE.dll
0x00007ffc03f60000 - 0x00007ffc04003000 	C:\Windows\System32\ADVAPI32.dll
0x00007ffc03770000 - 0x00007ffc0380e000 	C:\Windows\System32\msvcrt.dll
0x00007ffc04010000 - 0x00007ffc040a7000 	C:\Windows\System32\sechost.dll
0x00007ffc02e40000 - 0x00007ffc02f60000 	C:\Windows\System32\RPCRT4.dll
0x00007ffc03880000 - 0x00007ffc03a14000 	C:\Windows\System32\USER32.dll
0x00007ffc01ed0000 - 0x00007ffc01ef1000 	C:\Windows\System32\win32u.dll
0x00007ffc02db0000 - 0x00007ffc02dd6000 	C:\Windows\System32\GDI32.dll
0x00007ffc01c30000 - 0x00007ffc01dc6000 	C:\Windows\System32\gdi32full.dll
0x00007ffc01b90000 - 0x00007ffc01c2e000 	C:\Windows\System32\msvcp_win.dll
0x00007ffc02a80000 - 0x00007ffc02b7a000 	C:\Windows\System32\ucrtbase.dll
0x00007ffbf5250000 - 0x00007ffbf54d4000 	C:\Windows\WinSxS\amd64_microsoft.windows.common-controls_6595b64144ccf1df_6.0.18362.1139_none_9e7bf2d3e4605ac6\COMCTL32.dll
0x00007ffc04880000 - 0x00007ffc04bb5000 	C:\Windows\System32\combase.dll
0x00007ffc02c30000 - 0x00007ffc02cb0000 	C:\Windows\System32\bcryptPrimitives.dll
0x00007ffc02d80000 - 0x00007ffc02dae000 	C:\Windows\System32\IMM32.DLL
0x0000000068c60000 - 0x0000000068d32000 	D:\Android\android-studio-ide-201.6776251-windows\android-studio\jre\jre\bin\msvcr100.dll
0x0000000068220000 - 0x0000000068a6b000 	D:\Android\android-studio-ide-201.6776251-windows\android-studio\jre\jre\bin\server\jvm.dll
0x00007ffc03df0000 - 0x00007ffc03df8000 	C:\Windows\System32\PSAPI.DLL
0x00007ffbe18a0000 - 0x00007ffbe18a9000 	C:\Windows\SYSTEM32\WSOCK32.dll
0x00007ffbfe750000 - 0x00007ffbfe774000 	C:\Windows\SYSTEM32\WINMM.dll
0x00007ffbf9220000 - 0x00007ffbf922a000 	C:\Windows\SYSTEM32\VERSION.dll
0x00007ffc03810000 - 0x00007ffc0387f000 	C:\Windows\System32\WS2_32.dll
0x00007ffbfe720000 - 0x00007ffbfe74d000 	C:\Windows\SYSTEM32\WINMMBASE.dll
0x00007ffc01dd0000 - 0x00007ffc01e1a000 	C:\Windows\System32\cfgmgr32.dll
0x00007ffbfe710000 - 0x00007ffbfe71f000 	D:\Android\android-studio-ide-201.6776251-windows\android-studio\jre\jre\bin\verify.dll
0x00007ffbf4f20000 - 0x00007ffbf4f49000 	D:\Android\android-studio-ide-201.6776251-windows\android-studio\jre\jre\bin\java.dll
0x00007ffbfe5f0000 - 0x00007ffbfe606000 	D:\Android\android-studio-ide-201.6776251-windows\android-studio\jre\jre\bin\zip.dll
0x00007ffc02f60000 - 0x00007ffc03647000 	C:\Windows\System32\SHELL32.dll
0x00007ffc036c0000 - 0x00007ffc03769000 	C:\Windows\System32\shcore.dll
0x00007ffc01f00000 - 0x00007ffc02680000 	C:\Windows\System32\windows.storage.dll
0x00007ffc01b40000 - 0x00007ffc01b63000 	C:\Windows\System32\profapi.dll
0x00007ffc01af0000 - 0x00007ffc01b3a000 	C:\Windows\System32\powrprof.dll
0x00007ffc01ac0000 - 0x00007ffc01ad0000 	C:\Windows\System32\UMPDC.dll
0x00007ffc042e0000 - 0x00007ffc04332000 	C:\Windows\System32\shlwapi.dll
0x00007ffc01ad0000 - 0x00007ffc01ae1000 	C:\Windows\System32\kernel.appcore.dll
0x00007ffc02be0000 - 0x00007ffc02bf7000 	C:\Windows\System32\cryptsp.dll
0x00007ffbfbfe0000 - 0x00007ffbfbffa000 	D:\Android\android-studio-ide-201.6776251-windows\android-studio\jre\jre\bin\net.dll
0x00007ffc01310000 - 0x00007ffc01377000 	C:\Windows\system32\mswsock.dll
0x00007ffbfbf70000 - 0x00007ffbfbf83000 	D:\Android\android-studio-ide-201.6776251-windows\android-studio\jre\jre\bin\nio.dll
0x00007ffbfbfb0000 - 0x00007ffbfbfd7000 	C:\Users\Perry Lance\.gradle\native\f6784746aeab05261644944871eae4fe03e0ef1612fff0a4a95f87b438bc6780\windows-amd64\native-platform.dll
0x00007ffbfdd20000 - 0x00007ffbfdd2d000 	D:\Android\android-studio-ide-201.6776251-windows\android-studio\jre\jre\bin\management.dll
0x00007ffc00e80000 - 0x00007ffc00eb3000 	C:\Windows\system32\rsaenh.dll
0x00007ffc02c00000 - 0x00007ffc02c26000 	C:\Windows\System32\bcrypt.dll
0x00007ffc019e0000 - 0x00007ffc01a05000 	C:\Windows\SYSTEM32\USERENV.dll
0x00007ffc014e0000 - 0x00007ffc014ec000 	C:\Windows\SYSTEM32\CRYPTBASE.dll
0x00007ffc01020000 - 0x00007ffc0105a000 	C:\Windows\SYSTEM32\IPHLPAPI.DLL
0x00007ffc03bb0000 - 0x00007ffc03bb8000 	C:\Windows\System32\NSI.dll
0x00007ffbfa260000 - 0x00007ffbfa276000 	C:\Windows\SYSTEM32\dhcpcsvc6.DLL
0x00007ffbfa3e0000 - 0x00007ffbfa3fc000 	C:\Windows\SYSTEM32\dhcpcsvc.DLL
0x00007ffc01060000 - 0x00007ffc0112b000 	C:\Windows\SYSTEM32\DNSAPI.dll
0x00007ffbfa880000 - 0x00007ffbfa88b000 	C:\Windows\SYSTEM32\WINNSI.DLL

VM Arguments:
jvm_args: -Xmx2048m -Dfile.encoding=UTF-8 -Duser.country=CN -Duser.language=zh -Duser.variant 
java_command: org.gradle.launcher.daemon.bootstrap.GradleDaemon 6.5
java_class_path (initial): C:\Users\Perry Lance\.gradle\wrapper\dists\gradle-6.5-all\2oz4ud9k3tuxjg84bbf55q0tn\gradle-6.5\lib\gradle-launcher-6.5.jar
Launcher Type: SUN_STANDARD

Environment Variables:
JAVA_HOME=C:\Program Files\Java\jdk1.8.0_231
CLASSPATH=.;C:\Program Files\Java\jdk1.8.0_231\lib;C:\Program Files\Java\jdk1.8.0_231\lib\tools.jar;D:\Tomcat\apache-tomcat-9.0.34\lib\servlet-api.jar;
PATH=C:\Program Files (x86)\Common Files\Oracle\Java\javapath;C:\Program Files (x86)\Common Files\Intel\Shared Libraries\redist\intel64\compiler;C:\Windows\system32;C:\Windows;C:\Windows\System32\Wbem;C:\Windows\System32\WindowsPowerShell\v1.0\;C:\Windows\System32\OpenSSH\;C:\Program Files\Java\jdk1.8.0_231\bin;D:\Tomcat\apache-tomcat-9.0.34\lib;D:\Tomcat\apache-tomcat-9.0.34\bin;D:\Git\cmd;D:\TortoiseSVN\bin;C:\Users\Perry Lance\AppData\Local\Microsoft\WindowsApps;D:\Microsoft VS Code\bin;C:\Users\Perry Lance\AppData\Local\GitHubDesktop\bin
USERNAME=Perry Lance
OS=Windows_NT
PROCESSOR_IDENTIFIER=Intel64 Family 6 Model 60 Stepping 3, GenuineIntel



---------------  S Y S T E M  ---------------

OS: Windows 10.0 , 64 bit Build 18362 (10.0.18362.1110)

CPU:total 8 (initial active 8) (4 cores per cpu, 2 threads per core) family 6 model 60 stepping 3, cmov, cx8, fxsr, mmx, sse, sse2, sse3, ssse3, sse4.1, sse4.2, popcnt, avx, avx2, aes, clmul, erms, lzcnt, ht, tsc, tscinvbit, bmi1, bmi2

Memory: 4k page, physical 20851672k(3852768k free), swap 57012672k(4516k free)

vm_info: OpenJDK 64-Bit Server VM (25.242-b01) for windows-amd64 JRE (1.8.0_242-release-1644-b01), built by "builder" with MS VC++ 10.0 (VS2010)

time: Fri Oct 23 17:04:38 2020
timezone: 中国标准时间
elapsed time: 2 seconds (0d 0h 0m 2s)

