#
# There is insufficient memory for the Java Runtime Environment to continue.
# Native memory allocation (malloc) failed to allocate 1390416 bytes for Chunk::new
# Possible reasons:
#   The system is out of physical RAM or swap space
#   The process is running with CompressedOops enabled, and the Java Heap may be blocking the growth of the native heap
# Possible solutions:
#   Reduce memory load on the system
#   Increase physical memory or swap space
#   Check if swap backing store is full
#   Decrease Java heap size (-Xmx/-Xms)
#   Decrease number of Java threads
#   Decrease Java thread stack sizes (-Xss)
#   Set larger code cache with -XX:ReservedCodeCacheSize=
#   JVM is running with Unscaled Compressed Oops mode in which the Java heap is
#     placed in the first 4GB address space. The Java Heap base address is the
#     maximum limit for the native heap growth. Please use -XX:HeapBaseMinAddress
#     to set the Java Heap base and to place the Java Heap above 4GB virtual address.
# This output file may be truncated or incomplete.
#
#  Out of Memory Error (allocation.cpp:389), pid=25912, tid=0x0000000000007660
#
# JRE version: Java(TM) SE Runtime Environment (8.0_231-b11) (build 1.8.0_231-b11)
# Java VM: Java HotSpot(TM) 64-Bit Server VM (25.231-b11 mixed mode windows-amd64 compressed oops)
# Failed to write core dump. Minidumps are not enabled by default on client versions of Windows
#

---------------  T H R E A D  ---------------

Current thread (0x0000000018870000):  JavaThread "C2 CompilerThread2" daemon [_thread_in_native, id=30304, stack(0x00000000191d0000,0x00000000192d0000)]

Stack: [0x00000000191d0000,0x00000000192d0000]
[error occurred during error reporting (printing stack bounds), id 0xc0000005]

Native frames: (J=compiled Java code, j=interpreted, Vv=VM code, C=native code)


Current CompileTask:
C2:  34933 16539   !   4       java.io.ObjectOutputStream::writeObject0 (619 bytes)


---------------  P R O C E S S  ---------------

Java Threads: ( => current thread )
  0x000000001e5c5800 JavaThread "RMI TCP Connection(1)-127.0.0.1" daemon [_thread_in_native, id=6160, stack(0x000000002bda0000,0x000000002bea0000)]
  0x000000001e5cc000 JavaThread "RMI Reaper" [_thread_blocked, id=28912, stack(0x000000002bca0000,0x000000002bda0000)]
  0x000000001e5c4800 JavaThread "RMI TCP Accept-0" daemon [_thread_in_native, id=35524, stack(0x000000002bba0000,0x000000002bca0000)]
  0x000000001e5c7800 JavaThread "GC Daemon" daemon [_thread_blocked, id=7692, stack(0x000000002a2d0000,0x000000002a3d0000)]
  0x000000001e5cb800 JavaThread "RMI RenewClean-[127.0.0.1:17391,org.jetbrains.kotlin.daemon.common.LoopbackNetworkInterface$ClientLoopbackSocketFactory@7ceccc99]" daemon [_thread_blocked, id=10528, stack(0x000000002a0d0000,0x000000002a1d0000)]
  0x000000001e5ca000 JavaThread "RMI Scheduler(0)" daemon [_thread_blocked, id=26804, stack(0x00000000292b0000,0x00000000293b0000)]
  0x000000001e5c7000 JavaThread "ForkJoinPool.commonPool-worker-7" daemon [_thread_blocked, id=32700, stack(0x000000002a4d0000,0x000000002a5d0000)]
  0x000000001e5c6000 JavaThread "ForkJoinPool.commonPool-worker-6" daemon [_thread_blocked, id=17776, stack(0x000000002a3d0000,0x000000002a4d0000)]
  0x000000001e5c4000 JavaThread "ForkJoinPool.commonPool-worker-4" daemon [_thread_blocked, id=32596, stack(0x000000002a1d0000,0x000000002a2d0000)]
  0x000000001e5bf800 JavaThread "ForkJoinPool.commonPool-worker-2" daemon [_thread_blocked, id=23656, stack(0x0000000029bb0000,0x0000000029cb0000)]
  0x000000001e5c1000 JavaThread "ForkJoinPool.commonPool-worker-1" daemon [_thread_blocked, id=35316, stack(0x00000000291b0000,0x00000000292b0000)]
  0x000000001e5c2800 JavaThread "stdout" daemon [_thread_in_native, id=18296, stack(0x00000000298b0000,0x00000000299b0000)]
  0x000000001e5c1800 JavaThread "stderr" daemon [_thread_in_native, id=6628, stack(0x00000000297b0000,0x00000000298b0000)]
  0x000000001dda6000 JavaThread "stdout" daemon [_thread_in_native, id=23652, stack(0x00000000296b0000,0x00000000297b0000)]
  0x000000001d32a000 JavaThread "stderr" daemon [_thread_in_native, id=34416, stack(0x00000000295b0000,0x00000000296b0000)]
  0x000000001d32a800 JavaThread "stdout" daemon [_thread_in_native, id=29168, stack(0x00000000294b0000,0x00000000295b0000)]
  0x000000001d32b800 JavaThread "stderr" daemon [_thread_in_native, id=14104, stack(0x00000000293b0000,0x00000000294b0000)]
  0x000000001d328800 JavaThread "ForkJoinPool-1-worker-5" daemon [_thread_blocked, id=15536, stack(0x00000000290b0000,0x00000000291b0000)]
  0x000000001d327800 JavaThread "ForkJoinPool-1-worker-4" daemon [_thread_blocked, id=33568, stack(0x0000000028fb0000,0x00000000290b0000)]
  0x000000001d31f800 JavaThread "ForkJoinPool-1-worker-3" daemon [_thread_blocked, id=33032, stack(0x0000000028eb0000,0x0000000028fb0000)]
  0x000000001d326000 JavaThread "ForkJoinPool-1-worker-2" daemon [_thread_blocked, id=12260, stack(0x0000000028db0000,0x0000000028eb0000)]
  0x000000001d325800 JavaThread "stdout" [_thread_in_native, id=1564, stack(0x0000000028cb0000,0x0000000028db0000)]
  0x000000001d324800 JavaThread "stderr" [_thread_in_native, id=35552, stack(0x0000000028bb0000,0x0000000028cb0000)]
  0x000000001d31d000 JavaThread "stdout" [_thread_in_native, id=34952, stack(0x0000000028800000,0x0000000028900000)]
  0x000000001d31e000 JavaThread "stderr" [_thread_in_native, id=37196, stack(0x0000000028700000,0x0000000028800000)]
  0x000000001d324000 JavaThread "stdout" [_thread_in_native, id=35748, stack(0x0000000028600000,0x0000000028700000)]
  0x000000001d323000 JavaThread "stderr" [_thread_in_native, id=35868, stack(0x0000000028500000,0x0000000028600000)]
  0x000000001d321800 JavaThread "stdout" [_thread_in_native, id=22480, stack(0x0000000028400000,0x0000000028500000)]
  0x000000001d321000 JavaThread "stderr" [_thread_in_native, id=11652, stack(0x0000000028300000,0x0000000028400000)]
  0x000000001dda7800 JavaThread "Java2D Disposer" daemon [_thread_blocked, id=12340, stack(0x0000000027fc0000,0x00000000280c0000)]
  0x000000001dda7000 JavaThread "WorkerExecutor Queue Thread 9" [_thread_blocked, id=18324, stack(0x0000000027ec0000,0x0000000027fc0000)]
  0x000000001dda4800 JavaThread "WorkerExecutor Queue Thread 7" [_thread_blocked, id=6348, stack(0x0000000027cc0000,0x0000000027dc0000)]
  0x000000001dda8800 JavaThread "WorkerExecutor Queue Thread 6" [_thread_blocked, id=37732, stack(0x0000000027bc0000,0x0000000027cc0000)]
  0x000000001dda5800 JavaThread "WorkerExecutor Queue Thread 5" [_thread_blocked, id=11052, stack(0x0000000027ac0000,0x0000000027bc0000)]
  0x000000001dd9c800 JavaThread "WorkerExecutor Queue Thread 3" [_thread_blocked, id=34812, stack(0x00000000278c0000,0x00000000279c0000)]
  0x000000001dda3000 JavaThread "WorkerExecutor Queue Thread 2" [_thread_blocked, id=15188, stack(0x00000000277c0000,0x00000000278c0000)]
  0x000000001dd9b800 JavaThread "WorkerExecutor Queue" [_thread_blocked, id=26148, stack(0x00000000276c0000,0x00000000277c0000)]
  0x000000001dd9b000 JavaThread "stdout" [_thread_in_native, id=23276, stack(0x00000000273c0000,0x00000000274c0000)]
  0x000000001dda1800 JavaThread "stderr" [_thread_in_native, id=25288, stack(0x00000000272c0000,0x00000000273c0000)]
  0x000000001dda1000 JavaThread "stdout" [_thread_in_native, id=28968, stack(0x00000000271c0000,0x00000000272c0000)]
  0x000000001dd99800 JavaThread "stderr" [_thread_in_native, id=26308, stack(0x00000000270c0000,0x00000000271c0000)]
  0x000000001dd9a000 JavaThread "stdout" [_thread_in_native, id=21880, stack(0x0000000026fc0000,0x00000000270c0000)]
  0x000000001dd9f800 JavaThread "stderr" [_thread_in_native, id=32888, stack(0x0000000026ec0000,0x0000000026fc0000)]
  0x000000001dd9e800 JavaThread "stdout" [_thread_in_native, id=34956, stack(0x0000000026dc0000,0x0000000026ec0000)]
  0x000000001dd9d000 JavaThread "stderr" [_thread_in_native, id=32944, stack(0x0000000026cc0000,0x0000000026dc0000)]
  0x000000001dd9e000 JavaThread "pool-2-thread-1" [_thread_blocked, id=15012, stack(0x0000000026ac0000,0x0000000026bc0000)]
  0x000000001dda0000 JavaThread "Cache worker for execution history cache (E:\Android\ExpandView\.gradle\5.6.4\executionHistory)" [_thread_blocked, id=33928, stack(0x00000000269c0000,0x0000000026ac0000)]
  0x000000001b425000 JavaThread "Execution worker for ':' Thread 7" [_thread_blocked, id=37600, stack(0x00000000268c0000,0x00000000269c0000)]
  0x000000002035a800 JavaThread "Execution worker for ':' Thread 6" [_thread_blocked, id=7816, stack(0x00000000267c0000,0x00000000268c0000)]
  0x0000000020357800 JavaThread "Execution worker for ':' Thread 5" [_thread_blocked, id=15404, stack(0x00000000266c0000,0x00000000267c0000)]
  0x0000000020359800 JavaThread "Execution worker for ':' Thread 4" [_thread_in_native, id=25196, stack(0x00000000265c0000,0x00000000266c0000)]
  0x000000002035c000 JavaThread "Execution worker for ':' Thread 3" [_thread_blocked, id=21616, stack(0x00000000264c0000,0x00000000265c0000)]
  0x0000000020358000 JavaThread "Execution worker for ':' Thread 2" [_thread_blocked, id=23348, stack(0x00000000263c0000,0x00000000264c0000)]
  0x0000000020356800 JavaThread "Execution worker for ':'" [_thread_blocked, id=4684, stack(0x0000000025e40000,0x0000000025f40000)]
  0x000000002035b800 JavaThread "Cache worker for file content cache (E:\Android\ExpandView\.gradle\5.6.4\fileContent)" [_thread_blocked, id=17664, stack(0x0000000025500000,0x0000000025600000)]
  0x0000000020359000 JavaThread "Cache worker for file content cache (C:\Users\Perry Lance\.gradle\caches\5.6.4\fileContent)" [_thread_blocked, id=19148, stack(0x0000000024990000,0x0000000024a90000)]
  0x000000002034e800 JavaThread "Memory manager" [_thread_blocked, id=25144, stack(0x0000000024570000,0x0000000024670000)]
  0x000000002034f000 JavaThread "Cache worker for Build Output Cleanup Cache (E:\Android\ExpandView\.gradle\buildOutputCleanup)" [_thread_blocked, id=12052, stack(0x0000000024890000,0x0000000024990000)]
  0x0000000020354800 JavaThread "pool-1-thread-1" [_thread_blocked, id=30660, stack(0x0000000023e60000,0x0000000023f60000)]
  0x000000002034d800 JavaThread "Build operations Thread 8" [_thread_blocked, id=26656, stack(0x0000000022d90000,0x0000000022e90000)]
  0x0000000020353800 JavaThread "Build operations Thread 7" [_thread_blocked, id=3824, stack(0x0000000022c90000,0x0000000022d90000)]
  0x0000000020351800 JavaThread "Build operations Thread 6" [_thread_blocked, id=22924, stack(0x0000000022b90000,0x0000000022c90000)]
  0x000000002034d000 JavaThread "Build operations Thread 5" [_thread_blocked, id=12024, stack(0x0000000022a90000,0x0000000022b90000)]
  0x0000000020350800 JavaThread "Build operations Thread 4" [_thread_blocked, id=33804, stack(0x0000000022990000,0x0000000022a90000)]
  0x0000000020353000 JavaThread "Build operations Thread 3" [_thread_blocked, id=13420, stack(0x0000000022890000,0x0000000022990000)]
  0x0000000020352000 JavaThread "Build operations Thread 2" [_thread_blocked, id=2872, stack(0x0000000022790000,0x0000000022890000)]
  0x000000001b423000 JavaThread "Build operations" [_thread_blocked, id=30764, stack(0x00000000223c0000,0x00000000224c0000)]
  0x000000001b429800 JavaThread "Cache worker for execution history cache (C:\Users\Perry Lance\.gradle\caches\5.6.4\executionHistory)" [_thread_blocked, id=32000, stack(0x0000000021ec0000,0x0000000021fc0000)]
  0x000000001b429000 JavaThread "Cache worker for cache directory md-rule (C:\Users\Perry Lance\.gradle\caches\5.6.4\md-rule)" [_thread_blocked, id=15804, stack(0x0000000021dc0000,0x0000000021ec0000)]
  0x000000001b428000 JavaThread "Cache worker for cache directory md-supplier (C:\Users\Perry Lance\.gradle\caches\5.6.4\md-supplier)" [_thread_blocked, id=10808, stack(0x0000000021cc0000,0x0000000021dc0000)]
  0x000000001b423800 JavaThread "Cache worker for file hash cache (E:\Android\ExpandView\.gradle\5.6.4\fileHashes)" [_thread_blocked, id=23844, stack(0x000000001f3c0000,0x000000001f4c0000)]
  0x000000001b426000 JavaThread "Cache worker for journal cache (C:\Users\Perry Lance\.gradle\caches\journal-1)" [_thread_blocked, id=32172, stack(0x000000001cf20000,0x000000001d020000)]
  0x000000001b427800 JavaThread "File lock request listener" [_thread_in_native, id=128, stack(0x000000001ce20000,0x000000001cf20000)]
  0x000000001b424800 JavaThread "Cache worker for file hash cache (C:\Users\Perry Lance\.gradle\caches\5.6.4\fileHashes)" [_thread_blocked, id=34352, stack(0x000000001cd20000,0x000000001ce20000)]
  0x000000001b0c9000 JavaThread "Thread-9" [_thread_blocked, id=28300, stack(0x000000001cc20000,0x000000001cd20000)]
  0x000000001b0d1000 JavaThread "Stdin handler" [_thread_blocked, id=2356, stack(0x000000001cb20000,0x000000001cc20000)]
  0x000000001b183000 JavaThread "Asynchronous log dispatcher for DefaultDaemonConnection: socket connection from /127.0.0.1:54192 to /127.0.0.1:54193" [_thread_blocked, id=12048, stack(0x000000001c920000,0x000000001ca20000)]
  0x000000001b17b800 JavaThread "Daemon worker" [_thread_blocked, id=35764, stack(0x000000001c820000,0x000000001c920000)]
  0x000000001b17a000 JavaThread "Cancel handler" [_thread_blocked, id=29020, stack(0x000000001c720000,0x000000001c820000)]
  0x000000001a3fd000 JavaThread "Handler for socket connection from /127.0.0.1:54192 to /127.0.0.1:54193" [_thread_in_native, id=8756, stack(0x000000001c420000,0x000000001c520000)]
  0x000000001a3f8000 JavaThread "Daemon" [_thread_blocked, id=6232, stack(0x000000001c320000,0x000000001c420000)]
  0x000000001b0f7000 JavaThread "Daemon periodic checks" [_thread_blocked, id=23912, stack(0x000000001c220000,0x000000001c320000)]
  0x000000001b0e4000 JavaThread "Incoming local TCP Connector on port 54192" [_thread_in_native, id=32732, stack(0x000000001c070000,0x000000001c170000)]
  0x000000001afb7800 JavaThread "Daemon health stats" [_thread_blocked, id=27908, stack(0x000000001bd70000,0x000000001be70000)]
  0x00000000188ac000 JavaThread "Service Thread" daemon [_thread_blocked, id=19616, stack(0x00000000193d0000,0x00000000194d0000)]
  0x0000000018877000 JavaThread "C1 CompilerThread3" daemon [_thread_blocked, id=35432, stack(0x00000000192d0000,0x00000000193d0000)]
=>0x0000000018870000 JavaThread "C2 CompilerThread2" daemon [_thread_in_native, id=30304, stack(0x00000000191d0000,0x00000000192d0000)]
  0x000000001880b800 JavaThread "C2 CompilerThread1" daemon [_thread_blocked, id=19140, stack(0x00000000190d0000,0x00000000191d0000)]
  0x0000000018808800 JavaThread "C2 CompilerThread0" daemon [_thread_blocked, id=26560, stack(0x0000000018fd0000,0x00000000190d0000)]
  0x0000000018805800 JavaThread "Attach Listener" daemon [_thread_blocked, id=22384, stack(0x0000000018ed0000,0x0000000018fd0000)]
  0x0000000018804800 JavaThread "Signal Dispatcher" daemon [_thread_blocked, id=21564, stack(0x0000000018dd0000,0x0000000018ed0000)]
  0x0000000002c1c800 JavaThread "Finalizer" daemon [_thread_blocked, id=12264, stack(0x0000000018cd0000,0x0000000018dd0000)]
  0x00000000187f0800 JavaThread "Reference Handler" daemon [_thread_blocked, id=35616, stack(0x0000000018bd0000,0x0000000018cd0000)]
  0x0000000002a1e800 JavaThread "main" [_thread_blocked, id=31788, stack(0x0000000002a20000,0x0000000002b20000)]

Other Threads:
  0x00000000169da000 VMThread [stack: 0x00000000186d0000,0x00000000187d0000] [id=28472]
  0x00000000188ad800 WatcherThread [stack: 0x00000000194d0000,0x00000000195d0000] [id=31528]

VM state:not at safepoint (normal execution)

VM Mutex/Monitor currently owned by a thread: None

heap address: 0x00000000a0000000, size: 1536 MB, Compressed Oops mode: 32-bit
Narrow klass base: 0x0000000000000000, Narrow klass shift: 3
Compressed class space size: 1073741824 Address: 0x0000000100000000

Heap:
 PSYoungGen      total 356864K, used 66344K [0x00000000e0000000, 0x00000000f9780000, 0x0000000100000000)
  eden space 305152K, 8% used [0x00000000e0000000,0x00000000e1a61218,0x00000000f2a00000)
  from space 51712K, 76% used [0x00000000f5f80000,0x00000000f85e90c0,0x00000000f9200000)
  to   space 54784K, 0% used [0x00000000f2a00000,0x00000000f2a00000,0x00000000f5f80000)
 ParOldGen       total 349696K, used 83670K [0x00000000a0000000, 0x00000000b5580000, 0x00000000e0000000)
  object space 349696K, 23% used [0x00000000a0000000,0x00000000a51b5b90,0x00000000b5580000)
 Metaspace       used 91564K, capacity 96458K, committed 96768K, reserved 1132544K
  class space    used 12728K, capacity 13733K, committed 13824K, reserved 1048576K

Card table byte_map: [0x0000000011fe0000,0x00000000122f0000] byte_map_base: 0x0000000011ae0000

Marking Bits: (ParMarkBitMap*) 0x0000000063086d90
 Begin Bits: [0x0000000012cf0000, 0x00000000144f0000)
 End Bits:   [0x00000000144f0000, 0x0000000015cf0000)

Polling page: 0x0000000000800000

CodeCache: size=245760Kb used=46232Kb max_used=46442Kb free=199527Kb
 bounds [0x0000000002c20000, 0x00000000059e0000, 0x0000000011c20000]
 total_blobs=14810 nmethods=13816 adapters=904
 compilation: enabled

Compilation events (10 events):
Event: 34.554 Thread 0x0000000018870000 nmethod 16535 0x00000000052f0610 code [0x00000000052f07e0, 0x00000000052f1730]
Event: 34.554 Thread 0x0000000018870000 16539   !   4       java.io.ObjectOutputStream::writeObject0 (619 bytes)
Event: 34.562 Thread 0x0000000018808800 nmethod 16519 0x0000000004e4b590 code [0x0000000004e4b7c0, 0x0000000004e4dd48]
Event: 34.563 Thread 0x0000000018808800 16538       4       java.net.URL::toExternalForm (9 bytes)
Event: 34.563 Thread 0x0000000018808800 nmethod 16538 0x0000000004e4b290 code [0x0000000004e4b3e0, 0x0000000004e4b488]
Event: 34.563 Thread 0x0000000018808800 16543       4       java.io.ObjectOutputStream$BlockDataOutputStream::setBlockDataMode (35 bytes)
Event: 34.564 Thread 0x0000000018808800 nmethod 16543 0x00000000041dea10 code [0x00000000041deb60, 0x00000000041dec08]
Event: 34.564 Thread 0x0000000018808800 16537       4       java.io.ObjectStreamClass::hasWriteReplaceMethod (17 bytes)
Event: 34.565 Thread 0x0000000018808800 nmethod 16537 0x000000000429cf10 code [0x000000000429d040, 0x000000000429d0d8]
Event: 34.579 Thread 0x000000001880b800 nmethod 16536% 0x00000000050ab610 code [0x00000000050ab800, 0x00000000050acf90]

GC Heap History (10 events):
Event: 16.246 GC heap before
{Heap before GC invocations=13 (full 3):
 PSYoungGen      total 265728K, used 253029K [0x00000000e0000000, 0x00000000f2200000, 0x0000000100000000)
  eden space 239104K, 100% used [0x00000000e0000000,0x00000000ee980000,0x00000000ee980000)
  from space 26624K, 52% used [0x00000000ee980000,0x00000000ef719660,0x00000000f0380000)
  to   space 25600K, 0% used [0x00000000f0900000,0x00000000f0900000,0x00000000f2200000)
 ParOldGen       total 349696K, used 44832K [0x00000000a0000000, 0x00000000b5580000, 0x00000000e0000000)
  object space 349696K, 12% used [0x00000000a0000000,0x00000000a2bc8398,0x00000000b5580000)
 Metaspace       used 65528K, capacity 68196K, committed 68480K, reserved 1107968K
  class space    used 9231K, capacity 9764K, committed 9856K, reserved 1048576K
Event: 16.257 GC heap after
Heap after GC invocations=13 (full 3):
 PSYoungGen      total 271872K, used 15736K [0x00000000e0000000, 0x00000000f3300000, 0x0000000100000000)
  eden space 246272K, 0% used [0x00000000e0000000,0x00000000e0000000,0x00000000ef080000)
  from space 25600K, 61% used [0x00000000f0900000,0x00000000f185e2e0,0x00000000f2200000)
  to   space 25088K, 0% used [0x00000000ef080000,0x00000000ef080000,0x00000000f0900000)
 ParOldGen       total 349696K, used 44840K [0x00000000a0000000, 0x00000000b5580000, 0x00000000e0000000)
  object space 349696K, 12% used [0x00000000a0000000,0x00000000a2bca398,0x00000000b5580000)
 Metaspace       used 65528K, capacity 68196K, committed 68480K, reserved 1107968K
  class space    used 9231K, capacity 9764K, committed 9856K, reserved 1048576K
}
Event: 18.906 GC heap before
{Heap before GC invocations=14 (full 3):
 PSYoungGen      total 271872K, used 262008K [0x00000000e0000000, 0x00000000f3300000, 0x0000000100000000)
  eden space 246272K, 100% used [0x00000000e0000000,0x00000000ef080000,0x00000000ef080000)
  from space 25600K, 61% used [0x00000000f0900000,0x00000000f185e2e0,0x00000000f2200000)
  to   space 25088K, 0% used [0x00000000ef080000,0x00000000ef080000,0x00000000f0900000)
 ParOldGen       total 349696K, used 44840K [0x00000000a0000000, 0x00000000b5580000, 0x00000000e0000000)
  object space 349696K, 12% used [0x00000000a0000000,0x00000000a2bca398,0x00000000b5580000)
 Metaspace       used 72351K, capacity 75356K, committed 75520K, reserved 1114112K
  class space    used 10077K, capacity 10696K, committed 10752K, reserved 1048576K
Event: 18.932 GC heap after
Heap after GC invocations=14 (full 3):
 PSYoungGen      total 271360K, used 25056K [0x00000000e0000000, 0x00000000f4d80000, 0x0000000100000000)
  eden space 246272K, 0% used [0x00000000e0000000,0x00000000e0000000,0x00000000ef080000)
  from space 25088K, 99% used [0x00000000ef080000,0x00000000f08f8370,0x00000000f0900000)
  to   space 34304K, 0% used [0x00000000f2c00000,0x00000000f2c00000,0x00000000f4d80000)
 ParOldGen       total 349696K, used 62319K [0x00000000a0000000, 0x00000000b5580000, 0x00000000e0000000)
  object space 349696K, 17% used [0x00000000a0000000,0x00000000a3cdbfc8,0x00000000b5580000)
 Metaspace       used 72351K, capacity 75356K, committed 75520K, reserved 1114112K
  class space    used 10077K, capacity 10696K, committed 10752K, reserved 1048576K
}
Event: 23.383 GC heap before
{Heap before GC invocations=15 (full 3):
 PSYoungGen      total 271360K, used 271328K [0x00000000e0000000, 0x00000000f4d80000, 0x0000000100000000)
  eden space 246272K, 100% used [0x00000000e0000000,0x00000000ef080000,0x00000000ef080000)
  from space 25088K, 99% used [0x00000000ef080000,0x00000000f08f8370,0x00000000f0900000)
  to   space 34304K, 0% used [0x00000000f2c00000,0x00000000f2c00000,0x00000000f4d80000)
 ParOldGen       total 349696K, used 62319K [0x00000000a0000000, 0x00000000b5580000, 0x00000000e0000000)
  object space 349696K, 17% used [0x00000000a0000000,0x00000000a3cdbfc8,0x00000000b5580000)
 Metaspace       used 75176K, capacity 78408K, committed 78720K, reserved 1116160K
  class space    used 10399K, capacity 11054K, committed 11136K, reserved 1048576K
Event: 23.415 GC heap after
Heap after GC invocations=15 (full 3):
 PSYoungGen      total 301568K, used 34283K [0x00000000e0000000, 0x00000000f5700000, 0x0000000100000000)
  eden space 267264K, 0% used [0x00000000e0000000,0x00000000e0000000,0x00000000f0500000)
  from space 34304K, 99% used [0x00000000f2c00000,0x00000000f4d7af68,0x00000000f4d80000)
  to   space 39936K, 0% used [0x00000000f0500000,0x00000000f0500000,0x00000000f2c00000)
 ParOldGen       total 349696K, used 66160K [0x00000000a0000000, 0x00000000b5580000, 0x00000000e0000000)
  object space 349696K, 18% used [0x00000000a0000000,0x00000000a409c3d8,0x00000000b5580000)
 Metaspace       used 75176K, capacity 78408K, committed 78720K, reserved 1116160K
  class space    used 10399K, capacity 11054K, committed 11136K, reserved 1048576K
}
Event: 25.608 GC heap before
{Heap before GC invocations=16 (full 3):
 PSYoungGen      total 301568K, used 301547K [0x00000000e0000000, 0x00000000f5700000, 0x0000000100000000)
  eden space 267264K, 100% used [0x00000000e0000000,0x00000000f0500000,0x00000000f0500000)
  from space 34304K, 99% used [0x00000000f2c00000,0x00000000f4d7af68,0x00000000f4d80000)
  to   space 39936K, 0% used [0x00000000f0500000,0x00000000f0500000,0x00000000f2c00000)
 ParOldGen       total 349696K, used 66160K [0x00000000a0000000, 0x00000000b5580000, 0x00000000e0000000)
  object space 349696K, 18% used [0x00000000a0000000,0x00000000a409c3d8,0x00000000b5580000)
 Metaspace       used 87185K, capacity 91918K, committed 92160K, reserved 1128448K
  class space    used 12197K, capacity 13203K, committed 13312K, reserved 1048576K
Event: 25.679 GC heap after
Heap after GC invocations=16 (full 3):
 PSYoungGen      total 307200K, used 39914K [0x00000000e0000000, 0x00000000f9200000, 0x0000000100000000)
  eden space 267264K, 0% used [0x00000000e0000000,0x00000000e0000000,0x00000000f0500000)
  from space 39936K, 99% used [0x00000000f0500000,0x00000000f2bfab88,0x00000000f2c00000)
  to   space 51712K, 0% used [0x00000000f5f80000,0x00000000f5f80000,0x00000000f9200000)
 ParOldGen       total 349696K, used 82495K [0x00000000a0000000, 0x00000000b5580000, 0x00000000e0000000)
  object space 349696K, 23% used [0x00000000a0000000,0x00000000a508fd50,0x00000000b5580000)
 Metaspace       used 87185K, capacity 91918K, committed 92160K, reserved 1128448K
  class space    used 12197K, capacity 13203K, committed 13312K, reserved 1048576K
}
Event: 28.144 GC heap before
{Heap before GC invocations=17 (full 3):
 PSYoungGen      total 307200K, used 307178K [0x00000000e0000000, 0x00000000f9200000, 0x0000000100000000)
  eden space 267264K, 100% used [0x00000000e0000000,0x00000000f0500000,0x00000000f0500000)
  from space 39936K, 99% used [0x00000000f0500000,0x00000000f2bfab88,0x00000000f2c00000)
  to   space 51712K, 0% used [0x00000000f5f80000,0x00000000f5f80000,0x00000000f9200000)
 ParOldGen       total 349696K, used 82495K [0x00000000a0000000, 0x00000000b5580000, 0x00000000e0000000)
  object space 349696K, 23% used [0x00000000a0000000,0x00000000a508fd50,0x00000000b5580000)
 Metaspace       used 89607K, capacity 94358K, committed 94592K, reserved 1130496K
  class space    used 12441K, capacity 13433K, committed 13440K, reserved 1048576K
Event: 28.179 GC heap after
Heap after GC invocations=17 (full 3):
 PSYoungGen      total 356864K, used 39332K [0x00000000e0000000, 0x00000000f9780000, 0x0000000100000000)
  eden space 305152K, 0% used [0x00000000e0000000,0x00000000e0000000,0x00000000f2a00000)
  from space 51712K, 76% used [0x00000000f5f80000,0x00000000f85e90c0,0x00000000f9200000)
  to   space 54784K, 0% used [0x00000000f2a00000,0x00000000f2a00000,0x00000000f5f80000)
 ParOldGen       total 349696K, used 83670K [0x00000000a0000000, 0x00000000b5580000, 0x00000000e0000000)
  object space 349696K, 23% used [0x00000000a0000000,0x00000000a51b5b90,0x00000000b5580000)
 Metaspace       used 89607K, capacity 94358K, committed 94592K, reserved 1130496K
  class space    used 12441K, capacity 13433K, committed 13440K, reserved 1048576K
}

Deoptimization events (10 events):
Event: 34.475 Thread 0x0000000020359800 Uncommon trap: reason=class_check action=maybe_recompile pc=0x0000000003219c44 method=java.io.ObjectInputStream$PeekInputStream.read()I @ 23
Event: 34.477 Thread 0x0000000020359800 Uncommon trap: reason=unstable_if action=reinterpret pc=0x00000000044f88e8 method=java.io.ObjectInputStream$BlockDataInputStream.readUnsignedShort()I @ 4
Event: 34.477 Thread 0x0000000020359800 Uncommon trap: reason=class_check action=maybe_recompile pc=0x000000000365d138 method=java.io.ObjectInputStream$PeekInputStream.read()I @ 23
Event: 34.478 Thread 0x0000000020359800 Uncommon trap: reason=class_check action=maybe_recompile pc=0x0000000004d06d18 method=java.io.ObjectInputStream$PeekInputStream.peek()I @ 17
Event: 34.485 Thread 0x0000000020359800 Uncommon trap: reason=class_check action=maybe_recompile pc=0x00000000050f3e08 method=java.io.ObjectOutputStream$BlockDataOutputStream.drain()V @ 36
Event: 34.489 Thread 0x0000000020359800 Uncommon trap: reason=unstable_if action=reinterpret pc=0x0000000004a2bbdc method=java.io.ObjectInputStream.filterCheck(Ljava/lang/Class;I)V @ 4
Event: 34.491 Thread 0x0000000020359800 Uncommon trap: reason=predicate action=maybe_recompile pc=0x0000000004cfa90c method=java.io.ObjectInputStream$BlockDataInputStream.readFully([BIIZ)V @ 4
Event: 34.550 Thread 0x000000001e5c5800 Uncommon trap: reason=class_check action=maybe_recompile pc=0x0000000003aab6bc method=java.lang.ThreadLocal.set(Ljava/lang/Object;)V @ 26
Event: 34.550 Thread 0x000000001e5c5800 Uncommon trap: reason=unstable_if action=reinterpret pc=0x00000000048e97b4 method=java.io.BufferedInputStream.fill()V @ 9
Event: 34.552 Thread 0x000000001e5c5800 Uncommon trap: reason=unstable_if action=reinterpret pc=0x0000000004cfe0fc method=java.io.ObjectInputStream.filterCheck(Ljava/lang/Class;I)V @ 4

Classes redefined (0 events):
No events

Internal exceptions (10 events):
Event: 34.478 Thread 0x0000000020359800 Exception <a 'java/lang/NoSuchMethodError': <clinit>> (0x00000000e12c8458) thrown at [C:\re\workspace\8-2-build-windows-amd64-cygwin\jdk8u231\13620\hotspot\src\share\vm\prims\jni.cpp, line 1614]
Event: 34.485 Thread 0x0000000020359800 Exception <a 'java/lang/NoSuchMethodError': <clinit>> (0x00000000e12e0d48) thrown at [C:\re\workspace\8-2-build-windows-amd64-cygwin\jdk8u231\13620\hotspot\src\share\vm\prims\jni.cpp, line 1614]
Event: 34.487 Thread 0x0000000020359800 Exception <a 'java/lang/NoSuchMethodError': <clinit>> (0x00000000e1307d58) thrown at [C:\re\workspace\8-2-build-windows-amd64-cygwin\jdk8u231\13620\hotspot\src\share\vm\prims\jni.cpp, line 1614]
Event: 34.493 Thread 0x000000001e5cb800 Exception <a 'java/lang/InterruptedException'> (0x00000000e1386b98) thrown at [C:\re\workspace\8-2-build-windows-amd64-cygwin\jdk8u231\13620\hotspot\src\share\vm\runtime\objectMonitor.cpp, line 1684]
Event: 34.500 Thread 0x0000000020359800 Exception <a 'java/lang/NoSuchMethodError': <clinit>> (0x00000000e13c0330) thrown at [C:\re\workspace\8-2-build-windows-amd64-cygwin\jdk8u231\13620\hotspot\src\share\vm\prims\jni.cpp, line 1614]
Event: 34.501 Thread 0x0000000020359800 Exception <a 'java/lang/NoSuchMethodError': <clinit>> (0x00000000e13ce3b0) thrown at [C:\re\workspace\8-2-build-windows-amd64-cygwin\jdk8u231\13620\hotspot\src\share\vm\prims\jni.cpp, line 1614]
Event: 34.502 Thread 0x0000000020359800 Exception <a 'java/lang/NoSuchMethodError': <clinit>> (0x00000000e13e16e8) thrown at [C:\re\workspace\8-2-build-windows-amd64-cygwin\jdk8u231\13620\hotspot\src\share\vm\prims\jni.cpp, line 1614]
Event: 34.509 Thread 0x0000000020359800 Exception <a 'java/lang/NoSuchMethodError': <clinit>> (0x00000000e1442c40) thrown at [C:\re\workspace\8-2-build-windows-amd64-cygwin\jdk8u231\13620\hotspot\src\share\vm\prims\jni.cpp, line 1614]
Event: 34.533 Thread 0x0000000020359800 Exception <a 'java/lang/NoSuchMethodError': <clinit>> (0x00000000e15adba0) thrown at [C:\re\workspace\8-2-build-windows-amd64-cygwin\jdk8u231\13620\hotspot\src\share\vm\prims\jni.cpp, line 1614]
Event: 34.536 Thread 0x0000000020359800 Exception <a 'java/lang/NoSuchMethodError': <clinit>> (0x00000000e16f5bc0) thrown at [C:\re\workspace\8-2-build-windows-amd64-cygwin\jdk8u231\13620\hotspot\src\share\vm\prims\jni.cpp, line 1614]

Events (10 events):
Event: 34.552 Executing VM operation: RevokeBias done
Event: 34.552 Thread 0x000000001e5c5800 Uncommon trap: trap_request=0xffffff65 fr.pc=0x0000000004cfe0fc
Event: 34.552 Thread 0x000000001e5c5800 DEOPT PACKING pc=0x0000000004cfe0fc sp=0x000000002be9c930
Event: 34.552 Thread 0x000000001e5c5800 DEOPT UNPACKING pc=0x0000000002c6583b sp=0x000000002be9c8a0 mode 2
Event: 34.553 loading class sun/rmi/transport/DGCImpl$LeaseInfo
Event: 34.553 loading class sun/rmi/transport/DGCImpl$LeaseInfo done
Event: 34.553 loading class sun/rmi/transport/DGCImpl$1
Event: 34.553 loading class sun/rmi/transport/DGCImpl$1 done
Event: 34.553 loading class sun/rmi/transport/SequenceEntry
Event: 34.553 loading class sun/rmi/transport/SequenceEntry done


Dynamic libraries:
0x00007ff6186b0000 - 0x00007ff6186e7000 	C:\Program Files\Java\jdk1.8.0_231\bin\java.exe
0x00007ffc04c00000 - 0x00007ffc04df0000 	C:\Windows\SYSTEM32\ntdll.dll
0x00007ffc03d30000 - 0x00007ffc03de2000 	C:\Windows\System32\KERNEL32.DLL
0x00007ffc02680000 - 0x00007ffc02925000 	C:\Windows\System32\KERNELBASE.dll
0x00007ffc03f60000 - 0x00007ffc04003000 	C:\Windows\System32\ADVAPI32.dll
0x00007ffc03770000 - 0x00007ffc0380e000 	C:\Windows\System32\msvcrt.dll
0x00007ffc04010000 - 0x00007ffc040a7000 	C:\Windows\System32\sechost.dll
0x00007ffc02e40000 - 0x00007ffc02f60000 	C:\Windows\System32\RPCRT4.dll
0x00007ffc03880000 - 0x00007ffc03a14000 	C:\Windows\System32\USER32.dll
0x00007ffc01ed0000 - 0x00007ffc01ef1000 	C:\Windows\System32\win32u.dll
0x00007ffc02db0000 - 0x00007ffc02dd6000 	C:\Windows\System32\GDI32.dll
0x00007ffc01c30000 - 0x00007ffc01dc6000 	C:\Windows\System32\gdi32full.dll
0x00007ffc01b90000 - 0x00007ffc01c2e000 	C:\Windows\System32\msvcp_win.dll
0x00007ffc02a80000 - 0x00007ffc02b7a000 	C:\Windows\System32\ucrtbase.dll
0x00007ffbf5250000 - 0x00007ffbf54d4000 	C:\Windows\WinSxS\amd64_microsoft.windows.common-controls_6595b64144ccf1df_6.0.18362.1139_none_9e7bf2d3e4605ac6\COMCTL32.dll
0x00007ffc04880000 - 0x00007ffc04bb5000 	C:\Windows\System32\combase.dll
0x00007ffc02c30000 - 0x00007ffc02cb0000 	C:\Windows\System32\bcryptPrimitives.dll
0x00007ffc02d80000 - 0x00007ffc02dae000 	C:\Windows\System32\IMM32.DLL
0x0000000068b40000 - 0x0000000068c12000 	C:\Program Files\Java\jdk1.8.0_231\jre\bin\msvcr100.dll
0x0000000062860000 - 0x0000000063106000 	C:\Program Files\Java\jdk1.8.0_231\jre\bin\server\jvm.dll
0x00007ffc03df0000 - 0x00007ffc03df8000 	C:\Windows\System32\PSAPI.DLL
0x00007ffbe18a0000 - 0x00007ffbe18a9000 	C:\Windows\SYSTEM32\WSOCK32.dll
0x00007ffbfe750000 - 0x00007ffbfe774000 	C:\Windows\SYSTEM32\WINMM.dll
0x00007ffbf9220000 - 0x00007ffbf922a000 	C:\Windows\SYSTEM32\VERSION.dll
0x00007ffc03810000 - 0x00007ffc0387f000 	C:\Windows\System32\WS2_32.dll
0x00007ffbfe720000 - 0x00007ffbfe74d000 	C:\Windows\SYSTEM32\winmmbase.dll
0x00007ffc01dd0000 - 0x00007ffc01e1a000 	C:\Windows\System32\cfgmgr32.dll
0x00007ffbf0630000 - 0x00007ffbf063f000 	C:\Program Files\Java\jdk1.8.0_231\jre\bin\verify.dll
0x00007ffbe9a10000 - 0x00007ffbe9a39000 	C:\Program Files\Java\jdk1.8.0_231\jre\bin\java.dll
0x00007ffbef4f0000 - 0x00007ffbef506000 	C:\Program Files\Java\jdk1.8.0_231\jre\bin\zip.dll
0x00007ffc02f60000 - 0x00007ffc03647000 	C:\Windows\System32\SHELL32.dll
0x00007ffc036c0000 - 0x00007ffc03769000 	C:\Windows\System32\shcore.dll
0x00007ffc01f00000 - 0x00007ffc02680000 	C:\Windows\System32\windows.storage.dll
0x00007ffc01b40000 - 0x00007ffc01b63000 	C:\Windows\System32\profapi.dll
0x00007ffc01af0000 - 0x00007ffc01b3a000 	C:\Windows\System32\powrprof.dll
0x00007ffc01ac0000 - 0x00007ffc01ad0000 	C:\Windows\System32\UMPDC.dll
0x00007ffc042e0000 - 0x00007ffc04332000 	C:\Windows\System32\shlwapi.dll
0x00007ffc01ad0000 - 0x00007ffc01ae1000 	C:\Windows\System32\kernel.appcore.dll
0x00007ffc02be0000 - 0x00007ffc02bf7000 	C:\Windows\System32\cryptsp.dll
0x00007ffbee600000 - 0x00007ffbee61a000 	C:\Program Files\Java\jdk1.8.0_231\jre\bin\net.dll
0x00007ffc01310000 - 0x00007ffc01377000 	C:\Windows\system32\mswsock.dll
0x00007ffbee330000 - 0x00007ffbee342000 	C:\Program Files\Java\jdk1.8.0_231\jre\bin\nio.dll
0x00007ffbf6350000 - 0x00007ffbf6376000 	C:\Users\Perry Lance\.gradle\native\30\windows-amd64\native-platform.dll
0x00007ffbef870000 - 0x00007ffbef87d000 	C:\Program Files\Java\jdk1.8.0_231\jre\bin\management.dll
0x00007ffc00e80000 - 0x00007ffc00eb3000 	C:\Windows\system32\rsaenh.dll
0x00007ffc02c00000 - 0x00007ffc02c26000 	C:\Windows\System32\bcrypt.dll
0x00007ffc019e0000 - 0x00007ffc01a05000 	C:\Windows\SYSTEM32\USERENV.dll
0x00007ffc014e0000 - 0x00007ffc014ec000 	C:\Windows\SYSTEM32\CRYPTBASE.dll
0x00007ffc01020000 - 0x00007ffc0105a000 	C:\Windows\SYSTEM32\IPHLPAPI.DLL
0x00007ffc03bb0000 - 0x00007ffc03bb8000 	C:\Windows\System32\NSI.dll
0x00007ffbfa260000 - 0x00007ffbfa276000 	C:\Windows\SYSTEM32\dhcpcsvc6.DLL
0x00007ffbfa3e0000 - 0x00007ffbfa3fc000 	C:\Windows\SYSTEM32\dhcpcsvc.DLL
0x00007ffc01060000 - 0x00007ffc0112b000 	C:\Windows\SYSTEM32\DNSAPI.dll
0x00007ffbd1520000 - 0x00007ffbd16ba000 	C:\Program Files\Java\jdk1.8.0_231\jre\bin\awt.dll
0x00007ffc047b0000 - 0x00007ffc04875000 	C:\Windows\System32\OLEAUT32.dll
0x00007ffbffc30000 - 0x00007ffbffcbf000 	C:\Windows\SYSTEM32\apphelp.dll
0x00007ffc00b00000 - 0x00007ffc00b31000 	C:\Windows\SYSTEM32\ntmarta.dll
0x00007ffc00240000 - 0x00007ffc0026d000 	C:\Windows\system32\DWMAPI.DLL
0x00007ffbffe10000 - 0x00007ffbffea9000 	C:\Windows\system32\uxtheme.dll
0x00007ffbe3d20000 - 0x00007ffbe3d4a000 	C:\Program Files\Java\jdk1.8.0_231\jre\bin\dcpr.dll

VM Arguments:
jvm_args: -Xmx1536m -Dfile.encoding=GBK -Duser.country=CN -Duser.language=zh -Duser.variant 
java_command: org.gradle.launcher.daemon.bootstrap.GradleDaemon 5.6.4
java_class_path (initial): C:\Users\Perry Lance\.gradle\wrapper\dists\gradle-5.6.4-all\ankdp27end7byghfw1q2sw75f\gradle-5.6.4\lib\gradle-launcher-5.6.4.jar
Launcher Type: SUN_STANDARD

Environment Variables:
JAVA_HOME=C:\Program Files\Java\jdk1.8.0_231
CLASSPATH=E:\Android\ExpandView\\gradle\wrapper\gradle-wrapper.jar
PATH=C:\Program Files (x86)\Common Files\Oracle\Java\javapath;C:\Program Files (x86)\Common Files\Intel\Shared Libraries\redist\intel64\compiler;C:\Windows\system32;C:\Windows;C:\Windows\System32\Wbem;C:\Windows\System32\WindowsPowerShell\v1.0\;C:\Windows\System32\OpenSSH\;C:\Program Files\Java\jdk1.8.0_231\bin;D:\Tomcat\apache-tomcat-9.0.34\lib;D:\Tomcat\apache-tomcat-9.0.34\bin;D:\Git\cmd;D:\TortoiseSVN\bin;C:\Users\Perry Lance\AppData\Local\Microsoft\WindowsApps;D:\Microsoft VS Code\bin;C:\Users\Perry Lance\AppData\Local\GitHubDesktop\bin
USERNAME=Perry Lance
OS=Windows_NT
PROCESSOR_IDENTIFIER=Intel64 Family 6 Model 60 Stepping 3, GenuineIntel



---------------  S Y S T E M  ---------------

OS: Windows 10.0 , 64 bit Build 18362 (10.0.18362.1110)

CPU:total 8 (initial active 8) (4 cores per cpu, 2 threads per core) family 6 model 60 stepping 3, cmov, cx8, fxsr, mmx, sse, sse2, sse3, ssse3, sse4.1, sse4.2, popcnt, avx, avx2, aes, clmul, erms, lzcnt, ht, tsc, tscinvbit, bmi1, bmi2

Memory: 4k page, physical 20851672k(3232396k free), swap 57012672k(5252k free)

vm_info: Java HotSpot(TM) 64-Bit Server VM (25.231-b11) for windows-amd64 JRE (1.8.0_231-b11), built on Oct  5 2019 03:11:30 by "java_re" with MS VC++ 10.0 (VS2010)

time: Fri Oct 23 16:55:55 2020
timezone: 中国标准时间
elapsed time: 34 seconds (0d 0h 0m 34s)

